2025-06-12 08:37:53.161 [http-nio-8080-exec-32] WARN  o.s.w.s.m.m.a.ExceptionHandlerExceptionResolver - Resolved [java.lang.NullPointerException: Cannot invoke "java.lang.Integer.intValue()" because the return value of "com.project.travel.domain.Favorite.getPageNumber()" is null]
2025-06-12 08:37:53.278 [http-nio-8080-exec-34] WARN  o.s.w.s.m.m.a.ExceptionHandlerExceptionResolver - Resolved [org.springframework.jdbc.BadSqlGrammarException: 
### Error querying database.  Cause: java.sql.SQLSyntaxErrorException: Unknown column 'line_id' in 'field list'
### The error may exist in com/project/travel/mapper/AttractionOrdermapper.java (best guess)
### The error may involve defaultParameterMap
### The error occurred while setting parameters
### SQL: SELECT line_id, COUNT(*) AS order_count FROM attraction_order WHERE line_id IS NOT NULL GROUP BY line_id
### Cause: java.sql.SQLSyntaxErrorException: Unknown column 'line_id' in 'field list'
; bad SQL grammar []; nested exception is java.sql.SQLSyntaxErrorException: Unknown column 'line_id' in 'field list']
2025-06-12 08:37:53.975 [http-nio-8080-exec-42] WARN  o.s.w.s.m.m.a.ExceptionHandlerExceptionResolver - Resolved [java.lang.NullPointerException: Cannot invoke "java.lang.Integer.intValue()" because the return value of "com.project.travel.domain.Favorite.getPageNumber()" is null]
2025-06-12 08:37:53.992 [http-nio-8080-exec-40] WARN  o.s.w.s.m.m.a.ExceptionHandlerExceptionResolver - Resolved [org.springframework.jdbc.BadSqlGrammarException: 
### Error querying database.  Cause: java.sql.SQLSyntaxErrorException: Unknown column 'line_id' in 'field list'
### The error may exist in com/project/travel/mapper/AttractionOrdermapper.java (best guess)
### The error may involve defaultParameterMap
### The error occurred while setting parameters
### SQL: SELECT line_id, COUNT(*) AS order_count FROM attraction_order WHERE line_id IS NOT NULL GROUP BY line_id
### Cause: java.sql.SQLSyntaxErrorException: Unknown column 'line_id' in 'field list'
; bad SQL grammar []; nested exception is java.sql.SQLSyntaxErrorException: Unknown column 'line_id' in 'field list']
2025-06-12 08:38:01.046 [http-nio-8080-exec-66] WARN  o.s.w.s.m.m.a.ExceptionHandlerExceptionResolver - Resolved [org.springframework.jdbc.BadSqlGrammarException: 
### Error querying database.  Cause: java.sql.SQLSyntaxErrorException: Unknown column 'line_id' in 'field list'
### The error may exist in com/project/travel/mapper/AttractionOrdermapper.java (best guess)
### The error may involve defaultParameterMap
### The error occurred while setting parameters
### SQL: SELECT line_id, COUNT(*) AS order_count FROM attraction_order WHERE line_id IS NOT NULL GROUP BY line_id
### Cause: java.sql.SQLSyntaxErrorException: Unknown column 'line_id' in 'field list'
; bad SQL grammar []; nested exception is java.sql.SQLSyntaxErrorException: Unknown column 'line_id' in 'field list']
2025-06-12 08:38:01.971 [http-nio-8080-exec-67] WARN  o.s.w.s.m.m.a.ExceptionHandlerExceptionResolver - Resolved [org.springframework.jdbc.BadSqlGrammarException: 
### Error querying database.  Cause: java.sql.SQLSyntaxErrorException: Unknown column 'line_id' in 'field list'
### The error may exist in com/project/travel/mapper/AttractionOrdermapper.java (best guess)
### The error may involve defaultParameterMap
### The error occurred while setting parameters
### SQL: SELECT line_id, COUNT(*) AS order_count FROM attraction_order WHERE line_id IS NOT NULL GROUP BY line_id
### Cause: java.sql.SQLSyntaxErrorException: Unknown column 'line_id' in 'field list'
; bad SQL grammar []; nested exception is java.sql.SQLSyntaxErrorException: Unknown column 'line_id' in 'field list']
2025-06-12 08:40:14.693 [restartedMain] WARN  o.s.b.w.s.c.AnnotationConfigServletWebServerApplicationContext - Exception encountered during context initialization - cancelling refresh attempt: org.springframework.beans.factory.BeanCreationException: Error creating bean with name 'sqlSessionFactory' defined in class path resource [com/baomidou/mybatisplus/autoconfigure/MybatisPlusAutoConfiguration.class]: Bean instantiation via factory method failed; nested exception is org.springframework.beans.BeanInstantiationException: Failed to instantiate [org.apache.ibatis.session.SqlSessionFactory]: Factory method 'sqlSessionFactory' threw exception; nested exception is org.springframework.core.NestedIOException: Failed to parse mapping resource: 'file [C:\Users\qiqi\OneDrive\Desktop\code\Enterprise_level_architecture\t\travel-server\target\classes\mapper\user\ApeUserMapper.xml]'; nested exception is org.apache.ibatis.builder.BuilderException: Error parsing Mapper XML. The XML location is 'file [C:\Users\qiqi\OneDrive\Desktop\code\Enterprise_level_architecture\t\travel-server\target\classes\mapper\user\ApeUserMapper.xml]'. Cause: org.apache.ibatis.builder.BuilderException: Error resolving class. Cause: org.apache.ibatis.type.TypeException: Could not resolve type alias 'user'.  Cause: java.lang.ClassNotFoundException: Cannot find class: user
2025-06-12 08:42:37.350 [restartedMain] WARN  o.s.b.w.s.c.AnnotationConfigServletWebServerApplicationContext - Exception encountered during context initialization - cancelling refresh attempt: org.springframework.beans.factory.BeanCreationException: Error creating bean with name 'sqlSessionFactory' defined in class path resource [com/baomidou/mybatisplus/autoconfigure/MybatisPlusAutoConfiguration.class]: Bean instantiation via factory method failed; nested exception is org.springframework.beans.BeanInstantiationException: Failed to instantiate [org.apache.ibatis.session.SqlSessionFactory]: Factory method 'sqlSessionFactory' threw exception; nested exception is org.springframework.core.NestedIOException: Failed to parse mapping resource: 'file [C:\Users\qiqi\OneDrive\Desktop\code\Enterprise_level_architecture\t\travel-server\target\classes\mapper\user\ApeUserMapper.xml]'; nested exception is org.apache.ibatis.builder.BuilderException: Error parsing Mapper XML. The XML location is 'file [C:\Users\qiqi\OneDrive\Desktop\code\Enterprise_level_architecture\t\travel-server\target\classes\mapper\user\ApeUserMapper.xml]'. Cause: org.apache.ibatis.builder.BuilderException: Error resolving class. Cause: org.apache.ibatis.type.TypeException: Could not resolve type alias 'user'.  Cause: java.lang.ClassNotFoundException: Cannot find class: user
2025-06-12 18:32:57.958 [http-nio-8081-exec-1] WARN  o.s.w.s.m.m.a.ExceptionHandlerExceptionResolver - Resolved [org.springframework.data.redis.RedisConnectionFailureException: Unable to connect to Redis; nested exception is org.springframework.data.redis.connection.PoolException: Could not get a resource from the pool; nested exception is io.lettuce.core.RedisConnectionException: Unable to connect to localhost/<unresolved>:6379]
2025-06-12 18:33:15.890 [http-nio-8081-exec-2] WARN  o.s.w.s.m.m.a.ExceptionHandlerExceptionResolver - Resolved [org.springframework.data.redis.RedisConnectionFailureException: Unable to connect to Redis; nested exception is org.springframework.data.redis.connection.PoolException: Could not get a resource from the pool; nested exception is io.lettuce.core.RedisConnectionException: Unable to connect to localhost/<unresolved>:6379]
2025-06-12 18:35:25.560 [http-nio-8081-exec-6] WARN  o.s.w.s.m.m.a.ExceptionHandlerExceptionResolver - Resolved [java.lang.NullPointerException: Cannot invoke "java.lang.Integer.intValue()" because the return value of "com.project.travel.domain.Favorite.getPageNumber()" is null]
2025-06-12 18:35:25.640 [http-nio-8081-exec-8] WARN  o.s.w.s.m.m.a.ExceptionHandlerExceptionResolver - Resolved [org.springframework.jdbc.BadSqlGrammarException: 
### Error querying database.  Cause: java.sql.SQLSyntaxErrorException: Unknown column 'line_id' in 'field list'
### The error may exist in com/project/travel/mapper/AttractionOrdermapper.java (best guess)
### The error may involve defaultParameterMap
### The error occurred while setting parameters
### SQL: SELECT line_id, COUNT(*) AS order_count FROM attraction_order WHERE line_id IS NOT NULL GROUP BY line_id
### Cause: java.sql.SQLSyntaxErrorException: Unknown column 'line_id' in 'field list'
; bad SQL grammar []; nested exception is java.sql.SQLSyntaxErrorException: Unknown column 'line_id' in 'field list']
2025-06-12 18:35:34.973 [http-nio-8081-exec-21] WARN  o.s.w.s.m.m.a.ExceptionHandlerExceptionResolver - Resolved [java.lang.NullPointerException: Cannot invoke "java.lang.Integer.intValue()" because the return value of "com.project.travel.domain.Favorite.getPageNumber()" is null]
2025-06-12 18:35:34.982 [http-nio-8081-exec-20] WARN  o.s.w.s.m.m.a.ExceptionHandlerExceptionResolver - Resolved [org.springframework.jdbc.BadSqlGrammarException: 
### Error querying database.  Cause: java.sql.SQLSyntaxErrorException: Unknown column 'line_id' in 'field list'
### The error may exist in com/project/travel/mapper/AttractionOrdermapper.java (best guess)
### The error may involve defaultParameterMap
### The error occurred while setting parameters
### SQL: SELECT line_id, COUNT(*) AS order_count FROM attraction_order WHERE line_id IS NOT NULL GROUP BY line_id
### Cause: java.sql.SQLSyntaxErrorException: Unknown column 'line_id' in 'field list'
; bad SQL grammar []; nested exception is java.sql.SQLSyntaxErrorException: Unknown column 'line_id' in 'field list']
2025-06-12 18:35:40.585 [http-nio-8081-exec-29] WARN  o.s.w.s.m.m.a.ExceptionHandlerExceptionResolver - Resolved [org.springframework.jdbc.BadSqlGrammarException: 
### Error querying database.  Cause: java.sql.SQLSyntaxErrorException: Unknown column 'line_id' in 'field list'
### The error may exist in com/project/travel/mapper/AttractionOrdermapper.java (best guess)
### The error may involve defaultParameterMap
### The error occurred while setting parameters
### SQL: SELECT line_id, COUNT(*) AS order_count FROM attraction_order WHERE line_id IS NOT NULL GROUP BY line_id
### Cause: java.sql.SQLSyntaxErrorException: Unknown column 'line_id' in 'field list'
; bad SQL grammar []; nested exception is java.sql.SQLSyntaxErrorException: Unknown column 'line_id' in 'field list']
2025-06-12 18:35:51.734 [http-nio-8081-exec-58] WARN  o.s.w.s.m.m.a.ExceptionHandlerExceptionResolver - Resolved [java.lang.NullPointerException: Cannot invoke "java.lang.Integer.intValue()" because the return value of "com.project.travel.domain.Favorite.getPageNumber()" is null]
2025-06-12 18:35:51.741 [http-nio-8081-exec-60] WARN  o.s.w.s.m.m.a.ExceptionHandlerExceptionResolver - Resolved [org.springframework.jdbc.BadSqlGrammarException: 
### Error querying database.  Cause: java.sql.SQLSyntaxErrorException: Unknown column 'line_id' in 'field list'
### The error may exist in com/project/travel/mapper/AttractionOrdermapper.java (best guess)
### The error may involve defaultParameterMap
### The error occurred while setting parameters
### SQL: SELECT line_id, COUNT(*) AS order_count FROM attraction_order WHERE line_id IS NOT NULL GROUP BY line_id
### Cause: java.sql.SQLSyntaxErrorException: Unknown column 'line_id' in 'field list'
; bad SQL grammar []; nested exception is java.sql.SQLSyntaxErrorException: Unknown column 'line_id' in 'field list']
2025-06-12 18:40:20.559 [http-nio-8081-exec-3] WARN  o.s.w.s.m.m.a.ExceptionHandlerExceptionResolver - Resolved [org.springframework.cglib.core.CodeGenerationException: java.lang.LinkageError-->loader 'app' attempted duplicate class definition for com.baomidou.mybatisplus.extension.service.IService$$FastClassBySpringCGLIB$$f8525d18. (com.baomidou.mybatisplus.extension.service.IService$$FastClassBySpringCGLIB$$f8525d18 is in unnamed module of loader 'app')]
2025-06-12 18:40:20.559 [http-nio-8081-exec-5] WARN  o.s.w.s.m.m.a.ExceptionHandlerExceptionResolver - Resolved [org.springframework.cglib.core.CodeGenerationException: java.lang.LinkageError-->loader 'app' attempted duplicate class definition for com.baomidou.mybatisplus.extension.service.IService$$FastClassBySpringCGLIB$$f8525d18. (com.baomidou.mybatisplus.extension.service.IService$$FastClassBySpringCGLIB$$f8525d18 is in unnamed module of loader 'app')]
2025-06-12 18:40:20.559 [http-nio-8081-exec-12] WARN  o.s.w.s.m.m.a.ExceptionHandlerExceptionResolver - Resolved [org.springframework.cglib.core.CodeGenerationException: java.lang.LinkageError-->loader 'app' attempted duplicate class definition for com.baomidou.mybatisplus.extension.service.IService$$FastClassBySpringCGLIB$$f8525d18. (com.baomidou.mybatisplus.extension.service.IService$$FastClassBySpringCGLIB$$f8525d18 is in unnamed module of loader 'app')]
2025-06-12 18:40:20.560 [http-nio-8081-exec-6] WARN  o.s.w.s.m.m.a.ExceptionHandlerExceptionResolver - Resolved [org.springframework.cglib.core.CodeGenerationException: java.lang.LinkageError-->loader 'app' attempted duplicate class definition for com.baomidou.mybatisplus.extension.service.IService$$FastClassBySpringCGLIB$$f8525d18. (com.baomidou.mybatisplus.extension.service.IService$$FastClassBySpringCGLIB$$f8525d18 is in unnamed module of loader 'app')]
2025-06-12 18:40:20.559 [http-nio-8081-exec-2] WARN  o.s.w.s.m.m.a.ExceptionHandlerExceptionResolver - Resolved [org.springframework.cglib.core.CodeGenerationException: java.lang.LinkageError-->loader 'app' attempted duplicate class definition for com.baomidou.mybatisplus.extension.service.IService$$FastClassBySpringCGLIB$$f8525d18. (com.baomidou.mybatisplus.extension.service.IService$$FastClassBySpringCGLIB$$f8525d18 is in unnamed module of loader 'app')]
2025-06-12 18:40:20.561 [http-nio-8081-exec-1] WARN  o.s.w.s.m.m.a.ExceptionHandlerExceptionResolver - Resolved [org.springframework.cglib.core.CodeGenerationException: java.lang.LinkageError-->loader 'app' attempted duplicate class definition for com.baomidou.mybatisplus.extension.service.IService$$FastClassBySpringCGLIB$$f8525d18. (com.baomidou.mybatisplus.extension.service.IService$$FastClassBySpringCGLIB$$f8525d18 is in unnamed module of loader 'app')]
2025-06-12 18:40:20.579 [http-nio-8081-exec-7] WARN  o.s.w.s.m.m.a.ExceptionHandlerExceptionResolver - Resolved [org.springframework.cglib.core.CodeGenerationException: java.lang.LinkageError-->loader 'app' attempted duplicate class definition for com.baomidou.mybatisplus.extension.service.IService$$FastClassBySpringCGLIB$$f8525d18. (com.baomidou.mybatisplus.extension.service.IService$$FastClassBySpringCGLIB$$f8525d18 is in unnamed module of loader 'app')]
2025-06-12 18:40:20.580 [http-nio-8081-exec-9] WARN  o.s.w.s.m.m.a.ExceptionHandlerExceptionResolver - Resolved [org.springframework.cglib.core.CodeGenerationException: java.lang.LinkageError-->loader 'app' attempted duplicate class definition for com.baomidou.mybatisplus.extension.service.IService$$FastClassBySpringCGLIB$$f8525d18. (com.baomidou.mybatisplus.extension.service.IService$$FastClassBySpringCGLIB$$f8525d18 is in unnamed module of loader 'app')]
2025-06-12 18:40:25.724 [http-nio-8081-exec-11] WARN  o.s.w.s.m.m.a.ExceptionHandlerExceptionResolver - Resolved [org.springframework.cglib.core.CodeGenerationException: java.lang.LinkageError-->loader 'app' attempted duplicate class definition for com.baomidou.mybatisplus.extension.service.IService$$FastClassBySpringCGLIB$$f8525d18. (com.baomidou.mybatisplus.extension.service.IService$$FastClassBySpringCGLIB$$f8525d18 is in unnamed module of loader 'app')]
2025-06-12 18:40:25.724 [http-nio-8081-exec-8] WARN  o.s.w.s.m.m.a.ExceptionHandlerExceptionResolver - Resolved [org.springframework.cglib.core.CodeGenerationException: java.lang.LinkageError-->loader 'app' attempted duplicate class definition for com.baomidou.mybatisplus.extension.service.IService$$FastClassBySpringCGLIB$$f8525d18. (com.baomidou.mybatisplus.extension.service.IService$$FastClassBySpringCGLIB$$f8525d18 is in unnamed module of loader 'app')]
2025-06-12 18:40:25.724 [http-nio-8081-exec-15] WARN  o.s.w.s.m.m.a.ExceptionHandlerExceptionResolver - Resolved [org.springframework.cglib.core.CodeGenerationException: java.lang.LinkageError-->loader 'app' attempted duplicate class definition for com.baomidou.mybatisplus.extension.service.IService$$FastClassBySpringCGLIB$$f8525d18. (com.baomidou.mybatisplus.extension.service.IService$$FastClassBySpringCGLIB$$f8525d18 is in unnamed module of loader 'app')]
2025-06-12 18:40:25.724 [http-nio-8081-exec-40] WARN  o.s.w.s.m.m.a.ExceptionHandlerExceptionResolver - Resolved [org.springframework.cglib.core.CodeGenerationException: java.lang.LinkageError-->loader 'app' attempted duplicate class definition for com.baomidou.mybatisplus.extension.service.IService$$FastClassBySpringCGLIB$$f8525d18. (com.baomidou.mybatisplus.extension.service.IService$$FastClassBySpringCGLIB$$f8525d18 is in unnamed module of loader 'app')]
2025-06-12 18:40:25.724 [http-nio-8081-exec-33] WARN  o.s.w.s.m.m.a.ExceptionHandlerExceptionResolver - Resolved [org.springframework.cglib.core.CodeGenerationException: java.lang.LinkageError-->loader 'app' attempted duplicate class definition for com.baomidou.mybatisplus.extension.service.IService$$FastClassBySpringCGLIB$$f8525d18. (com.baomidou.mybatisplus.extension.service.IService$$FastClassBySpringCGLIB$$f8525d18 is in unnamed module of loader 'app')]
2025-06-12 18:40:25.729 [http-nio-8081-exec-22] WARN  o.s.w.s.m.m.a.ExceptionHandlerExceptionResolver - Resolved [org.springframework.cglib.core.CodeGenerationException: java.lang.LinkageError-->loader 'app' attempted duplicate class definition for com.baomidou.mybatisplus.extension.service.IService$$FastClassBySpringCGLIB$$f8525d18. (com.baomidou.mybatisplus.extension.service.IService$$FastClassBySpringCGLIB$$f8525d18 is in unnamed module of loader 'app')]
2025-06-12 18:40:25.741 [http-nio-8081-exec-28] WARN  o.s.w.s.m.m.a.ExceptionHandlerExceptionResolver - Resolved [org.springframework.cglib.core.CodeGenerationException: java.lang.LinkageError-->loader 'app' attempted duplicate class definition for com.baomidou.mybatisplus.extension.service.IService$$FastClassBySpringCGLIB$$f8525d18. (com.baomidou.mybatisplus.extension.service.IService$$FastClassBySpringCGLIB$$f8525d18 is in unnamed module of loader 'app')]
2025-06-12 18:40:25.741 [http-nio-8081-exec-27] WARN  o.s.w.s.m.m.a.ExceptionHandlerExceptionResolver - Resolved [org.springframework.cglib.core.CodeGenerationException: java.lang.LinkageError-->loader 'app' attempted duplicate class definition for com.baomidou.mybatisplus.extension.service.IService$$FastClassBySpringCGLIB$$f8525d18. (com.baomidou.mybatisplus.extension.service.IService$$FastClassBySpringCGLIB$$f8525d18 is in unnamed module of loader 'app')]
2025-06-12 18:41:42.691 [http-nio-8081-exec-4] WARN  o.s.w.s.m.m.a.ExceptionHandlerExceptionResolver - Resolved [java.lang.NullPointerException: Cannot invoke "java.lang.Integer.intValue()" because the return value of "com.project.travel.domain.Favorite.getPageNumber()" is null]
2025-06-12 18:41:42.772 [http-nio-8081-exec-6] WARN  o.s.w.s.m.m.a.ExceptionHandlerExceptionResolver - Resolved [org.springframework.jdbc.BadSqlGrammarException: 
### Error querying database.  Cause: java.sql.SQLSyntaxErrorException: Unknown column 'line_id' in 'field list'
### The error may exist in com/project/travel/mapper/AttractionOrdermapper.java (best guess)
### The error may involve defaultParameterMap
### The error occurred while setting parameters
### SQL: SELECT line_id, COUNT(*) AS order_count FROM attraction_order WHERE line_id IS NOT NULL GROUP BY line_id
### Cause: java.sql.SQLSyntaxErrorException: Unknown column 'line_id' in 'field list'
; bad SQL grammar []; nested exception is java.sql.SQLSyntaxErrorException: Unknown column 'line_id' in 'field list']
2025-06-12 18:42:06.739 [http-nio-8081-exec-21] WARN  o.s.w.s.m.m.a.ExceptionHandlerExceptionResolver - Resolved [java.lang.NullPointerException: Cannot invoke "java.lang.Integer.intValue()" because the return value of "com.project.travel.domain.Favorite.getPageNumber()" is null]
2025-06-12 18:42:06.750 [http-nio-8081-exec-18] WARN  o.s.w.s.m.m.a.ExceptionHandlerExceptionResolver - Resolved [org.springframework.jdbc.BadSqlGrammarException: 
### Error querying database.  Cause: java.sql.SQLSyntaxErrorException: Unknown column 'line_id' in 'field list'
### The error may exist in com/project/travel/mapper/AttractionOrdermapper.java (best guess)
### The error may involve defaultParameterMap
### The error occurred while setting parameters
### SQL: SELECT line_id, COUNT(*) AS order_count FROM attraction_order WHERE line_id IS NOT NULL GROUP BY line_id
### Cause: java.sql.SQLSyntaxErrorException: Unknown column 'line_id' in 'field list'
; bad SQL grammar []; nested exception is java.sql.SQLSyntaxErrorException: Unknown column 'line_id' in 'field list']
2025-06-12 18:57:48.103 [http-nio-8080-exec-7] WARN  o.s.w.s.m.m.a.ExceptionHandlerExceptionResolver - Resolved [java.lang.NullPointerException: Cannot invoke "java.lang.Integer.intValue()" because the return value of "com.project.travel.domain.Favorite.getPageNumber()" is null]
2025-06-12 18:57:48.182 [http-nio-8080-exec-5] WARN  o.s.w.s.m.m.a.ExceptionHandlerExceptionResolver - Resolved [org.springframework.jdbc.BadSqlGrammarException: 
### Error querying database.  Cause: java.sql.SQLSyntaxErrorException: Unknown column 'line_id' in 'field list'
### The error may exist in com/project/travel/mapper/AttractionOrdermapper.java (best guess)
### The error may involve defaultParameterMap
### The error occurred while setting parameters
### SQL: SELECT line_id, COUNT(*) AS order_count FROM attraction_order WHERE line_id IS NOT NULL GROUP BY line_id
### Cause: java.sql.SQLSyntaxErrorException: Unknown column 'line_id' in 'field list'
; bad SQL grammar []; nested exception is java.sql.SQLSyntaxErrorException: Unknown column 'line_id' in 'field list']
2025-06-12 23:38:57.377 [restartedMain] WARN  o.s.b.w.s.c.AnnotationConfigServletWebServerApplicationContext - Exception encountered during context initialization - cancelling refresh attempt: org.springframework.beans.factory.UnsatisfiedDependencyException: Error creating bean with name 'webConfig': Unsatisfied dependency expressed through field 'tokenInterceptor'; nested exception is org.springframework.beans.factory.UnsatisfiedDependencyException: Error creating bean with name 'tokenInterceptor': Unsatisfied dependency expressed through field 'userService'; nested exception is org.springframework.beans.factory.UnsatisfiedDependencyException: Error creating bean with name 'userServiceImpl': Unsatisfied dependency expressed through field 'baseMapper'; nested exception is org.springframework.beans.factory.UnsatisfiedDependencyException: Error creating bean with name 'childUserMapper' defined in file [C:\Users\qiqi\OneDrive\Desktop\code\Enterprise_level_architecture\t\travel-server\target\classes\com\project\travel\mapper\ChildUserMapper.class]: Unsatisfied dependency expressed through bean property 'sqlSessionFactory'; nested exception is org.springframework.beans.factory.UnsatisfiedDependencyException: Error creating bean with name 'sqlSessionFactory' defined in class path resource [com/baomidou/mybatisplus/autoconfigure/MybatisPlusAutoConfiguration.class]: Unsatisfied dependency expressed through method 'sqlSessionFactory' parameter 0; nested exception is org.springframework.beans.factory.BeanCreationException: Error creating bean with name 'dataSource' defined in class path resource [com/alibaba/druid/spring/boot/autoconfigure/DruidDataSourceAutoConfigure.class]: Invocation of init method failed; nested exception is com.mysql.cj.jdbc.exceptions.CommunicationsException: Communications link failure

The last packet sent successfully to the server was 0 milliseconds ago. The driver has not received any packets from the server.
2025-06-12 23:41:57.831 [http-nio-8080-exec-7] WARN  o.s.w.s.m.m.a.ExceptionHandlerExceptionResolver - Resolved [java.lang.NullPointerException: Cannot invoke "java.lang.Integer.intValue()" because the return value of "com.project.travel.domain.Favorite.getPageNumber()" is null]
2025-06-12 23:42:18.458 [http-nio-8080-exec-33] WARN  o.s.w.s.m.m.a.ExceptionHandlerExceptionResolver - Resolved [java.lang.NullPointerException: Cannot invoke "java.lang.Integer.intValue()" because the return value of "com.project.travel.domain.Favorite.getPageNumber()" is null]
