2025-06-12 08:36:02.424 [restartedMain] INFO  com.project.travel.TravelApplication - Starting TravelApplication using Java 17.0.14 on jmt with PID 27712 (C:\Users\qiqi\OneDrive\Desktop\code\Enterprise_level_architecture\t\travel-server\target\classes started by qiqi in C:\Users\qiqi\OneDrive\Desktop\code\Enterprise_level_architecture\t\travel-server)
2025-06-12 08:36:02.434 [restartedMain] INFO  com.project.travel.TravelApplication - The following profiles are active: dev
2025-06-12 08:36:02.495 [restartedMain] INFO  o.s.b.d.env.DevToolsPropertyDefaultsPostProcessor - Devtools property defaults active! Set 'spring.devtools.add-properties' to 'false' to disable
2025-06-12 08:36:02.496 [restartedMain] INFO  o.s.b.d.env.DevToolsPropertyDefaultsPostProcessor - For additional web related logging consider setting the 'logging.level.web' property to 'DEBUG'
2025-06-12 08:36:03.303 [restartedMain] INFO  o.s.d.r.config.RepositoryConfigurationDelegate - Multiple Spring Data modules found, entering strict repository configuration mode!
2025-06-12 08:36:03.305 [restartedMain] INFO  o.s.d.r.config.RepositoryConfigurationDelegate - Bootstrapping Spring Data Redis repositories in DEFAULT mode.
2025-06-12 08:36:03.376 [restartedMain] INFO  o.s.d.r.config.RepositoryConfigurationDelegate - Finished Spring Data repository scanning in 56 ms. Found 0 Redis repository interfaces.
2025-06-12 08:36:04.068 [restartedMain] INFO  o.s.boot.web.embedded.tomcat.TomcatWebServer - Tomcat initialized with port(s): 8080 (http)
2025-06-12 08:36:04.076 [restartedMain] INFO  org.apache.coyote.http11.Http11NioProtocol - Initializing ProtocolHandler ["http-nio-8080"]
2025-06-12 08:36:04.078 [restartedMain] INFO  org.apache.catalina.core.StandardService - Starting service [Tomcat]
2025-06-12 08:36:04.078 [restartedMain] INFO  org.apache.catalina.core.StandardEngine - Starting Servlet engine: [Apache Tomcat/9.0.41]
2025-06-12 08:36:04.190 [restartedMain] INFO  o.a.c.core.ContainerBase.[Tomcat].[localhost].[/] - Initializing Spring embedded WebApplicationContext
2025-06-12 08:36:04.190 [restartedMain] INFO  o.s.b.w.s.c.ServletWebServerApplicationContext - Root WebApplicationContext: initialization completed in 1694 ms
2025-06-12 08:36:04.600 [restartedMain] INFO  c.a.d.s.b.a.DruidDataSourceAutoConfigure - Init DruidDataSource
2025-06-12 08:36:05.248 [restartedMain] INFO  com.alibaba.druid.pool.DruidDataSource - {dataSource-1} inited
2025-06-12 08:36:06.272 [restartedMain] INFO  o.s.scheduling.concurrent.ThreadPoolTaskExecutor - Initializing ExecutorService 'applicationTaskExecutor'
2025-06-12 08:36:06.627 [restartedMain] INFO  o.s.b.d.autoconfigure.OptionalLiveReloadServer - LiveReload server is running on port 35729
2025-06-12 08:36:06.661 [restartedMain] INFO  org.apache.coyote.http11.Http11NioProtocol - Starting ProtocolHandler ["http-nio-8080"]
2025-06-12 08:36:06.699 [restartedMain] INFO  o.s.boot.web.embedded.tomcat.TomcatWebServer - Tomcat started on port(s): 8080 (http) with context path ''
2025-06-12 08:36:06.707 [restartedMain] INFO  com.project.travel.TravelApplication - Started TravelApplication in 4.853 seconds (JVM running for 5.793)
2025-06-12 08:36:14.533 [http-nio-8080-exec-2] INFO  o.a.c.core.ContainerBase.[Tomcat].[localhost].[/] - Initializing Spring DispatcherServlet 'dispatcherServlet'
2025-06-12 08:36:14.533 [http-nio-8080-exec-2] INFO  org.springframework.web.servlet.DispatcherServlet - Initializing Servlet 'dispatcherServlet'
2025-06-12 08:36:14.534 [http-nio-8080-exec-2] INFO  org.springframework.web.servlet.DispatcherServlet - Completed initialization in 1 ms
2025-06-12 08:40:07.723 [Thread-5] INFO  o.s.scheduling.concurrent.ThreadPoolTaskExecutor - Shutting down ExecutorService 'applicationTaskExecutor'
2025-06-12 08:40:07.725 [Thread-5] INFO  com.alibaba.druid.pool.DruidDataSource - {dataSource-1} closing ...
2025-06-12 08:40:07.733 [Thread-5] INFO  com.alibaba.druid.pool.DruidDataSource - {dataSource-1} closed
2025-06-12 08:40:14.031 [restartedMain] INFO  com.project.travel.TravelApplication - Starting TravelApplication using Java 17.0.14 on jmt with PID 27712 (C:\Users\qiqi\OneDrive\Desktop\code\Enterprise_level_architecture\t\travel-server\target\classes started by qiqi in C:\Users\qiqi\OneDrive\Desktop\code\Enterprise_level_architecture\t\travel-server)
2025-06-12 08:40:14.031 [restartedMain] INFO  com.project.travel.TravelApplication - The following profiles are active: dev
2025-06-12 08:40:14.221 [restartedMain] INFO  o.s.d.r.config.RepositoryConfigurationDelegate - Multiple Spring Data modules found, entering strict repository configuration mode!
2025-06-12 08:40:14.222 [restartedMain] INFO  o.s.d.r.config.RepositoryConfigurationDelegate - Bootstrapping Spring Data Redis repositories in DEFAULT mode.
2025-06-12 08:40:14.222 [restartedMain] INFO  o.s.d.r.config.RepositoryConfigurationDelegate - Finished Spring Data repository scanning in 0 ms. Found 0 Redis repository interfaces.
2025-06-12 08:40:14.315 [restartedMain] INFO  o.s.boot.web.embedded.tomcat.TomcatWebServer - Tomcat initialized with port(s): 8080 (http)
2025-06-12 08:40:14.315 [restartedMain] INFO  org.apache.catalina.core.StandardService - Starting service [Tomcat]
2025-06-12 08:40:14.315 [restartedMain] INFO  org.apache.catalina.core.StandardEngine - Starting Servlet engine: [Apache Tomcat/9.0.41]
2025-06-12 08:40:14.359 [restartedMain] INFO  o.a.c.c.ContainerBase.[Tomcat-1].[localhost].[/] - Initializing Spring embedded WebApplicationContext
2025-06-12 08:40:14.359 [restartedMain] INFO  o.s.b.w.s.c.ServletWebServerApplicationContext - Root WebApplicationContext: initialization completed in 323 ms
2025-06-12 08:40:14.415 [restartedMain] INFO  o.s.scheduling.concurrent.ThreadPoolTaskExecutor - Initializing ExecutorService 'applicationTaskExecutor'
2025-06-12 08:40:14.470 [restartedMain] INFO  c.a.d.s.b.a.DruidDataSourceAutoConfigure - Init DruidDataSource
2025-06-12 08:40:14.605 [restartedMain] INFO  com.alibaba.druid.pool.DruidDataSource - {dataSource-2} inited
2025-06-12 08:40:14.693 [restartedMain] INFO  com.alibaba.druid.pool.DruidDataSource - {dataSource-2} closing ...
2025-06-12 08:40:14.698 [restartedMain] INFO  com.alibaba.druid.pool.DruidDataSource - {dataSource-2} closed
2025-06-12 08:40:14.698 [restartedMain] INFO  o.s.scheduling.concurrent.ThreadPoolTaskExecutor - Shutting down ExecutorService 'applicationTaskExecutor'
2025-06-12 08:40:14.698 [restartedMain] INFO  org.apache.catalina.core.StandardService - Stopping service [Tomcat]
2025-06-12 08:40:14.705 [restartedMain] INFO  o.s.b.a.l.ConditionEvaluationReportLoggingListener - 

Error starting ApplicationContext. To display the conditions report re-run your application with 'debug' enabled.
2025-06-12 08:42:36.793 [restartedMain] INFO  com.project.travel.TravelApplication - Starting TravelApplication using Java 17.0.14 on jmt with PID 27712 (C:\Users\qiqi\OneDrive\Desktop\code\Enterprise_level_architecture\t\travel-server\target\classes started by qiqi in C:\Users\qiqi\OneDrive\Desktop\code\Enterprise_level_architecture\t\travel-server)
2025-06-12 08:42:36.794 [restartedMain] INFO  com.project.travel.TravelApplication - The following profiles are active: dev
2025-06-12 08:42:36.985 [restartedMain] INFO  o.s.d.r.config.RepositoryConfigurationDelegate - Multiple Spring Data modules found, entering strict repository configuration mode!
2025-06-12 08:42:36.985 [restartedMain] INFO  o.s.d.r.config.RepositoryConfigurationDelegate - Bootstrapping Spring Data Redis repositories in DEFAULT mode.
2025-06-12 08:42:36.986 [restartedMain] INFO  o.s.d.r.config.RepositoryConfigurationDelegate - Finished Spring Data repository scanning in 0 ms. Found 0 Redis repository interfaces.
2025-06-12 08:42:37.063 [restartedMain] INFO  o.s.boot.web.embedded.tomcat.TomcatWebServer - Tomcat initialized with port(s): 8080 (http)
2025-06-12 08:42:37.064 [restartedMain] INFO  org.apache.catalina.core.StandardService - Starting service [Tomcat]
2025-06-12 08:42:37.064 [restartedMain] INFO  org.apache.catalina.core.StandardEngine - Starting Servlet engine: [Apache Tomcat/9.0.41]
2025-06-12 08:42:37.105 [restartedMain] INFO  o.a.c.c.ContainerBase.[Tomcat-3].[localhost].[/] - Initializing Spring embedded WebApplicationContext
2025-06-12 08:42:37.105 [restartedMain] INFO  o.s.b.w.s.c.ServletWebServerApplicationContext - Root WebApplicationContext: initialization completed in 307 ms
2025-06-12 08:42:37.142 [restartedMain] INFO  o.s.scheduling.concurrent.ThreadPoolTaskExecutor - Initializing ExecutorService 'applicationTaskExecutor'
2025-06-12 08:42:37.183 [restartedMain] INFO  c.a.d.s.b.a.DruidDataSourceAutoConfigure - Init DruidDataSource
2025-06-12 08:42:37.285 [restartedMain] INFO  com.alibaba.druid.pool.DruidDataSource - {dataSource-3} inited
2025-06-12 08:42:37.350 [restartedMain] INFO  com.alibaba.druid.pool.DruidDataSource - {dataSource-3} closing ...
2025-06-12 08:42:37.354 [restartedMain] INFO  com.alibaba.druid.pool.DruidDataSource - {dataSource-3} closed
2025-06-12 08:42:37.354 [restartedMain] INFO  o.s.scheduling.concurrent.ThreadPoolTaskExecutor - Shutting down ExecutorService 'applicationTaskExecutor'
2025-06-12 08:42:37.355 [restartedMain] INFO  org.apache.catalina.core.StandardService - Stopping service [Tomcat]
2025-06-12 08:42:37.360 [restartedMain] INFO  o.s.b.a.l.ConditionEvaluationReportLoggingListener - 

Error starting ApplicationContext. To display the conditions report re-run your application with 'debug' enabled.
2025-06-12 08:42:42.055 [restartedMain] INFO  com.project.travel.TravelApplication - Starting TravelApplication using Java 17.0.14 on jmt with PID 27712 (C:\Users\qiqi\OneDrive\Desktop\code\Enterprise_level_architecture\t\travel-server\target\classes started by qiqi in C:\Users\qiqi\OneDrive\Desktop\code\Enterprise_level_architecture\t\travel-server)
2025-06-12 08:42:42.055 [restartedMain] INFO  com.project.travel.TravelApplication - The following profiles are active: dev
2025-06-12 08:42:42.436 [restartedMain] INFO  o.s.d.r.config.RepositoryConfigurationDelegate - Multiple Spring Data modules found, entering strict repository configuration mode!
2025-06-12 08:42:42.436 [restartedMain] INFO  o.s.d.r.config.RepositoryConfigurationDelegate - Bootstrapping Spring Data Redis repositories in DEFAULT mode.
2025-06-12 08:42:42.502 [restartedMain] INFO  o.s.d.r.config.RepositoryConfigurationDelegate - Finished Spring Data repository scanning in 65 ms. Found 0 Redis repository interfaces.
2025-06-12 08:42:42.649 [restartedMain] INFO  o.s.boot.web.embedded.tomcat.TomcatWebServer - Tomcat initialized with port(s): 8080 (http)
2025-06-12 08:42:42.650 [restartedMain] INFO  org.apache.catalina.core.StandardService - Starting service [Tomcat]
2025-06-12 08:42:42.650 [restartedMain] INFO  org.apache.catalina.core.StandardEngine - Starting Servlet engine: [Apache Tomcat/9.0.41]
2025-06-12 08:42:42.710 [restartedMain] INFO  o.a.c.c.ContainerBase.[Tomcat-4].[localhost].[/] - Initializing Spring embedded WebApplicationContext
2025-06-12 08:42:42.712 [restartedMain] INFO  o.s.b.w.s.c.ServletWebServerApplicationContext - Root WebApplicationContext: initialization completed in 654 ms
2025-06-12 08:42:42.756 [restartedMain] INFO  c.a.d.s.b.a.DruidDataSourceAutoConfigure - Init DruidDataSource
2025-06-12 08:42:42.895 [restartedMain] INFO  com.alibaba.druid.pool.DruidDataSource - {dataSource-4} inited
2025-06-12 08:42:43.283 [restartedMain] INFO  o.s.scheduling.concurrent.ThreadPoolTaskExecutor - Initializing ExecutorService 'applicationTaskExecutor'
2025-06-12 08:42:43.347 [restartedMain] INFO  o.s.b.d.autoconfigure.OptionalLiveReloadServer - LiveReload server is running on port 35729
2025-06-12 08:42:43.384 [restartedMain] INFO  o.s.boot.web.embedded.tomcat.TomcatWebServer - Tomcat started on port(s): 8080 (http) with context path ''
2025-06-12 08:42:43.386 [restartedMain] INFO  com.project.travel.TravelApplication - Started TravelApplication in 1.388 seconds (JVM running for 402.472)
2025-06-12 08:42:43.388 [restartedMain] INFO  o.s.b.d.a.ConditionEvaluationDeltaLoggingListener - Condition evaluation unchanged
2025-06-12 08:43:18.933 [SpringContextShutdownHook] INFO  o.s.scheduling.concurrent.ThreadPoolTaskExecutor - Shutting down ExecutorService 'applicationTaskExecutor'
2025-06-12 08:43:18.934 [SpringContextShutdownHook] INFO  com.alibaba.druid.pool.DruidDataSource - {dataSource-4} closing ...
2025-06-12 08:43:18.936 [SpringContextShutdownHook] INFO  com.alibaba.druid.pool.DruidDataSource - {dataSource-4} closed
2025-06-12 18:21:38.931 [restartedMain] INFO  com.project.travel.TravelApplication - Starting TravelApplication using Java 17.0.14 on jmt with PID 37564 (C:\Users\qiqi\OneDrive\Desktop\code\Enterprise_level_architecture\t\travel-server\target\classes started by qiqi in C:\Users\qiqi\OneDrive\Desktop\code\Enterprise_level_architecture\t\travel-server)
2025-06-12 18:21:38.933 [restartedMain] INFO  com.project.travel.TravelApplication - The following profiles are active: dev
2025-06-12 18:21:38.988 [restartedMain] INFO  o.s.b.d.env.DevToolsPropertyDefaultsPostProcessor - Devtools property defaults active! Set 'spring.devtools.add-properties' to 'false' to disable
2025-06-12 18:21:38.989 [restartedMain] INFO  o.s.b.d.env.DevToolsPropertyDefaultsPostProcessor - For additional web related logging consider setting the 'logging.level.web' property to 'DEBUG'
2025-06-12 18:21:39.779 [restartedMain] INFO  o.s.d.r.config.RepositoryConfigurationDelegate - Multiple Spring Data modules found, entering strict repository configuration mode!
2025-06-12 18:21:39.783 [restartedMain] INFO  o.s.d.r.config.RepositoryConfigurationDelegate - Bootstrapping Spring Data Redis repositories in DEFAULT mode.
2025-06-12 18:21:39.832 [restartedMain] INFO  o.s.d.r.config.RepositoryConfigurationDelegate - Finished Spring Data repository scanning in 35 ms. Found 0 Redis repository interfaces.
2025-06-12 18:21:40.539 [restartedMain] INFO  o.s.boot.web.embedded.tomcat.TomcatWebServer - Tomcat initialized with port(s): 8081 (http)
2025-06-12 18:21:40.551 [restartedMain] INFO  org.apache.coyote.http11.Http11NioProtocol - Initializing ProtocolHandler ["http-nio-8081"]
2025-06-12 18:21:40.552 [restartedMain] INFO  org.apache.catalina.core.StandardService - Starting service [Tomcat]
2025-06-12 18:21:40.552 [restartedMain] INFO  org.apache.catalina.core.StandardEngine - Starting Servlet engine: [Apache Tomcat/9.0.41]
2025-06-12 18:21:40.655 [restartedMain] INFO  o.a.c.core.ContainerBase.[Tomcat].[localhost].[/] - Initializing Spring embedded WebApplicationContext
2025-06-12 18:21:40.655 [restartedMain] INFO  o.s.b.w.s.c.ServletWebServerApplicationContext - Root WebApplicationContext: initialization completed in 1666 ms
2025-06-12 18:21:41.106 [restartedMain] INFO  c.a.d.s.b.a.DruidDataSourceAutoConfigure - Init DruidDataSource
2025-06-12 18:21:42.044 [restartedMain] INFO  com.alibaba.druid.pool.DruidDataSource - {dataSource-1} inited
2025-06-12 18:21:43.028 [restartedMain] INFO  o.s.scheduling.concurrent.ThreadPoolTaskExecutor - Initializing ExecutorService 'applicationTaskExecutor'
2025-06-12 18:21:43.310 [restartedMain] INFO  o.s.b.d.autoconfigure.OptionalLiveReloadServer - LiveReload server is running on port 35729
2025-06-12 18:21:43.347 [restartedMain] INFO  org.apache.coyote.http11.Http11NioProtocol - Starting ProtocolHandler ["http-nio-8081"]
2025-06-12 18:21:43.392 [restartedMain] INFO  o.s.boot.web.embedded.tomcat.TomcatWebServer - Tomcat started on port(s): 8081 (http) with context path ''
2025-06-12 18:21:43.402 [restartedMain] INFO  com.project.travel.TravelApplication - Started TravelApplication in 5.101 seconds (JVM running for 6.121)
2025-06-12 18:32:56.456 [http-nio-8081-exec-1] INFO  o.a.c.core.ContainerBase.[Tomcat].[localhost].[/] - Initializing Spring DispatcherServlet 'dispatcherServlet'
2025-06-12 18:32:56.466 [http-nio-8081-exec-1] INFO  org.springframework.web.servlet.DispatcherServlet - Initializing Servlet 'dispatcherServlet'
2025-06-12 18:32:56.506 [http-nio-8081-exec-1] INFO  org.springframework.web.servlet.DispatcherServlet - Completed initialization in 39 ms
2025-06-12 18:37:24.136 [Thread-5] INFO  o.s.scheduling.concurrent.ThreadPoolTaskExecutor - Shutting down ExecutorService 'applicationTaskExecutor'
2025-06-12 18:37:24.175 [Thread-5] INFO  com.alibaba.druid.pool.DruidDataSource - {dataSource-1} closing ...
2025-06-12 18:37:24.192 [Thread-5] INFO  com.alibaba.druid.pool.DruidDataSource - {dataSource-1} closed
2025-06-12 18:37:29.964 [restartedMain] INFO  com.project.travel.TravelApplication - Starting TravelApplication using Java 17.0.14 on jmt with PID 37564 (C:\Users\qiqi\OneDrive\Desktop\code\Enterprise_level_architecture\t\travel-server\target\classes started by qiqi in C:\Users\qiqi\OneDrive\Desktop\code\Enterprise_level_architecture\t\travel-server)
2025-06-12 18:37:29.966 [restartedMain] INFO  com.project.travel.TravelApplication - The following profiles are active: dev
2025-06-12 18:37:30.847 [restartedMain] INFO  o.s.d.r.config.RepositoryConfigurationDelegate - Multiple Spring Data modules found, entering strict repository configuration mode!
2025-06-12 18:37:30.848 [restartedMain] INFO  o.s.d.r.config.RepositoryConfigurationDelegate - Bootstrapping Spring Data Redis repositories in DEFAULT mode.
2025-06-12 18:37:30.937 [restartedMain] INFO  o.s.d.r.config.RepositoryConfigurationDelegate - Finished Spring Data repository scanning in 88 ms. Found 0 Redis repository interfaces.
2025-06-12 18:37:31.646 [restartedMain] INFO  o.s.boot.web.embedded.tomcat.TomcatWebServer - Tomcat initialized with port(s): 8081 (http)
2025-06-12 18:37:31.647 [restartedMain] INFO  org.apache.catalina.core.StandardService - Starting service [Tomcat]
2025-06-12 18:37:31.647 [restartedMain] INFO  org.apache.catalina.core.StandardEngine - Starting Servlet engine: [Apache Tomcat/9.0.41]
2025-06-12 18:37:31.966 [restartedMain] INFO  o.a.c.c.ContainerBase.[Tomcat-1].[localhost].[/] - Initializing Spring embedded WebApplicationContext
2025-06-12 18:37:32.000 [restartedMain] INFO  o.s.b.w.s.c.ServletWebServerApplicationContext - Root WebApplicationContext: initialization completed in 2018 ms
2025-06-12 18:37:32.332 [restartedMain] INFO  c.a.d.s.b.a.DruidDataSourceAutoConfigure - Init DruidDataSource
2025-06-12 18:37:32.747 [restartedMain] INFO  com.alibaba.druid.pool.DruidDataSource - {dataSource-2} inited
2025-06-12 18:37:33.749 [restartedMain] INFO  o.s.scheduling.concurrent.ThreadPoolTaskExecutor - Initializing ExecutorService 'applicationTaskExecutor'
2025-06-12 18:37:34.108 [restartedMain] INFO  o.s.b.d.autoconfigure.OptionalLiveReloadServer - LiveReload server is running on port 35729
2025-06-12 18:37:34.243 [restartedMain] INFO  o.s.boot.web.embedded.tomcat.TomcatWebServer - Tomcat started on port(s): 8081 (http) with context path ''
2025-06-12 18:37:34.250 [restartedMain] INFO  com.project.travel.TravelApplication - Started TravelApplication in 4.545 seconds (JVM running for 956.968)
2025-06-12 18:37:34.262 [restartedMain] INFO  o.s.b.d.a.ConditionEvaluationDeltaLoggingListener - Condition evaluation unchanged
2025-06-12 18:40:20.455 [http-nio-8081-exec-3] INFO  o.a.c.c.ContainerBase.[Tomcat-1].[localhost].[/] - Initializing Spring DispatcherServlet 'dispatcherServlet'
2025-06-12 18:40:20.455 [http-nio-8081-exec-3] INFO  org.springframework.web.servlet.DispatcherServlet - Initializing Servlet 'dispatcherServlet'
2025-06-12 18:40:20.457 [http-nio-8081-exec-3] INFO  org.springframework.web.servlet.DispatcherServlet - Completed initialization in 2 ms
2025-06-12 18:40:45.416 [SpringContextShutdownHook] INFO  o.s.scheduling.concurrent.ThreadPoolTaskExecutor - Shutting down ExecutorService 'applicationTaskExecutor'
2025-06-12 18:40:45.417 [SpringContextShutdownHook] INFO  com.alibaba.druid.pool.DruidDataSource - {dataSource-2} closing ...
2025-06-12 18:40:45.422 [SpringContextShutdownHook] INFO  com.alibaba.druid.pool.DruidDataSource - {dataSource-2} closed
2025-06-12 18:40:51.292 [restartedMain] INFO  com.project.travel.TravelApplication - Starting TravelApplication using Java 17.0.14 on jmt with PID 44836 (C:\Users\qiqi\OneDrive\Desktop\code\Enterprise_level_architecture\t\travel-server\target\classes started by qiqi in C:\Users\qiqi\OneDrive\Desktop\code\Enterprise_level_architecture\t\travel-server)
2025-06-12 18:40:51.296 [restartedMain] INFO  com.project.travel.TravelApplication - The following profiles are active: dev
2025-06-12 18:40:51.358 [restartedMain] INFO  o.s.b.d.env.DevToolsPropertyDefaultsPostProcessor - Devtools property defaults active! Set 'spring.devtools.add-properties' to 'false' to disable
2025-06-12 18:40:51.359 [restartedMain] INFO  o.s.b.d.env.DevToolsPropertyDefaultsPostProcessor - For additional web related logging consider setting the 'logging.level.web' property to 'DEBUG'
2025-06-12 18:40:52.288 [restartedMain] INFO  o.s.d.r.config.RepositoryConfigurationDelegate - Multiple Spring Data modules found, entering strict repository configuration mode!
2025-06-12 18:40:52.291 [restartedMain] INFO  o.s.d.r.config.RepositoryConfigurationDelegate - Bootstrapping Spring Data Redis repositories in DEFAULT mode.
2025-06-12 18:40:52.346 [restartedMain] INFO  o.s.d.r.config.RepositoryConfigurationDelegate - Finished Spring Data repository scanning in 39 ms. Found 0 Redis repository interfaces.
2025-06-12 18:40:53.121 [restartedMain] INFO  o.s.boot.web.embedded.tomcat.TomcatWebServer - Tomcat initialized with port(s): 8081 (http)
2025-06-12 18:40:53.134 [restartedMain] INFO  org.apache.coyote.http11.Http11NioProtocol - Initializing ProtocolHandler ["http-nio-8081"]
2025-06-12 18:40:53.134 [restartedMain] INFO  org.apache.catalina.core.StandardService - Starting service [Tomcat]
2025-06-12 18:40:53.136 [restartedMain] INFO  org.apache.catalina.core.StandardEngine - Starting Servlet engine: [Apache Tomcat/9.0.41]
2025-06-12 18:40:53.249 [restartedMain] INFO  o.a.c.core.ContainerBase.[Tomcat].[localhost].[/] - Initializing Spring embedded WebApplicationContext
2025-06-12 18:40:53.249 [restartedMain] INFO  o.s.b.w.s.c.ServletWebServerApplicationContext - Root WebApplicationContext: initialization completed in 1889 ms
2025-06-12 18:40:53.718 [restartedMain] INFO  c.a.d.s.b.a.DruidDataSourceAutoConfigure - Init DruidDataSource
2025-06-12 18:40:54.504 [restartedMain] INFO  com.alibaba.druid.pool.DruidDataSource - {dataSource-1} inited
2025-06-12 18:40:55.448 [restartedMain] INFO  o.s.scheduling.concurrent.ThreadPoolTaskExecutor - Initializing ExecutorService 'applicationTaskExecutor'
2025-06-12 18:40:55.811 [restartedMain] INFO  o.s.b.d.autoconfigure.OptionalLiveReloadServer - LiveReload server is running on port 35729
2025-06-12 18:40:55.859 [restartedMain] INFO  org.apache.coyote.http11.Http11NioProtocol - Starting ProtocolHandler ["http-nio-8081"]
2025-06-12 18:40:55.909 [restartedMain] INFO  o.s.boot.web.embedded.tomcat.TomcatWebServer - Tomcat started on port(s): 8081 (http) with context path ''
2025-06-12 18:40:55.921 [restartedMain] INFO  com.project.travel.TravelApplication - Started TravelApplication in 5.27 seconds (JVM running for 6.31)
2025-06-12 18:41:40.881 [http-nio-8081-exec-1] INFO  o.a.c.core.ContainerBase.[Tomcat].[localhost].[/] - Initializing Spring DispatcherServlet 'dispatcherServlet'
2025-06-12 18:41:40.882 [http-nio-8081-exec-1] INFO  org.springframework.web.servlet.DispatcherServlet - Initializing Servlet 'dispatcherServlet'
2025-06-12 18:41:40.884 [http-nio-8081-exec-1] INFO  org.springframework.web.servlet.DispatcherServlet - Completed initialization in 2 ms
2025-06-12 18:56:33.994 [SpringContextShutdownHook] INFO  o.s.scheduling.concurrent.ThreadPoolTaskExecutor - Shutting down ExecutorService 'applicationTaskExecutor'
2025-06-12 18:56:34.014 [SpringContextShutdownHook] INFO  com.alibaba.druid.pool.DruidDataSource - {dataSource-1} closing ...
2025-06-12 18:56:34.089 [SpringContextShutdownHook] INFO  com.alibaba.druid.pool.DruidDataSource - {dataSource-1} closed
2025-06-12 18:56:38.835 [restartedMain] INFO  com.project.travel.TravelApplication - Starting TravelApplication using Java 17.0.14 on jmt with PID 47004 (C:\Users\qiqi\OneDrive\Desktop\code\Enterprise_level_architecture\t\travel-server\target\classes started by qiqi in C:\Users\qiqi\OneDrive\Desktop\code\Enterprise_level_architecture\t\travel-server)
2025-06-12 18:56:38.839 [restartedMain] INFO  com.project.travel.TravelApplication - The following profiles are active: dev
2025-06-12 18:56:38.906 [restartedMain] INFO  o.s.b.d.env.DevToolsPropertyDefaultsPostProcessor - Devtools property defaults active! Set 'spring.devtools.add-properties' to 'false' to disable
2025-06-12 18:56:38.906 [restartedMain] INFO  o.s.b.d.env.DevToolsPropertyDefaultsPostProcessor - For additional web related logging consider setting the 'logging.level.web' property to 'DEBUG'
2025-06-12 18:56:40.195 [restartedMain] INFO  o.s.d.r.config.RepositoryConfigurationDelegate - Multiple Spring Data modules found, entering strict repository configuration mode!
2025-06-12 18:56:40.200 [restartedMain] INFO  o.s.d.r.config.RepositoryConfigurationDelegate - Bootstrapping Spring Data Redis repositories in DEFAULT mode.
2025-06-12 18:56:40.278 [restartedMain] INFO  o.s.d.r.config.RepositoryConfigurationDelegate - Finished Spring Data repository scanning in 54 ms. Found 0 Redis repository interfaces.
2025-06-12 18:56:41.346 [restartedMain] INFO  o.s.boot.web.embedded.tomcat.TomcatWebServer - Tomcat initialized with port(s): 8080 (http)
2025-06-12 18:56:41.364 [restartedMain] INFO  org.apache.coyote.http11.Http11NioProtocol - Initializing ProtocolHandler ["http-nio-8080"]
2025-06-12 18:56:41.365 [restartedMain] INFO  org.apache.catalina.core.StandardService - Starting service [Tomcat]
2025-06-12 18:56:41.366 [restartedMain] INFO  org.apache.catalina.core.StandardEngine - Starting Servlet engine: [Apache Tomcat/9.0.41]
2025-06-12 18:56:41.528 [restartedMain] INFO  o.a.c.core.ContainerBase.[Tomcat].[localhost].[/] - Initializing Spring embedded WebApplicationContext
2025-06-12 18:56:41.528 [restartedMain] INFO  o.s.b.w.s.c.ServletWebServerApplicationContext - Root WebApplicationContext: initialization completed in 2621 ms
2025-06-12 18:56:42.134 [restartedMain] INFO  c.a.d.s.b.a.DruidDataSourceAutoConfigure - Init DruidDataSource
2025-06-12 18:56:43.146 [restartedMain] INFO  com.alibaba.druid.pool.DruidDataSource - {dataSource-1} inited
2025-06-12 18:56:44.374 [restartedMain] INFO  o.s.scheduling.concurrent.ThreadPoolTaskExecutor - Initializing ExecutorService 'applicationTaskExecutor'
2025-06-12 18:56:44.765 [restartedMain] INFO  o.s.b.d.autoconfigure.OptionalLiveReloadServer - LiveReload server is running on port 35729
2025-06-12 18:56:44.804 [restartedMain] INFO  org.apache.coyote.http11.Http11NioProtocol - Starting ProtocolHandler ["http-nio-8080"]
2025-06-12 18:56:44.846 [restartedMain] INFO  o.s.boot.web.embedded.tomcat.TomcatWebServer - Tomcat started on port(s): 8080 (http) with context path ''
2025-06-12 18:56:44.860 [restartedMain] INFO  com.project.travel.TravelApplication - Started TravelApplication in 6.699 seconds (JVM running for 7.64)
2025-06-12 18:57:46.347 [http-nio-8080-exec-1] INFO  o.a.c.core.ContainerBase.[Tomcat].[localhost].[/] - Initializing Spring DispatcherServlet 'dispatcherServlet'
2025-06-12 18:57:46.348 [http-nio-8080-exec-1] INFO  org.springframework.web.servlet.DispatcherServlet - Initializing Servlet 'dispatcherServlet'
2025-06-12 18:57:46.349 [http-nio-8080-exec-1] INFO  org.springframework.web.servlet.DispatcherServlet - Completed initialization in 1 ms
2025-06-12 18:58:07.884 [SpringContextShutdownHook] INFO  o.s.scheduling.concurrent.ThreadPoolTaskExecutor - Shutting down ExecutorService 'applicationTaskExecutor'
2025-06-12 18:58:07.887 [SpringContextShutdownHook] INFO  com.alibaba.druid.pool.DruidDataSource - {dataSource-1} closing ...
2025-06-12 18:58:07.893 [SpringContextShutdownHook] INFO  com.alibaba.druid.pool.DruidDataSource - {dataSource-1} closed
2025-06-12 23:38:49.554 [restartedMain] INFO  com.project.travel.TravelApplication - Starting TravelApplication using Java 17.0.14 on jmt with PID 16180 (C:\Users\qiqi\OneDrive\Desktop\code\Enterprise_level_architecture\t\travel-server\target\classes started by qiqi in C:\Users\qiqi\OneDrive\Desktop\code\Enterprise_level_architecture\t\travel-server)
2025-06-12 23:38:49.559 [restartedMain] INFO  com.project.travel.TravelApplication - The following profiles are active: dev
2025-06-12 23:38:49.635 [restartedMain] INFO  o.s.b.d.env.DevToolsPropertyDefaultsPostProcessor - Devtools property defaults active! Set 'spring.devtools.add-properties' to 'false' to disable
2025-06-12 23:38:49.636 [restartedMain] INFO  o.s.b.d.env.DevToolsPropertyDefaultsPostProcessor - For additional web related logging consider setting the 'logging.level.web' property to 'DEBUG'
2025-06-12 23:38:51.174 [restartedMain] INFO  o.s.d.r.config.RepositoryConfigurationDelegate - Multiple Spring Data modules found, entering strict repository configuration mode!
2025-06-12 23:38:51.179 [restartedMain] INFO  o.s.d.r.config.RepositoryConfigurationDelegate - Bootstrapping Spring Data Redis repositories in DEFAULT mode.
2025-06-12 23:38:51.276 [restartedMain] INFO  o.s.d.r.config.RepositoryConfigurationDelegate - Finished Spring Data repository scanning in 71 ms. Found 0 Redis repository interfaces.
2025-06-12 23:38:52.950 [restartedMain] INFO  o.s.boot.web.embedded.tomcat.TomcatWebServer - Tomcat initialized with port(s): 8080 (http)
2025-06-12 23:38:52.969 [restartedMain] INFO  org.apache.coyote.http11.Http11NioProtocol - Initializing ProtocolHandler ["http-nio-8080"]
2025-06-12 23:38:52.970 [restartedMain] INFO  org.apache.catalina.core.StandardService - Starting service [Tomcat]
2025-06-12 23:38:52.970 [restartedMain] INFO  org.apache.catalina.core.StandardEngine - Starting Servlet engine: [Apache Tomcat/9.0.41]
2025-06-12 23:38:53.145 [restartedMain] INFO  o.a.c.core.ContainerBase.[Tomcat].[localhost].[/] - Initializing Spring embedded WebApplicationContext
2025-06-12 23:38:53.145 [restartedMain] INFO  o.s.b.w.s.c.ServletWebServerApplicationContext - Root WebApplicationContext: initialization completed in 3508 ms
2025-06-12 23:38:53.918 [restartedMain] INFO  c.a.d.s.b.a.DruidDataSourceAutoConfigure - Init DruidDataSource
2025-06-12 23:38:57.374 [restartedMain] INFO  com.alibaba.druid.pool.DruidDataSource - {dataSource-1} inited
2025-06-12 23:38:57.381 [Druid-ConnectionPool-Create-1405445244] INFO  com.alibaba.druid.pool.DruidAbstractDataSource - {dataSource-1} failContinuous is true
2025-06-12 23:38:57.416 [restartedMain] INFO  org.apache.catalina.core.StandardService - Stopping service [Tomcat]
2025-06-12 23:38:57.474 [restartedMain] INFO  o.s.b.a.l.ConditionEvaluationReportLoggingListener - 

Error starting ApplicationContext. To display the conditions report re-run your application with 'debug' enabled.
2025-06-12 23:40:56.442 [restartedMain] INFO  com.project.travel.TravelApplication - Starting TravelApplication using Java 17.0.14 on jmt with PID 51368 (C:\Users\qiqi\OneDrive\Desktop\code\Enterprise_level_architecture\t\travel-server\target\classes started by qiqi in C:\Users\qiqi\OneDrive\Desktop\code\Enterprise_level_architecture\t\travel-server)
2025-06-12 23:40:56.445 [restartedMain] INFO  com.project.travel.TravelApplication - The following profiles are active: dev
2025-06-12 23:40:56.576 [restartedMain] INFO  o.s.b.d.env.DevToolsPropertyDefaultsPostProcessor - Devtools property defaults active! Set 'spring.devtools.add-properties' to 'false' to disable
2025-06-12 23:40:56.578 [restartedMain] INFO  o.s.b.d.env.DevToolsPropertyDefaultsPostProcessor - For additional web related logging consider setting the 'logging.level.web' property to 'DEBUG'
2025-06-12 23:40:57.862 [restartedMain] INFO  o.s.d.r.config.RepositoryConfigurationDelegate - Multiple Spring Data modules found, entering strict repository configuration mode!
2025-06-12 23:40:57.867 [restartedMain] INFO  o.s.d.r.config.RepositoryConfigurationDelegate - Bootstrapping Spring Data Redis repositories in DEFAULT mode.
2025-06-12 23:40:57.943 [restartedMain] INFO  o.s.d.r.config.RepositoryConfigurationDelegate - Finished Spring Data repository scanning in 54 ms. Found 0 Redis repository interfaces.
2025-06-12 23:40:58.988 [restartedMain] INFO  o.s.boot.web.embedded.tomcat.TomcatWebServer - Tomcat initialized with port(s): 8080 (http)
2025-06-12 23:40:59.007 [restartedMain] INFO  org.apache.coyote.http11.Http11NioProtocol - Initializing ProtocolHandler ["http-nio-8080"]
2025-06-12 23:40:59.008 [restartedMain] INFO  org.apache.catalina.core.StandardService - Starting service [Tomcat]
2025-06-12 23:40:59.008 [restartedMain] INFO  org.apache.catalina.core.StandardEngine - Starting Servlet engine: [Apache Tomcat/9.0.41]
2025-06-12 23:40:59.144 [restartedMain] INFO  o.a.c.core.ContainerBase.[Tomcat].[localhost].[/] - Initializing Spring embedded WebApplicationContext
2025-06-12 23:40:59.144 [restartedMain] INFO  o.s.b.w.s.c.ServletWebServerApplicationContext - Root WebApplicationContext: initialization completed in 2566 ms
2025-06-12 23:40:59.852 [restartedMain] INFO  c.a.d.s.b.a.DruidDataSourceAutoConfigure - Init DruidDataSource
2025-06-12 23:41:01.283 [restartedMain] INFO  com.alibaba.druid.pool.DruidDataSource - {dataSource-1} inited
2025-06-12 23:41:02.581 [restartedMain] INFO  o.s.scheduling.concurrent.ThreadPoolTaskExecutor - Initializing ExecutorService 'applicationTaskExecutor'
2025-06-12 23:41:03.017 [restartedMain] INFO  o.s.b.d.autoconfigure.OptionalLiveReloadServer - LiveReload server is running on port 35729
2025-06-12 23:41:03.065 [restartedMain] INFO  org.apache.coyote.http11.Http11NioProtocol - Starting ProtocolHandler ["http-nio-8080"]
2025-06-12 23:41:03.123 [restartedMain] INFO  o.s.boot.web.embedded.tomcat.TomcatWebServer - Tomcat started on port(s): 8080 (http) with context path ''
2025-06-12 23:41:03.136 [restartedMain] INFO  com.project.travel.TravelApplication - Started TravelApplication in 7.53 seconds (JVM running for 9.378)
2025-06-12 23:41:52.121 [http-nio-8080-exec-1] INFO  o.a.c.core.ContainerBase.[Tomcat].[localhost].[/] - Initializing Spring DispatcherServlet 'dispatcherServlet'
2025-06-12 23:41:52.123 [http-nio-8080-exec-1] INFO  org.springframework.web.servlet.DispatcherServlet - Initializing Servlet 'dispatcherServlet'
2025-06-12 23:41:52.124 [http-nio-8080-exec-1] INFO  org.springframework.web.servlet.DispatcherServlet - Completed initialization in 1 ms
2025-06-12 23:43:01.414 [SpringContextShutdownHook] INFO  o.s.scheduling.concurrent.ThreadPoolTaskExecutor - Shutting down ExecutorService 'applicationTaskExecutor'
2025-06-12 23:43:01.422 [SpringContextShutdownHook] INFO  com.alibaba.druid.pool.DruidDataSource - {dataSource-1} closing ...
2025-06-12 23:43:01.451 [SpringContextShutdownHook] INFO  com.alibaba.druid.pool.DruidDataSource - {dataSource-1} closed
