2025-06-02 13:11:48.475 [SpringContextShutdownHook] INFO  o.s.scheduling.concurrent.ThreadPoolTaskExecutor - Shutting down ExecutorService 'applicationTaskExecutor'
2025-06-02 13:11:48.501 [SpringContextShutdownHook] INFO  com.alibaba.druid.pool.DruidDataSource - {dataSource-1} closing ...
2025-06-02 13:11:48.506 [SpringContextShutdownHook] INFO  com.alibaba.druid.pool.DruidDataSource - {dataSource-1} closed
2025-06-02 13:15:37.891 [restartedMain] INFO  com.project.travel.TravelApplication - Starting TravelApplication using Java 17.0.6 on lu2061143969 with PID 21172 (D:\AppDevelopment\Day\day9\t\travel-server\target\classes started by xiaolu in D:\AppDevelopment\Day\day9\t\travel-server)
2025-06-02 13:15:37.898 [restartedMain] INFO  com.project.travel.TravelApplication - The following profiles are active: dev
2025-06-02 13:15:38.031 [restartedMain] INFO  o.s.b.d.env.DevToolsPropertyDefaultsPostProcessor - Devtools property defaults active! Set 'spring.devtools.add-properties' to 'false' to disable
2025-06-02 13:15:38.031 [restartedMain] INFO  o.s.b.d.env.DevToolsPropertyDefaultsPostProcessor - For additional web related logging consider setting the 'logging.level.web' property to 'DEBUG'
2025-06-02 13:15:39.164 [restartedMain] INFO  o.s.d.r.config.RepositoryConfigurationDelegate - Multiple Spring Data modules found, entering strict repository configuration mode!
2025-06-02 13:15:39.168 [restartedMain] INFO  o.s.d.r.config.RepositoryConfigurationDelegate - Bootstrapping Spring Data Redis repositories in DEFAULT mode.
2025-06-02 13:15:39.241 [restartedMain] INFO  o.s.d.r.config.RepositoryConfigurationDelegate - Finished Spring Data repository scanning in 60 ms. Found 0 Redis repository interfaces.
2025-06-02 13:15:40.142 [restartedMain] INFO  o.s.boot.web.embedded.tomcat.TomcatWebServer - Tomcat initialized with port(s): 8080 (http)
2025-06-02 13:15:40.156 [restartedMain] INFO  org.apache.coyote.http11.Http11NioProtocol - Initializing ProtocolHandler ["http-nio-8080"]
2025-06-02 13:15:40.156 [restartedMain] INFO  org.apache.catalina.core.StandardService - Starting service [Tomcat]
2025-06-02 13:15:40.156 [restartedMain] INFO  org.apache.catalina.core.StandardEngine - Starting Servlet engine: [Apache Tomcat/9.0.41]
2025-06-02 13:15:40.283 [restartedMain] INFO  o.a.c.core.ContainerBase.[Tomcat].[localhost].[/] - Initializing Spring embedded WebApplicationContext
2025-06-02 13:15:40.283 [restartedMain] INFO  o.s.b.w.s.c.ServletWebServerApplicationContext - Root WebApplicationContext: initialization completed in 2245 ms
2025-06-02 13:15:40.794 [restartedMain] INFO  c.a.d.s.b.a.DruidDataSourceAutoConfigure - Init DruidDataSource
2025-06-02 13:15:41.548 [restartedMain] INFO  com.alibaba.druid.pool.DruidDataSource - {dataSource-1} inited
2025-06-02 13:15:43.253 [restartedMain] INFO  o.s.scheduling.concurrent.ThreadPoolTaskExecutor - Initializing ExecutorService 'applicationTaskExecutor'
2025-06-02 13:15:43.675 [restartedMain] INFO  o.s.b.d.autoconfigure.OptionalLiveReloadServer - LiveReload server is running on port 35729
2025-06-02 13:15:43.721 [restartedMain] INFO  org.apache.coyote.http11.Http11NioProtocol - Starting ProtocolHandler ["http-nio-8080"]
2025-06-02 13:15:43.767 [restartedMain] INFO  o.s.boot.web.embedded.tomcat.TomcatWebServer - Tomcat started on port(s): 8080 (http) with context path ''
2025-06-02 13:15:43.777 [restartedMain] INFO  com.project.travel.TravelApplication - Started TravelApplication in 6.75 seconds (JVM running for 8.095)
2025-06-02 13:23:17.074 [restartedMain] INFO  com.project.travel.TravelApplication - Starting TravelApplication using Java 17.0.6 on lu2061143969 with PID 19812 (D:\AppDevelopment\Day\day9\t\travel-server\target\classes started by xiaolu in D:\AppDevelopment\Day\day9\t\travel-server)
2025-06-02 13:23:17.077 [restartedMain] INFO  com.project.travel.TravelApplication - The following profiles are active: dev
2025-06-02 13:23:17.123 [restartedMain] INFO  o.s.b.d.env.DevToolsPropertyDefaultsPostProcessor - Devtools property defaults active! Set 'spring.devtools.add-properties' to 'false' to disable
2025-06-02 13:23:17.123 [restartedMain] INFO  o.s.b.d.env.DevToolsPropertyDefaultsPostProcessor - For additional web related logging consider setting the 'logging.level.web' property to 'DEBUG'
2025-06-02 13:23:17.911 [restartedMain] INFO  o.s.d.r.config.RepositoryConfigurationDelegate - Multiple Spring Data modules found, entering strict repository configuration mode!
2025-06-02 13:23:17.916 [restartedMain] INFO  o.s.d.r.config.RepositoryConfigurationDelegate - Bootstrapping Spring Data Redis repositories in DEFAULT mode.
2025-06-02 13:23:17.979 [restartedMain] INFO  o.s.d.r.config.RepositoryConfigurationDelegate - Finished Spring Data repository scanning in 48 ms. Found 0 Redis repository interfaces.
2025-06-02 13:23:18.704 [restartedMain] INFO  o.s.boot.web.embedded.tomcat.TomcatWebServer - Tomcat initialized with port(s): 8080 (http)
2025-06-02 13:23:18.713 [restartedMain] INFO  org.apache.coyote.http11.Http11NioProtocol - Initializing ProtocolHandler ["http-nio-8080"]
2025-06-02 13:23:18.713 [restartedMain] INFO  org.apache.catalina.core.StandardService - Starting service [Tomcat]
2025-06-02 13:23:18.713 [restartedMain] INFO  org.apache.catalina.core.StandardEngine - Starting Servlet engine: [Apache Tomcat/9.0.41]
2025-06-02 13:23:18.829 [restartedMain] INFO  o.a.c.core.ContainerBase.[Tomcat].[localhost].[/] - Initializing Spring embedded WebApplicationContext
2025-06-02 13:23:18.829 [restartedMain] INFO  o.s.b.w.s.c.ServletWebServerApplicationContext - Root WebApplicationContext: initialization completed in 1706 ms
2025-06-02 13:23:19.279 [restartedMain] INFO  c.a.d.s.b.a.DruidDataSourceAutoConfigure - Init DruidDataSource
2025-06-02 13:23:20.016 [restartedMain] INFO  com.alibaba.druid.pool.DruidDataSource - {dataSource-1} inited
2025-06-02 13:23:20.890 [restartedMain] INFO  o.s.scheduling.concurrent.ThreadPoolTaskExecutor - Initializing ExecutorService 'applicationTaskExecutor'
2025-06-02 13:23:21.235 [restartedMain] INFO  o.s.b.d.autoconfigure.OptionalLiveReloadServer - LiveReload server is running on port 35729
2025-06-02 13:23:21.291 [restartedMain] INFO  org.apache.coyote.http11.Http11NioProtocol - Starting ProtocolHandler ["http-nio-8080"]
2025-06-02 13:23:21.326 [restartedMain] INFO  o.s.boot.web.embedded.tomcat.TomcatWebServer - Tomcat started on port(s): 8080 (http) with context path ''
2025-06-02 13:23:21.335 [restartedMain] INFO  com.project.travel.TravelApplication - Started TravelApplication in 4.796 seconds (JVM running for 5.792)
2025-06-02 13:29:01.501 [http-nio-8080-exec-1] INFO  o.a.c.core.ContainerBase.[Tomcat].[localhost].[/] - Initializing Spring DispatcherServlet 'dispatcherServlet'
2025-06-02 13:29:01.501 [http-nio-8080-exec-1] INFO  org.springframework.web.servlet.DispatcherServlet - Initializing Servlet 'dispatcherServlet'
2025-06-02 13:29:01.503 [http-nio-8080-exec-1] INFO  org.springframework.web.servlet.DispatcherServlet - Completed initialization in 1 ms
2025-06-02 13:46:54.776 [http-nio-8080-exec-83] INFO  com.project.travel.handle.insertFill - 公共字段自动填充[insert]...
2025-06-02 13:46:58.846 [http-nio-8080-exec-86] INFO  com.project.travel.handle.insertFill - 公共字段自动填充[update]...
2025-06-02 13:49:26.654 [http-nio-8080-exec-35] INFO  com.project.travel.handle.insertFill - 公共字段自动填充[update]...
2025-06-02 13:52:05.005 [http-nio-8080-exec-45] INFO  com.project.travel.handle.insertFill - 公共字段自动填充[insert]...
2025-06-02 13:52:06.874 [http-nio-8080-exec-46] INFO  com.project.travel.handle.insertFill - 公共字段自动填充[update]...
2025-06-02 13:55:04.790 [http-nio-8080-exec-75] INFO  com.project.travel.handle.insertFill - 公共字段自动填充[insert]...
2025-06-02 13:55:08.302 [http-nio-8080-exec-80] INFO  com.project.travel.handle.insertFill - 公共字段自动填充[update]...
2025-06-02 13:58:17.058 [http-nio-8080-exec-14] INFO  com.project.travel.handle.insertFill - 公共字段自动填充[insert]...
2025-06-02 13:58:24.627 [http-nio-8080-exec-32] INFO  com.project.travel.handle.insertFill - 公共字段自动填充[update]...
2025-06-02 14:02:30.082 [http-nio-8080-exec-83] INFO  com.project.travel.handle.insertFill - 公共字段自动填充[insert]...
2025-06-02 14:02:31.308 [http-nio-8080-exec-84] INFO  com.project.travel.handle.insertFill - 公共字段自动填充[update]...
2025-06-02 14:06:02.586 [http-nio-8080-exec-31] INFO  com.project.travel.handle.insertFill - 公共字段自动填充[insert]...
2025-06-02 14:06:04.339 [http-nio-8080-exec-37] INFO  com.project.travel.handle.insertFill - 公共字段自动填充[update]...
2025-06-02 14:19:48.745 [http-nio-8080-exec-41] INFO  com.project.travel.handle.insertFill - 公共字段自动填充[insert]...
2025-06-02 14:19:50.138 [http-nio-8080-exec-44] INFO  com.project.travel.handle.insertFill - 公共字段自动填充[update]...
2025-06-02 14:22:58.251 [http-nio-8080-exec-92] INFO  com.project.travel.handle.insertFill - 公共字段自动填充[insert]...
2025-06-02 14:23:00.209 [http-nio-8080-exec-97] INFO  com.project.travel.handle.insertFill - 公共字段自动填充[update]...
2025-06-02 14:26:19.684 [http-nio-8080-exec-69] INFO  com.project.travel.handle.insertFill - 公共字段自动填充[insert]...
2025-06-02 14:26:20.456 [http-nio-8080-exec-78] INFO  com.project.travel.handle.insertFill - 公共字段自动填充[update]...
2025-06-02 14:31:13.372 [http-nio-8080-exec-42] INFO  com.project.travel.handle.insertFill - 公共字段自动填充[insert]...
2025-06-02 14:31:14.920 [http-nio-8080-exec-40] INFO  com.project.travel.handle.insertFill - 公共字段自动填充[update]...
2025-06-02 14:31:39.093 [http-nio-8080-exec-49] INFO  com.project.travel.handle.insertFill - 公共字段自动填充[update]...
2025-06-02 14:31:39.950 [http-nio-8080-exec-50] INFO  com.project.travel.handle.insertFill - 公共字段自动填充[update]...
2025-06-02 14:34:50.416 [http-nio-8080-exec-99] INFO  com.project.travel.handle.insertFill - 公共字段自动填充[insert]...
2025-06-02 14:34:57.979 [http-nio-8080-exec-24] INFO  com.project.travel.handle.insertFill - 公共字段自动填充[update]...
2025-06-02 14:38:38.518 [http-nio-8080-exec-63] INFO  com.project.travel.handle.insertFill - 公共字段自动填充[insert]...
2025-06-02 14:38:39.517 [http-nio-8080-exec-71] INFO  com.project.travel.handle.insertFill - 公共字段自动填充[update]...
2025-06-02 14:43:43.015 [http-nio-8080-exec-19] INFO  com.project.travel.handle.insertFill - 公共字段自动填充[insert]...
2025-06-02 14:43:44.380 [http-nio-8080-exec-17] INFO  com.project.travel.handle.insertFill - 公共字段自动填充[update]...
2025-06-02 14:46:47.269 [http-nio-8080-exec-76] INFO  com.project.travel.handle.insertFill - 公共字段自动填充[insert]...
2025-06-02 14:46:48.563 [http-nio-8080-exec-75] INFO  com.project.travel.handle.insertFill - 公共字段自动填充[update]...
2025-06-02 14:49:30.754 [http-nio-8080-exec-27] INFO  com.project.travel.handle.insertFill - 公共字段自动填充[insert]...
2025-06-02 14:49:57.956 [http-nio-8080-exec-41] INFO  com.project.travel.handle.insertFill - 公共字段自动填充[update]...
2025-06-02 14:49:59.465 [http-nio-8080-exec-42] INFO  com.project.travel.handle.insertFill - 公共字段自动填充[update]...
2025-06-02 14:54:00.451 [http-nio-8080-exec-14] INFO  com.project.travel.handle.insertFill - 公共字段自动填充[insert]...
2025-06-02 14:54:02.050 [http-nio-8080-exec-11] INFO  com.project.travel.handle.insertFill - 公共字段自动填充[update]...
2025-06-02 14:56:46.442 [http-nio-8080-exec-68] INFO  com.project.travel.handle.insertFill - 公共字段自动填充[insert]...
2025-06-02 14:58:19.685 [http-nio-8080-exec-22] INFO  com.project.travel.handle.insertFill - 公共字段自动填充[update]...
2025-06-02 14:58:25.704 [http-nio-8080-exec-21] INFO  com.project.travel.handle.insertFill - 公共字段自动填充[update]...
2025-06-02 14:58:30.807 [http-nio-8080-exec-32] INFO  com.project.travel.handle.insertFill - 公共字段自动填充[update]...
2025-06-02 14:58:38.131 [http-nio-8080-exec-42] INFO  com.project.travel.handle.insertFill - 公共字段自动填充[update]...
2025-06-02 14:58:44.521 [http-nio-8080-exec-49] INFO  com.project.travel.handle.insertFill - 公共字段自动填充[update]...
2025-06-02 15:00:52.275 [http-nio-8080-exec-79] INFO  com.project.travel.handle.insertFill - 公共字段自动填充[insert]...
2025-06-02 15:00:53.323 [http-nio-8080-exec-91] INFO  com.project.travel.handle.insertFill - 公共字段自动填充[update]...
2025-06-02 15:03:21.124 [http-nio-8080-exec-24] INFO  com.project.travel.handle.insertFill - 公共字段自动填充[insert]...
2025-06-02 15:03:22.549 [http-nio-8080-exec-29] INFO  com.project.travel.handle.insertFill - 公共字段自动填充[update]...
2025-06-02 15:05:55.227 [http-nio-8080-exec-76] INFO  com.project.travel.handle.insertFill - 公共字段自动填充[insert]...
2025-06-02 15:05:56.426 [http-nio-8080-exec-72] INFO  com.project.travel.handle.insertFill - 公共字段自动填充[update]...
2025-06-02 15:09:23.319 [http-nio-8080-exec-29] INFO  com.project.travel.handle.insertFill - 公共字段自动填充[insert]...
2025-06-02 15:09:24.272 [http-nio-8080-exec-27] INFO  com.project.travel.handle.insertFill - 公共字段自动填充[update]...
2025-06-02 15:12:20.210 [http-nio-8080-exec-83] INFO  com.project.travel.handle.insertFill - 公共字段自动填充[insert]...
2025-06-02 15:12:22.128 [http-nio-8080-exec-77] INFO  com.project.travel.handle.insertFill - 公共字段自动填充[update]...
2025-06-02 15:14:33.619 [http-nio-8080-exec-18] INFO  com.project.travel.handle.insertFill - 公共字段自动填充[insert]...
2025-06-02 15:14:34.922 [http-nio-8080-exec-19] INFO  com.project.travel.handle.insertFill - 公共字段自动填充[update]...
2025-06-02 15:16:46.401 [http-nio-8080-exec-66] INFO  com.project.travel.handle.insertFill - 公共字段自动填充[insert]...
2025-06-02 15:16:47.610 [http-nio-8080-exec-58] INFO  com.project.travel.handle.insertFill - 公共字段自动填充[update]...
2025-06-02 15:24:44.495 [http-nio-8080-exec-11] INFO  com.project.travel.handle.insertFill - 公共字段自动填充[insert]...
2025-06-02 15:24:45.629 [http-nio-8080-exec-22] INFO  com.project.travel.handle.insertFill - 公共字段自动填充[update]...
2025-06-02 15:27:14.588 [http-nio-8080-exec-73] INFO  com.project.travel.handle.insertFill - 公共字段自动填充[insert]...
2025-06-02 15:27:15.732 [http-nio-8080-exec-61] INFO  com.project.travel.handle.insertFill - 公共字段自动填充[update]...
2025-06-02 15:29:13.796 [http-nio-8080-exec-98] INFO  com.project.travel.handle.insertFill - 公共字段自动填充[insert]...
2025-06-02 15:29:14.761 [http-nio-8080-exec-96] INFO  com.project.travel.handle.insertFill - 公共字段自动填充[update]...
2025-06-02 15:33:07.204 [http-nio-8080-exec-38] INFO  com.project.travel.handle.insertFill - 公共字段自动填充[insert]...
2025-06-02 15:33:08.548 [http-nio-8080-exec-40] INFO  com.project.travel.handle.insertFill - 公共字段自动填充[update]...
2025-06-02 15:41:17.609 [http-nio-8080-exec-2] INFO  com.project.travel.handle.insertFill - 公共字段自动填充[insert]...
2025-06-02 15:41:19.096 [http-nio-8080-exec-6] INFO  com.project.travel.handle.insertFill - 公共字段自动填充[update]...
2025-06-02 15:43:32.073 [http-nio-8080-exec-38] INFO  com.project.travel.handle.insertFill - 公共字段自动填充[insert]...
2025-06-02 15:43:33.038 [http-nio-8080-exec-42] INFO  com.project.travel.handle.insertFill - 公共字段自动填充[update]...
2025-06-02 15:47:33.284 [http-nio-8080-exec-89] INFO  com.project.travel.handle.insertFill - 公共字段自动填充[insert]...
2025-06-02 15:47:37.066 [http-nio-8080-exec-11] INFO  com.project.travel.handle.insertFill - 公共字段自动填充[update]...
2025-06-02 15:51:12.777 [http-nio-8080-exec-63] INFO  com.project.travel.handle.insertFill - 公共字段自动填充[insert]...
2025-06-02 15:51:13.619 [http-nio-8080-exec-71] INFO  com.project.travel.handle.insertFill - 公共字段自动填充[update]...
2025-06-02 15:53:48.600 [http-nio-8080-exec-15] INFO  com.project.travel.handle.insertFill - 公共字段自动填充[insert]...
2025-06-02 15:53:50.192 [http-nio-8080-exec-13] INFO  com.project.travel.handle.insertFill - 公共字段自动填充[update]...
2025-06-02 15:56:40.130 [http-nio-8080-exec-68] INFO  com.project.travel.handle.insertFill - 公共字段自动填充[insert]...
2025-06-02 15:56:41.334 [http-nio-8080-exec-60] INFO  com.project.travel.handle.insertFill - 公共字段自动填充[update]...
2025-06-02 16:19:03.178 [http-nio-8080-exec-80] INFO  com.project.travel.handle.insertFill - 公共字段自动填充[insert]...
2025-06-02 16:25:04.189 [http-nio-8080-exec-31] INFO  com.project.travel.handle.insertFill - 公共字段自动填充[insert]...
2025-06-02 16:27:57.250 [http-nio-8080-exec-49] INFO  com.project.travel.handle.insertFill - 公共字段自动填充[insert]...
2025-06-02 16:28:53.033 [http-nio-8080-exec-95] INFO  com.project.travel.handle.insertFill - 公共字段自动填充[update]...
2025-06-02 16:29:19.455 [http-nio-8080-exec-14] INFO  com.project.travel.handle.insertFill - 公共字段自动填充[update]...
2025-06-02 16:30:58.981 [http-nio-8080-exec-34] INFO  com.project.travel.handle.insertFill - 公共字段自动填充[update]...
2025-06-02 16:31:49.756 [http-nio-8080-exec-25] INFO  com.project.travel.handle.insertFill - 公共字段自动填充[update]...
2025-06-02 16:33:45.718 [http-nio-8080-exec-41] INFO  com.project.travel.handle.insertFill - 公共字段自动填充[insert]...
2025-06-02 16:34:52.667 [http-nio-8080-exec-51] INFO  com.project.travel.handle.insertFill - 公共字段自动填充[insert]...
2025-06-02 16:35:50.924 [restartedMain] INFO  com.project.travel.TravelApplication - Starting TravelApplication using Java 17.0.6 on lu2061143969 with PID 26080 (D:\AppDevelopment\Day\day9\t\travel-server\target\classes started by xiaolu in D:\AppDevelopment\Day\day9\t\travel-server)
2025-06-02 16:35:50.926 [restartedMain] INFO  com.project.travel.TravelApplication - The following profiles are active: dev
2025-06-02 16:35:50.969 [restartedMain] INFO  o.s.b.d.env.DevToolsPropertyDefaultsPostProcessor - Devtools property defaults active! Set 'spring.devtools.add-properties' to 'false' to disable
2025-06-02 16:35:50.969 [restartedMain] INFO  o.s.b.d.env.DevToolsPropertyDefaultsPostProcessor - For additional web related logging consider setting the 'logging.level.web' property to 'DEBUG'
2025-06-02 16:35:51.604 [restartedMain] INFO  o.s.d.r.config.RepositoryConfigurationDelegate - Multiple Spring Data modules found, entering strict repository configuration mode!
2025-06-02 16:35:51.606 [restartedMain] INFO  o.s.d.r.config.RepositoryConfigurationDelegate - Bootstrapping Spring Data Redis repositories in DEFAULT mode.
2025-06-02 16:35:51.659 [restartedMain] INFO  o.s.d.r.config.RepositoryConfigurationDelegate - Finished Spring Data repository scanning in 40 ms. Found 0 Redis repository interfaces.
2025-06-02 16:35:52.249 [restartedMain] INFO  o.s.boot.web.embedded.tomcat.TomcatWebServer - Tomcat initialized with port(s): 8080 (http)
2025-06-02 16:35:52.257 [restartedMain] INFO  org.apache.coyote.http11.Http11NioProtocol - Initializing ProtocolHandler ["http-nio-8080"]
2025-06-02 16:35:52.257 [restartedMain] INFO  org.apache.catalina.core.StandardService - Starting service [Tomcat]
2025-06-02 16:35:52.257 [restartedMain] INFO  org.apache.catalina.core.StandardEngine - Starting Servlet engine: [Apache Tomcat/9.0.41]
2025-06-02 16:35:52.351 [restartedMain] INFO  o.a.c.core.ContainerBase.[Tomcat].[localhost].[/] - Initializing Spring embedded WebApplicationContext
2025-06-02 16:35:52.352 [restartedMain] INFO  o.s.b.w.s.c.ServletWebServerApplicationContext - Root WebApplicationContext: initialization completed in 1383 ms
2025-06-02 16:35:52.719 [restartedMain] INFO  c.a.d.s.b.a.DruidDataSourceAutoConfigure - Init DruidDataSource
2025-06-02 16:35:53.304 [restartedMain] INFO  com.alibaba.druid.pool.DruidDataSource - {dataSource-1} inited
2025-06-02 16:35:54.060 [restartedMain] INFO  o.s.scheduling.concurrent.ThreadPoolTaskExecutor - Initializing ExecutorService 'applicationTaskExecutor'
2025-06-02 16:35:54.336 [restartedMain] INFO  org.apache.coyote.http11.Http11NioProtocol - Starting ProtocolHandler ["http-nio-8080"]
2025-06-02 16:35:54.354 [restartedMain] INFO  o.s.scheduling.concurrent.ThreadPoolTaskExecutor - Shutting down ExecutorService 'applicationTaskExecutor'
2025-06-02 16:35:54.356 [restartedMain] INFO  com.alibaba.druid.pool.DruidDataSource - {dataSource-1} closing ...
2025-06-02 16:35:54.361 [restartedMain] INFO  com.alibaba.druid.pool.DruidDataSource - {dataSource-1} closed
2025-06-02 16:35:54.376 [restartedMain] INFO  org.apache.coyote.http11.Http11NioProtocol - Pausing ProtocolHandler ["http-nio-8080"]
2025-06-02 16:35:54.376 [restartedMain] INFO  org.apache.catalina.core.StandardService - Stopping service [Tomcat]
2025-06-02 16:35:54.383 [restartedMain] INFO  org.apache.coyote.http11.Http11NioProtocol - Stopping ProtocolHandler ["http-nio-8080"]
2025-06-02 16:35:54.383 [restartedMain] INFO  org.apache.coyote.http11.Http11NioProtocol - Destroying ProtocolHandler ["http-nio-8080"]
2025-06-02 16:35:54.389 [restartedMain] INFO  o.s.b.a.l.ConditionEvaluationReportLoggingListener - 

Error starting ApplicationContext. To display the conditions report re-run your application with 'debug' enabled.
2025-06-02 16:38:24.074 [restartedMain] INFO  com.project.travel.TravelApplication - Starting TravelApplication using Java 17.0.6 on lu2061143969 with PID 2668 (D:\AppDevelopment\Day\day9\t\travel-server\target\classes started by xiaolu in D:\AppDevelopment\Day\day9\t\travel-server)
2025-06-02 16:38:24.077 [restartedMain] INFO  com.project.travel.TravelApplication - The following profiles are active: dev
2025-06-02 16:38:24.116 [restartedMain] INFO  o.s.b.d.env.DevToolsPropertyDefaultsPostProcessor - Devtools property defaults active! Set 'spring.devtools.add-properties' to 'false' to disable
2025-06-02 16:38:24.116 [restartedMain] INFO  o.s.b.d.env.DevToolsPropertyDefaultsPostProcessor - For additional web related logging consider setting the 'logging.level.web' property to 'DEBUG'
2025-06-02 16:38:24.661 [restartedMain] INFO  o.s.d.r.config.RepositoryConfigurationDelegate - Multiple Spring Data modules found, entering strict repository configuration mode!
2025-06-02 16:38:24.664 [restartedMain] INFO  o.s.d.r.config.RepositoryConfigurationDelegate - Bootstrapping Spring Data Redis repositories in DEFAULT mode.
2025-06-02 16:38:24.718 [restartedMain] INFO  o.s.d.r.config.RepositoryConfigurationDelegate - Finished Spring Data repository scanning in 42 ms. Found 0 Redis repository interfaces.
2025-06-02 16:38:25.231 [restartedMain] INFO  o.s.boot.web.embedded.tomcat.TomcatWebServer - Tomcat initialized with port(s): 8080 (http)
2025-06-02 16:38:25.239 [restartedMain] INFO  org.apache.coyote.http11.Http11NioProtocol - Initializing ProtocolHandler ["http-nio-8080"]
2025-06-02 16:38:25.239 [restartedMain] INFO  org.apache.catalina.core.StandardService - Starting service [Tomcat]
2025-06-02 16:38:25.239 [restartedMain] INFO  org.apache.catalina.core.StandardEngine - Starting Servlet engine: [Apache Tomcat/9.0.41]
2025-06-02 16:38:25.325 [restartedMain] INFO  o.a.c.core.ContainerBase.[Tomcat].[localhost].[/] - Initializing Spring embedded WebApplicationContext
2025-06-02 16:38:25.325 [restartedMain] INFO  o.s.b.w.s.c.ServletWebServerApplicationContext - Root WebApplicationContext: initialization completed in 1209 ms
2025-06-02 16:38:25.606 [restartedMain] INFO  c.a.d.s.b.a.DruidDataSourceAutoConfigure - Init DruidDataSource
2025-06-02 16:38:26.065 [restartedMain] INFO  com.alibaba.druid.pool.DruidDataSource - {dataSource-1} inited
2025-06-02 16:38:26.751 [restartedMain] INFO  o.s.scheduling.concurrent.ThreadPoolTaskExecutor - Initializing ExecutorService 'applicationTaskExecutor'
2025-06-02 16:38:27.025 [restartedMain] INFO  org.apache.coyote.http11.Http11NioProtocol - Starting ProtocolHandler ["http-nio-8080"]
2025-06-02 16:38:27.043 [restartedMain] INFO  o.s.scheduling.concurrent.ThreadPoolTaskExecutor - Shutting down ExecutorService 'applicationTaskExecutor'
2025-06-02 16:38:27.044 [restartedMain] INFO  com.alibaba.druid.pool.DruidDataSource - {dataSource-1} closing ...
2025-06-02 16:38:27.048 [restartedMain] INFO  com.alibaba.druid.pool.DruidDataSource - {dataSource-1} closed
2025-06-02 16:38:27.061 [restartedMain] INFO  org.apache.coyote.http11.Http11NioProtocol - Pausing ProtocolHandler ["http-nio-8080"]
2025-06-02 16:38:27.061 [restartedMain] INFO  org.apache.catalina.core.StandardService - Stopping service [Tomcat]
2025-06-02 16:38:27.065 [restartedMain] INFO  org.apache.coyote.http11.Http11NioProtocol - Stopping ProtocolHandler ["http-nio-8080"]
2025-06-02 16:38:27.065 [restartedMain] INFO  org.apache.coyote.http11.Http11NioProtocol - Destroying ProtocolHandler ["http-nio-8080"]
2025-06-02 16:38:27.070 [restartedMain] INFO  o.s.b.a.l.ConditionEvaluationReportLoggingListener - 

Error starting ApplicationContext. To display the conditions report re-run your application with 'debug' enabled.
2025-06-02 16:39:39.277 [restartedMain] INFO  com.project.travel.TravelApplication - Starting TravelApplication using Java 17.0.6 on lu2061143969 with PID 26140 (D:\AppDevelopment\Day\day9\t\travel-server\target\classes started by xiaolu in D:\AppDevelopment\Day\day9\t\travel-server)
2025-06-02 16:39:39.279 [restartedMain] INFO  com.project.travel.TravelApplication - The following profiles are active: dev
2025-06-02 16:39:39.315 [restartedMain] INFO  o.s.b.d.env.DevToolsPropertyDefaultsPostProcessor - Devtools property defaults active! Set 'spring.devtools.add-properties' to 'false' to disable
2025-06-02 16:39:39.315 [restartedMain] INFO  o.s.b.d.env.DevToolsPropertyDefaultsPostProcessor - For additional web related logging consider setting the 'logging.level.web' property to 'DEBUG'
2025-06-02 16:39:39.898 [restartedMain] INFO  o.s.d.r.config.RepositoryConfigurationDelegate - Multiple Spring Data modules found, entering strict repository configuration mode!
2025-06-02 16:39:39.900 [restartedMain] INFO  o.s.d.r.config.RepositoryConfigurationDelegate - Bootstrapping Spring Data Redis repositories in DEFAULT mode.
2025-06-02 16:39:39.953 [restartedMain] INFO  o.s.d.r.config.RepositoryConfigurationDelegate - Finished Spring Data repository scanning in 43 ms. Found 0 Redis repository interfaces.
2025-06-02 16:39:40.472 [restartedMain] INFO  o.s.boot.web.embedded.tomcat.TomcatWebServer - Tomcat initialized with port(s): 8080 (http)
2025-06-02 16:39:40.480 [restartedMain] INFO  org.apache.coyote.http11.Http11NioProtocol - Initializing ProtocolHandler ["http-nio-8080"]
2025-06-02 16:39:40.480 [restartedMain] INFO  org.apache.catalina.core.StandardService - Starting service [Tomcat]
2025-06-02 16:39:40.480 [restartedMain] INFO  org.apache.catalina.core.StandardEngine - Starting Servlet engine: [Apache Tomcat/9.0.41]
2025-06-02 16:39:40.568 [restartedMain] INFO  o.a.c.core.ContainerBase.[Tomcat].[localhost].[/] - Initializing Spring embedded WebApplicationContext
2025-06-02 16:39:40.568 [restartedMain] INFO  o.s.b.w.s.c.ServletWebServerApplicationContext - Root WebApplicationContext: initialization completed in 1253 ms
2025-06-02 16:39:40.855 [restartedMain] INFO  c.a.d.s.b.a.DruidDataSourceAutoConfigure - Init DruidDataSource
2025-06-02 16:39:41.321 [restartedMain] INFO  com.alibaba.druid.pool.DruidDataSource - {dataSource-1} inited
2025-06-02 16:39:41.982 [restartedMain] INFO  o.s.scheduling.concurrent.ThreadPoolTaskExecutor - Initializing ExecutorService 'applicationTaskExecutor'
2025-06-02 16:39:42.223 [restartedMain] INFO  o.s.b.d.autoconfigure.OptionalLiveReloadServer - LiveReload server is running on port 35729
2025-06-02 16:39:42.250 [restartedMain] INFO  org.apache.coyote.http11.Http11NioProtocol - Starting ProtocolHandler ["http-nio-8080"]
2025-06-02 16:39:42.279 [restartedMain] INFO  o.s.boot.web.embedded.tomcat.TomcatWebServer - Tomcat started on port(s): 8080 (http) with context path ''
2025-06-02 16:39:42.287 [restartedMain] INFO  com.project.travel.TravelApplication - Started TravelApplication in 3.385 seconds (JVM running for 4.028)
2025-06-02 16:39:49.272 [http-nio-8080-exec-2] INFO  o.a.c.core.ContainerBase.[Tomcat].[localhost].[/] - Initializing Spring DispatcherServlet 'dispatcherServlet'
2025-06-02 16:39:49.273 [http-nio-8080-exec-2] INFO  org.springframework.web.servlet.DispatcherServlet - Initializing Servlet 'dispatcherServlet'
2025-06-02 16:39:49.273 [http-nio-8080-exec-2] INFO  org.springframework.web.servlet.DispatcherServlet - Completed initialization in 0 ms
2025-06-02 17:29:58.146 [restartedMain] INFO  com.project.travel.TravelApplication - Starting TravelApplication using Java 17.0.6 on lu2061143969 with PID 26196 (D:\AppDevelopment\Day\day9\t\travel-server\target\classes started by xiaolu in D:\AppDevelopment\Day\day9\t\travel-server)
2025-06-02 17:29:58.147 [restartedMain] INFO  com.project.travel.TravelApplication - The following profiles are active: dev
2025-06-02 17:29:58.184 [restartedMain] INFO  o.s.b.d.env.DevToolsPropertyDefaultsPostProcessor - Devtools property defaults active! Set 'spring.devtools.add-properties' to 'false' to disable
2025-06-02 17:29:58.184 [restartedMain] INFO  o.s.b.d.env.DevToolsPropertyDefaultsPostProcessor - For additional web related logging consider setting the 'logging.level.web' property to 'DEBUG'
2025-06-02 17:29:58.919 [restartedMain] INFO  o.s.d.r.config.RepositoryConfigurationDelegate - Multiple Spring Data modules found, entering strict repository configuration mode!
2025-06-02 17:29:58.921 [restartedMain] INFO  o.s.d.r.config.RepositoryConfigurationDelegate - Bootstrapping Spring Data Redis repositories in DEFAULT mode.
2025-06-02 17:29:58.975 [restartedMain] INFO  o.s.d.r.config.RepositoryConfigurationDelegate - Finished Spring Data repository scanning in 41 ms. Found 0 Redis repository interfaces.
2025-06-02 17:29:59.547 [restartedMain] INFO  o.s.boot.web.embedded.tomcat.TomcatWebServer - Tomcat initialized with port(s): 8080 (http)
2025-06-02 17:29:59.556 [restartedMain] INFO  org.apache.coyote.http11.Http11NioProtocol - Initializing ProtocolHandler ["http-nio-8080"]
2025-06-02 17:29:59.557 [restartedMain] INFO  org.apache.catalina.core.StandardService - Starting service [Tomcat]
2025-06-02 17:29:59.557 [restartedMain] INFO  org.apache.catalina.core.StandardEngine - Starting Servlet engine: [Apache Tomcat/9.0.41]
2025-06-02 17:29:59.649 [restartedMain] INFO  o.a.c.core.ContainerBase.[Tomcat].[localhost].[/] - Initializing Spring embedded WebApplicationContext
2025-06-02 17:29:59.650 [restartedMain] INFO  o.s.b.w.s.c.ServletWebServerApplicationContext - Root WebApplicationContext: initialization completed in 1465 ms
2025-06-02 17:29:59.959 [restartedMain] INFO  c.a.d.s.b.a.DruidDataSourceAutoConfigure - Init DruidDataSource
2025-06-02 17:30:00.551 [restartedMain] INFO  com.alibaba.druid.pool.DruidDataSource - {dataSource-1} inited
2025-06-02 17:30:01.227 [restartedMain] INFO  o.s.scheduling.concurrent.ThreadPoolTaskExecutor - Initializing ExecutorService 'applicationTaskExecutor'
2025-06-02 17:30:01.465 [restartedMain] INFO  o.s.b.d.autoconfigure.OptionalLiveReloadServer - LiveReload server is running on port 35729
2025-06-02 17:30:01.492 [restartedMain] INFO  org.apache.coyote.http11.Http11NioProtocol - Starting ProtocolHandler ["http-nio-8080"]
2025-06-02 17:30:01.521 [restartedMain] INFO  o.s.boot.web.embedded.tomcat.TomcatWebServer - Tomcat started on port(s): 8080 (http) with context path ''
2025-06-02 17:30:01.527 [restartedMain] INFO  com.project.travel.TravelApplication - Started TravelApplication in 3.785 seconds (JVM running for 4.462)
2025-06-02 17:30:05.755 [http-nio-8080-exec-1] INFO  o.a.c.core.ContainerBase.[Tomcat].[localhost].[/] - Initializing Spring DispatcherServlet 'dispatcherServlet'
2025-06-02 17:30:05.755 [http-nio-8080-exec-1] INFO  org.springframework.web.servlet.DispatcherServlet - Initializing Servlet 'dispatcherServlet'
2025-06-02 17:30:05.756 [http-nio-8080-exec-1] INFO  org.springframework.web.servlet.DispatcherServlet - Completed initialization in 1 ms
2025-06-02 17:32:06.248 [SpringContextShutdownHook] INFO  o.s.scheduling.concurrent.ThreadPoolTaskExecutor - Shutting down ExecutorService 'applicationTaskExecutor'
2025-06-02 17:32:06.250 [SpringContextShutdownHook] INFO  com.alibaba.druid.pool.DruidDataSource - {dataSource-1} closing ...
2025-06-02 17:32:06.258 [SpringContextShutdownHook] INFO  com.alibaba.druid.pool.DruidDataSource - {dataSource-1} closed
2025-06-02 17:32:10.309 [restartedMain] INFO  com.project.travel.TravelApplication - Starting TravelApplication using Java 17.0.6 on lu2061143969 with PID 6532 (D:\AppDevelopment\Day\day9\t\travel-server\target\classes started by xiaolu in D:\AppDevelopment\Day\day9\t\travel-server)
2025-06-02 17:32:10.310 [restartedMain] INFO  com.project.travel.TravelApplication - The following profiles are active: dev
2025-06-02 17:32:10.346 [restartedMain] INFO  o.s.b.d.env.DevToolsPropertyDefaultsPostProcessor - Devtools property defaults active! Set 'spring.devtools.add-properties' to 'false' to disable
2025-06-02 17:32:10.346 [restartedMain] INFO  o.s.b.d.env.DevToolsPropertyDefaultsPostProcessor - For additional web related logging consider setting the 'logging.level.web' property to 'DEBUG'
2025-06-02 17:32:10.983 [restartedMain] INFO  o.s.d.r.config.RepositoryConfigurationDelegate - Multiple Spring Data modules found, entering strict repository configuration mode!
2025-06-02 17:32:10.985 [restartedMain] INFO  o.s.d.r.config.RepositoryConfigurationDelegate - Bootstrapping Spring Data Redis repositories in DEFAULT mode.
2025-06-02 17:32:11.042 [restartedMain] INFO  o.s.d.r.config.RepositoryConfigurationDelegate - Finished Spring Data repository scanning in 46 ms. Found 0 Redis repository interfaces.
2025-06-02 17:32:11.608 [restartedMain] INFO  o.s.boot.web.embedded.tomcat.TomcatWebServer - Tomcat initialized with port(s): 8080 (http)
2025-06-02 17:32:11.616 [restartedMain] INFO  org.apache.coyote.http11.Http11NioProtocol - Initializing ProtocolHandler ["http-nio-8080"]
2025-06-02 17:32:11.616 [restartedMain] INFO  org.apache.catalina.core.StandardService - Starting service [Tomcat]
2025-06-02 17:32:11.616 [restartedMain] INFO  org.apache.catalina.core.StandardEngine - Starting Servlet engine: [Apache Tomcat/9.0.41]
2025-06-02 17:32:11.706 [restartedMain] INFO  o.a.c.core.ContainerBase.[Tomcat].[localhost].[/] - Initializing Spring embedded WebApplicationContext
2025-06-02 17:32:11.707 [restartedMain] INFO  o.s.b.w.s.c.ServletWebServerApplicationContext - Root WebApplicationContext: initialization completed in 1361 ms
2025-06-02 17:32:12.006 [restartedMain] INFO  c.a.d.s.b.a.DruidDataSourceAutoConfigure - Init DruidDataSource
2025-06-02 17:32:12.579 [restartedMain] INFO  com.alibaba.druid.pool.DruidDataSource - {dataSource-1} inited
2025-06-02 17:32:13.299 [restartedMain] INFO  o.s.scheduling.concurrent.ThreadPoolTaskExecutor - Initializing ExecutorService 'applicationTaskExecutor'
2025-06-02 17:32:13.537 [restartedMain] INFO  o.s.b.d.autoconfigure.OptionalLiveReloadServer - LiveReload server is running on port 35729
2025-06-02 17:32:13.565 [restartedMain] INFO  org.apache.coyote.http11.Http11NioProtocol - Starting ProtocolHandler ["http-nio-8080"]
2025-06-02 17:32:13.595 [restartedMain] INFO  o.s.boot.web.embedded.tomcat.TomcatWebServer - Tomcat started on port(s): 8080 (http) with context path ''
2025-06-02 17:32:13.601 [restartedMain] INFO  com.project.travel.TravelApplication - Started TravelApplication in 3.703 seconds (JVM running for 4.381)
2025-06-02 17:32:18.424 [http-nio-8080-exec-1] INFO  o.a.c.core.ContainerBase.[Tomcat].[localhost].[/] - Initializing Spring DispatcherServlet 'dispatcherServlet'
2025-06-02 17:32:18.425 [http-nio-8080-exec-1] INFO  org.springframework.web.servlet.DispatcherServlet - Initializing Servlet 'dispatcherServlet'
2025-06-02 17:32:18.426 [http-nio-8080-exec-1] INFO  org.springframework.web.servlet.DispatcherServlet - Completed initialization in 1 ms
2025-06-02 17:49:20.262 [http-nio-8080-exec-20] INFO  com.project.travel.handle.insertFill - 公共字段自动填充[update]...
2025-06-02 17:52:21.168 [http-nio-8080-exec-66] INFO  com.project.travel.handle.insertFill - 公共字段自动填充[update]...
2025-06-02 17:53:14.654 [http-nio-8080-exec-2] INFO  com.project.travel.handle.insertFill - 公共字段自动填充[update]...
2025-06-02 18:00:32.212 [http-nio-8080-exec-81] INFO  com.project.travel.handle.insertFill - 公共字段自动填充[update]...
2025-06-02 18:09:43.367 [http-nio-8080-exec-75] INFO  com.project.travel.handle.insertFill - 公共字段自动填充[update]...
2025-06-02 21:45:04.606 [http-nio-8080-exec-24] INFO  com.project.travel.handle.insertFill - 公共字段自动填充[update]...
2025-06-02 21:45:05.508 [http-nio-8080-exec-27] INFO  com.project.travel.handle.insertFill - 公共字段自动填充[update]...
2025-06-02 21:45:06.114 [http-nio-8080-exec-30] INFO  com.project.travel.handle.insertFill - 公共字段自动填充[update]...
2025-06-02 21:45:06.475 [http-nio-8080-exec-32] INFO  com.project.travel.handle.insertFill - 公共字段自动填充[update]...
2025-06-02 21:45:08.972 [http-nio-8080-exec-38] INFO  com.project.travel.handle.insertFill - 公共字段自动填充[update]...
2025-06-02 21:45:09.619 [http-nio-8080-exec-45] INFO  com.project.travel.handle.insertFill - 公共字段自动填充[update]...
2025-06-02 22:20:26.025 [http-nio-8080-exec-90] INFO  com.project.travel.handle.insertFill - 公共字段自动填充[update]...
2025-06-02 22:21:11.504 [http-nio-8080-exec-96] INFO  com.project.travel.handle.insertFill - 公共字段自动填充[update]...
2025-06-02 22:21:20.995 [http-nio-8080-exec-1] INFO  com.project.travel.handle.insertFill - 公共字段自动填充[update]...
2025-06-02 22:21:21.825 [http-nio-8080-exec-4] INFO  com.project.travel.handle.insertFill - 公共字段自动填充[update]...
2025-06-02 22:21:24.321 [http-nio-8080-exec-2] INFO  com.project.travel.handle.insertFill - 公共字段自动填充[update]...
2025-06-02 22:21:45.457 [http-nio-8080-exec-11] INFO  com.project.travel.handle.insertFill - 公共字段自动填充[update]...
2025-06-02 22:21:46.018 [http-nio-8080-exec-6] INFO  com.project.travel.handle.insertFill - 公共字段自动填充[update]...
2025-06-02 22:21:49.764 [http-nio-8080-exec-9] INFO  com.project.travel.handle.insertFill - 公共字段自动填充[update]...
2025-06-02 22:22:11.619 [http-nio-8080-exec-14] INFO  com.project.travel.handle.insertFill - 公共字段自动填充[update]...
2025-06-02 22:22:15.840 [http-nio-8080-exec-16] INFO  com.project.travel.handle.insertFill - 公共字段自动填充[update]...
2025-06-02 22:23:09.313 [http-nio-8080-exec-22] INFO  com.project.travel.handle.insertFill - 公共字段自动填充[update]...
2025-06-02 22:23:11.758 [http-nio-8080-exec-17] INFO  com.project.travel.handle.insertFill - 公共字段自动填充[update]...
2025-06-02 22:23:26.174 [http-nio-8080-exec-27] INFO  com.project.travel.handle.insertFill - 公共字段自动填充[update]...
2025-06-02 22:23:29.943 [http-nio-8080-exec-29] INFO  com.project.travel.handle.insertFill - 公共字段自动填充[update]...
2025-06-02 22:25:44.972 [http-nio-8080-exec-33] INFO  com.project.travel.handle.insertFill - 公共字段自动填充[update]...
2025-06-02 22:25:49.229 [http-nio-8080-exec-38] INFO  com.project.travel.handle.insertFill - 公共字段自动填充[update]...
2025-06-02 22:25:54.787 [http-nio-8080-exec-51] INFO  com.project.travel.handle.insertFill - 公共字段自动填充[update]...
2025-06-02 23:05:35.210 [http-nio-8080-exec-92] INFO  com.project.travel.handle.insertFill - 公共字段自动填充[update]...
2025-06-02 23:42:35.160 [http-nio-8080-exec-84] INFO  com.project.travel.handle.insertFill - 公共字段自动填充[update]...
2025-06-02 23:42:49.329 [http-nio-8080-exec-91] INFO  com.project.travel.handle.insertFill - 公共字段自动填充[update]...
2025-06-02 23:43:44.391 [http-nio-8080-exec-17] INFO  com.project.travel.handle.insertFill - 公共字段自动填充[update]...
2025-06-02 23:44:48.489 [http-nio-8080-exec-72] INFO  com.project.travel.handle.insertFill - 公共字段自动填充[update]...
2025-06-02 23:44:50.388 [http-nio-8080-exec-79] INFO  com.project.travel.handle.insertFill - 公共字段自动填充[update]...
2025-06-02 23:49:41.733 [http-nio-8080-exec-94] INFO  com.project.travel.handle.insertFill - 公共字段自动填充[update]...
2025-06-02 23:51:41.938 [http-nio-8080-exec-66] INFO  com.project.travel.handle.insertFill - 公共字段自动填充[update]...
2025-06-02 23:59:47.467 [http-nio-8080-exec-75] INFO  com.project.travel.handle.insertFill - 公共字段自动填充[update]...
