2025-05-27 19:16:23.201 [restartedMain] INFO  com.project.travel.TravelApplication - Starting TravelApplication using Java 17.0.6 on lu2061143969 with PID 25288 (D:\AppDevelopment\Day\day9\t\travel-server\target\classes started by xiaolu in D:\AppDevelopment\Day\day9\t\travel-server)
2025-05-27 19:16:23.206 [restartedMain] INFO  com.project.travel.TravelApplication - The following profiles are active: dev
2025-05-27 19:16:23.245 [restartedMain] INFO  o.s.b.d.env.DevToolsPropertyDefaultsPostProcessor - Devtools property defaults active! Set 'spring.devtools.add-properties' to 'false' to disable
2025-05-27 19:16:23.246 [restartedMain] INFO  o.s.b.d.env.DevToolsPropertyDefaultsPostProcessor - For additional web related logging consider setting the 'logging.level.web' property to 'DEBUG'
2025-05-27 19:16:23.890 [restartedMain] INFO  o.s.d.r.config.RepositoryConfigurationDelegate - Multiple Spring Data modules found, entering strict repository configuration mode!
2025-05-27 19:16:23.892 [restartedMain] INFO  o.s.d.r.config.RepositoryConfigurationDelegate - Bootstrapping Spring Data Redis repositories in DEFAULT mode.
2025-05-27 19:16:23.938 [restartedMain] INFO  o.s.d.r.config.RepositoryConfigurationDelegate - Finished Spring Data repository scanning in 34 ms. Found 0 Redis repository interfaces.
2025-05-27 19:16:24.499 [restartedMain] INFO  o.s.boot.web.embedded.tomcat.TomcatWebServer - Tomcat initialized with port(s): 8080 (http)
2025-05-27 19:16:24.508 [restartedMain] INFO  org.apache.coyote.http11.Http11NioProtocol - Initializing ProtocolHandler ["http-nio-8080"]
2025-05-27 19:16:24.508 [restartedMain] INFO  org.apache.catalina.core.StandardService - Starting service [Tomcat]
2025-05-27 19:16:24.510 [restartedMain] INFO  org.apache.catalina.core.StandardEngine - Starting Servlet engine: [Apache Tomcat/9.0.41]
2025-05-27 19:16:24.592 [restartedMain] INFO  o.a.c.core.ContainerBase.[Tomcat].[localhost].[/] - Initializing Spring embedded WebApplicationContext
2025-05-27 19:16:24.592 [restartedMain] INFO  o.s.b.w.s.c.ServletWebServerApplicationContext - Root WebApplicationContext: initialization completed in 1346 ms
2025-05-27 19:16:24.937 [restartedMain] INFO  c.a.d.s.b.a.DruidDataSourceAutoConfigure - Init DruidDataSource
2025-05-27 19:16:25.516 [restartedMain] INFO  com.alibaba.druid.pool.DruidDataSource - {dataSource-1} inited
2025-05-27 19:16:26.346 [restartedMain] INFO  o.s.scheduling.concurrent.ThreadPoolTaskExecutor - Initializing ExecutorService 'applicationTaskExecutor'
2025-05-27 19:16:26.598 [restartedMain] INFO  o.s.b.d.autoconfigure.OptionalLiveReloadServer - LiveReload server is running on port 35729
2025-05-27 19:16:26.626 [restartedMain] INFO  org.apache.coyote.http11.Http11NioProtocol - Starting ProtocolHandler ["http-nio-8080"]
2025-05-27 19:16:26.652 [restartedMain] INFO  o.s.boot.web.embedded.tomcat.TomcatWebServer - Tomcat started on port(s): 8080 (http) with context path ''
2025-05-27 19:16:26.661 [restartedMain] INFO  com.project.travel.TravelApplication - Started TravelApplication in 3.88 seconds (JVM running for 4.635)
2025-05-27 19:18:27.027 [http-nio-8080-exec-2] INFO  o.a.c.core.ContainerBase.[Tomcat].[localhost].[/] - Initializing Spring DispatcherServlet 'dispatcherServlet'
2025-05-27 19:18:27.027 [http-nio-8080-exec-2] INFO  org.springframework.web.servlet.DispatcherServlet - Initializing Servlet 'dispatcherServlet'
2025-05-27 19:18:27.029 [http-nio-8080-exec-2] INFO  org.springframework.web.servlet.DispatcherServlet - Completed initialization in 2 ms
2025-05-27 19:24:41.967 [http-nio-8080-exec-60] INFO  com.project.travel.handle.insertFill - 公共字段自动填充[insert]...
2025-05-27 19:27:38.330 [http-nio-8080-exec-67] INFO  com.project.travel.handle.insertFill - 公共字段自动填充[insert]...
2025-05-27 19:27:55.221 [http-nio-8080-exec-80] INFO  com.project.travel.handle.insertFill - 公共字段自动填充[update]...
2025-05-27 19:31:48.086 [http-nio-8080-exec-76] INFO  com.project.travel.handle.insertFill - 公共字段自动填充[insert]...
2025-05-27 19:43:30.488 [http-nio-8080-exec-15] INFO  com.project.travel.handle.insertFill - 公共字段自动填充[insert]...
2025-05-27 19:49:56.106 [http-nio-8080-exec-61] INFO  com.project.travel.handle.insertFill - 公共字段自动填充[insert]...
2025-05-27 19:50:15.469 [http-nio-8080-exec-66] INFO  com.project.travel.handle.insertFill - 公共字段自动填充[update]...
2025-05-27 19:50:16.204 [http-nio-8080-exec-67] INFO  com.project.travel.handle.insertFill - 公共字段自动填充[update]...
2025-05-27 19:50:18.003 [http-nio-8080-exec-74] INFO  com.project.travel.handle.insertFill - 公共字段自动填充[update]...
2025-05-27 19:50:19.268 [http-nio-8080-exec-70] INFO  com.project.travel.handle.insertFill - 公共字段自动填充[update]...
2025-05-27 19:50:20.826 [http-nio-8080-exec-75] INFO  com.project.travel.handle.insertFill - 公共字段自动填充[update]...
2025-05-27 19:50:22.513 [http-nio-8080-exec-73] INFO  com.project.travel.handle.insertFill - 公共字段自动填充[update]...
2025-05-27 19:50:23.663 [http-nio-8080-exec-78] INFO  com.project.travel.handle.insertFill - 公共字段自动填充[update]...
2025-05-27 19:54:20.791 [http-nio-8080-exec-55] INFO  com.project.travel.handle.insertFill - 公共字段自动填充[insert]...
2025-05-27 19:57:18.436 [http-nio-8080-exec-67] INFO  com.project.travel.handle.insertFill - 公共字段自动填充[insert]...
2025-05-27 19:57:19.611 [http-nio-8080-exec-74] INFO  com.project.travel.handle.insertFill - 公共字段自动填充[update]...
2025-05-27 19:57:20.986 [http-nio-8080-exec-76] INFO  com.project.travel.handle.insertFill - 公共字段自动填充[update]...
2025-05-27 19:57:22.416 [http-nio-8080-exec-72] INFO  com.project.travel.handle.insertFill - 公共字段自动填充[update]...
2025-05-27 19:57:23.080 [http-nio-8080-exec-77] INFO  com.project.travel.handle.insertFill - 公共字段自动填充[update]...
2025-05-27 20:00:26.235 [http-nio-8080-exec-94] INFO  com.project.travel.handle.insertFill - 公共字段自动填充[insert]...
2025-05-27 20:00:27.209 [http-nio-8080-exec-92] INFO  com.project.travel.handle.insertFill - 公共字段自动填充[update]...
2025-05-27 20:03:55.928 [http-nio-8080-exec-10] INFO  com.project.travel.handle.insertFill - 公共字段自动填充[insert]...
2025-05-27 20:03:58.094 [http-nio-8080-exec-2] INFO  com.project.travel.handle.insertFill - 公共字段自动填充[update]...
2025-05-27 20:09:27.672 [http-nio-8080-exec-9] INFO  com.project.travel.handle.insertFill - 公共字段自动填充[insert]...
2025-05-27 20:09:30.383 [http-nio-8080-exec-14] INFO  com.project.travel.handle.insertFill - 公共字段自动填充[update]...
2025-05-27 20:13:07.781 [http-nio-8080-exec-18] INFO  com.project.travel.handle.insertFill - 公共字段自动填充[insert]...
2025-05-27 20:13:09.151 [http-nio-8080-exec-29] INFO  com.project.travel.handle.insertFill - 公共字段自动填充[update]...
2025-05-27 20:18:01.551 [http-nio-8080-exec-74] INFO  com.project.travel.handle.insertFill - 公共字段自动填充[insert]...
2025-05-27 20:38:56.066 [lettuce-nioEventLoop-4-1] INFO  io.lettuce.core.protocol.CommandHandler - null Unexpected exception during request: java.net.SocketException: Connection reset
java.net.SocketException: Connection reset
	at java.base/sun.nio.ch.SocketChannelImpl.throwConnectionReset(SocketChannelImpl.java:394)
	at java.base/sun.nio.ch.SocketChannelImpl.read(SocketChannelImpl.java:426)
	at io.netty.buffer.PooledByteBuf.setBytes(PooledByteBuf.java:253)
	at io.netty.buffer.AbstractByteBuf.writeBytes(AbstractByteBuf.java:1134)
	at io.netty.channel.socket.nio.NioSocketChannel.doReadBytes(NioSocketChannel.java:350)
	at io.netty.channel.nio.AbstractNioByteChannel$NioByteUnsafe.read(AbstractNioByteChannel.java:151)
	at io.netty.channel.nio.NioEventLoop.processSelectedKey(NioEventLoop.java:719)
	at io.netty.channel.nio.NioEventLoop.processSelectedKeysOptimized(NioEventLoop.java:655)
	at io.netty.channel.nio.NioEventLoop.processSelectedKeys(NioEventLoop.java:581)
	at io.netty.channel.nio.NioEventLoop.run(NioEventLoop.java:493)
	at io.netty.util.concurrent.SingleThreadEventExecutor$4.run(SingleThreadEventExecutor.java:989)
	at io.netty.util.internal.ThreadExecutorMap$2.run(ThreadExecutorMap.java:74)
	at io.netty.util.concurrent.FastThreadLocalRunnable.run(FastThreadLocalRunnable.java:30)
	at java.base/java.lang.Thread.run(Thread.java:833)
2025-05-27 20:38:56.163 [lettuce-eventExecutorLoop-1-2] INFO  io.lettuce.core.protocol.ConnectionWatchdog - Reconnecting, last destination was localhost/127.0.0.1:6379
2025-05-27 20:39:03.920 [SpringContextShutdownHook] INFO  o.s.scheduling.concurrent.ThreadPoolTaskExecutor - Shutting down ExecutorService 'applicationTaskExecutor'
2025-05-27 20:39:03.920 [SpringContextShutdownHook] INFO  com.alibaba.druid.pool.DruidDataSource - {dataSource-1} closing ...
2025-05-27 20:39:03.920 [SpringContextShutdownHook] INFO  com.alibaba.druid.pool.DruidDataSource - {dataSource-1} closed
