#
# There is insufficient memory for the Java Runtime Environment to continue.
# Native memory allocation (malloc) failed to allocate 1795920 bytes. Error detail: Chunk::new
# Possible reasons:
#   The system is out of physical RAM or swap space
#   This process is running with CompressedOops enabled, and the Java Heap may be blocking the growth of the native heap
# Possible solutions:
#   Reduce memory load on the system
#   Increase physical memory or swap space
#   Check if swap backing store is full
#   Decrease Java heap size (-Xmx/-Xms)
#   Decrease number of Java threads
#   Decrease Java thread stack sizes (-Xss)
#   Set larger code cache with -XX:ReservedCodeCacheSize=
#   JVM is running with Unscaled Compressed Oops mode in which the Java heap is
#     placed in the first 4GB address space. The Java Heap base address is the
#     maximum limit for the native heap growth. Please use -XX:HeapBaseMinAddress
#     to set the Java Heap base and to place the Java Heap above 4GB virtual address.
# This output file may be truncated or incomplete.
#
#  Out of Memory Error (arena.cpp:168), pid=10764, tid=7772
#
# JRE version: OpenJDK Runtime Environment Temurin-21.0.7+6 (21.0.7+6) (build 21.0.7+6-LTS)
# Java VM: OpenJDK 64-Bit Server VM Temurin-21.0.7+6 (21.0.7+6-LTS, mixed mode, sharing, tiered, compressed oops, compressed class ptrs, parallel gc, windows-amd64)
# No core dump will be written. Minidumps are not enabled by default on client versions of Windows
#

---------------  S U M M A R Y ------------

Command Line: --add-modules=ALL-SYSTEM --add-opens=java.base/java.util=ALL-UNNAMED --add-opens=java.base/java.lang=ALL-UNNAMED --add-opens=java.base/sun.nio.fs=ALL-UNNAMED -Declipse.application=org.eclipse.jdt.ls.core.id1 -Dosgi.bundles.defaultStartLevel=4 -Declipse.product=org.eclipse.jdt.ls.core.product -Djava.import.generatesMetadataFilesAtProjectRoot=false -DDetectVMInstallationsJob.disabled=true -Dfile.encoding=utf8 -XX:+UseParallelGC -XX:GCTimeRatio=4 -XX:AdaptiveSizePolicyWeight=90 -Dsun.zip.disableMemoryMapping=true -Xmx1G -Xms100m -Xlog:disable -javaagent:c:\Users\qiqi\.cursor\extensions\redhat.java-1.42.0-win32-x64\lombok\lombok-1.18.36.jar -XX:+HeapDumpOnOutOfMemoryError -XX:HeapDumpPath=c:\Users\qiqi\AppData\Roaming\Cursor\User\workspaceStorage\4669f277ec0b1c85ae80434b4662838d\redhat.java -Daether.dependencyCollector.impl=bf c:\Users\qiqi\.cursor\extensions\redhat.java-1.42.0-win32-x64\server\plugins\org.eclipse.equinox.launcher_1.7.0.v20250424-1814.jar -configuration c:\Users\qiqi\AppData\Roaming\Cursor\User\globalStorage\redhat.java\1.42.0\config_win -data c:\Users\qiqi\AppData\Roaming\Cursor\User\workspaceStorage\4669f277ec0b1c85ae80434b4662838d\redhat.java\jdt_ws --pipe=\\.\pipe\lsp-a80f8e42c09e6c04a5786f384442576c-sock

Host: AMD Ryzen 5 5600H with Radeon Graphics         , 12 cores, 15G,  Windows 11 , 64 bit Build 26100 (10.0.26100.4202)
Time: Fri Jun 13 16:36:46 2025  Windows 11 , 64 bit Build 26100 (10.0.26100.4202) elapsed time: 8.928479 seconds (0d 0h 0m 8s)

---------------  T H R E A D  ---------------

Current thread (0x0000012e95497260):  JavaThread "C2 CompilerThread0" daemon [_thread_in_native, id=7772, stack(0x0000000b3f100000,0x0000000b3f200000) (1024K)]


Current CompileTask:
C2:8928 8684   !   4       lombok.core.FieldAugment$ReflectionFieldAugment::getAndSet (80 bytes)

Stack: [0x0000000b3f100000,0x0000000b3f200000]
Native frames: (J=compiled Java code, j=interpreted, Vv=VM code, C=native code)
V  [jvm.dll+0x6ce119]
V  [jvm.dll+0x8a84a1]
V  [jvm.dll+0x8aa9ce]
V  [jvm.dll+0x8ab0b3]
V  [jvm.dll+0x27f8a6]
V  [jvm.dll+0xc507d]
V  [jvm.dll+0xc55b3]
V  [jvm.dll+0x3b692c]
V  [jvm.dll+0x382aa5]
V  [jvm.dll+0x381f0a]
V  [jvm.dll+0x247af0]
V  [jvm.dll+0x2470cf]
V  [jvm.dll+0x1c760e]
V  [jvm.dll+0x25695a]
V  [jvm.dll+0x254efa]
V  [jvm.dll+0x3f03f6]
V  [jvm.dll+0x851f6b]
V  [jvm.dll+0x6cc7dd]
C  [ucrtbase.dll+0x37b0]
C  [KERNEL32.DLL+0x2e8d7]
C  [ntdll.dll+0x3c34c]


---------------  P R O C E S S  ---------------

Threads class SMR info:
_java_thread_list=0x0000012e9e7168c0, length=67, elements={
0x0000012e3c636550, 0x0000012e941eaf40, 0x0000012e941ec910, 0x0000012e95479f00,
0x0000012e9547c7f0, 0x0000012e954808b0, 0x0000012e95484230, 0x0000012e95497260,
0x0000012e954980a0, 0x0000012e95544a20, 0x0000012e957b40d0, 0x0000012e957b1cc0,
0x0000012e96d91c80, 0x0000012e9b100b20, 0x0000012e96beaf40, 0x0000012e9b1fbe70,
0x0000012e9b61a1e0, 0x0000012e9b155880, 0x0000012e9b4171d0, 0x0000012e9b8a1000,
0x0000012e9b414a70, 0x0000012e9b415100, 0x0000012e9b4164b0, 0x0000012e9b415790,
0x0000012e9b417ef0, 0x0000012e9b416b40, 0x0000012e9b417860, 0x0000012e9e5c92e0,
0x0000012e9e5c7210, 0x0000012e9e5cad20, 0x0000012e9e5c9970, 0x0000012e9e5c8c50,
0x0000012e9e5c7f30, 0x0000012e9e5ca000, 0x0000012e9e5ca690, 0x0000012e9e5c78a0,
0x0000012e9e5cb3b0, 0x0000012e9e5cba40, 0x0000012e9e5c85c0, 0x0000012e9e5ce830,
0x0000012e9e5cd480, 0x0000012e9e5ce1a0, 0x0000012e9e5ccdf0, 0x0000012e9e5cdb10,
0x0000012e9ed230a0, 0x0000012e9ed21660, 0x0000012e9ed202b0, 0x0000012e9ed22380,
0x0000012e9ed22a10, 0x0000012e9ed23dc0, 0x0000012e9ed20940, 0x0000012e9ed24450,
0x0000012e9ed20fd0, 0x0000012e9ed25800, 0x0000012e9ed26bb0, 0x0000012e9ed24ae0,
0x0000012e9ed27240, 0x0000012e9ed25e90, 0x0000012e9ed26520, 0x0000012e9ed278d0,
0x0000012e9eedc570, 0x0000012e9eedab30, 0x0000012e9eedb1c0, 0x0000012e9eedb850,
0x0000012e9eedcc00, 0x0000012e9eedbee0, 0x0000012e9eedd290
}

Java Threads: ( => current thread )
  0x0000012e3c636550 JavaThread "main"                              [_thread_blocked, id=7396, stack(0x0000000b3e700000,0x0000000b3e800000) (1024K)]
  0x0000012e941eaf40 JavaThread "Reference Handler"          daemon [_thread_blocked, id=7844, stack(0x0000000b3eb00000,0x0000000b3ec00000) (1024K)]
  0x0000012e941ec910 JavaThread "Finalizer"                  daemon [_thread_blocked, id=7412, stack(0x0000000b3ec00000,0x0000000b3ed00000) (1024K)]
  0x0000012e95479f00 JavaThread "Signal Dispatcher"          daemon [_thread_blocked, id=2460, stack(0x0000000b3ed00000,0x0000000b3ee00000) (1024K)]
  0x0000012e9547c7f0 JavaThread "Attach Listener"            daemon [_thread_blocked, id=10756, stack(0x0000000b3ee00000,0x0000000b3ef00000) (1024K)]
  0x0000012e954808b0 JavaThread "Service Thread"             daemon [_thread_blocked, id=7452, stack(0x0000000b3ef00000,0x0000000b3f000000) (1024K)]
  0x0000012e95484230 JavaThread "Monitor Deflation Thread"   daemon [_thread_blocked, id=11404, stack(0x0000000b3f000000,0x0000000b3f100000) (1024K)]
=>0x0000012e95497260 JavaThread "C2 CompilerThread0"         daemon [_thread_in_native, id=7772, stack(0x0000000b3f100000,0x0000000b3f200000) (1024K)]
  0x0000012e954980a0 JavaThread "C1 CompilerThread0"         daemon [_thread_blocked, id=7400, stack(0x0000000b3f200000,0x0000000b3f300000) (1024K)]
  0x0000012e95544a20 JavaThread "Common-Cleaner"             daemon [_thread_blocked, id=8116, stack(0x0000000b3f300000,0x0000000b3f400000) (1024K)]
  0x0000012e957b40d0 JavaThread "Notification Thread"        daemon [_thread_blocked, id=8140, stack(0x0000000b3f400000,0x0000000b3f500000) (1024K)]
  0x0000012e957b1cc0 JavaThread "C2 CompilerThread1"         daemon [_thread_in_native, id=3240, stack(0x0000000b3f500000,0x0000000b3f600000) (1024K)]
  0x0000012e96d91c80 JavaThread "Active Thread: Equinox Container: c48f8b24-6b72-4ef6-9855-82c5d7e2b8ee"        [_thread_blocked, id=6868, stack(0x0000000b3fd00000,0x0000000b3fe00000) (1024K)]
  0x0000012e9b100b20 JavaThread "Refresh Thread: Equinox Container: c48f8b24-6b72-4ef6-9855-82c5d7e2b8ee" daemon [_thread_blocked, id=7424, stack(0x0000000b3fe00000,0x0000000b3ff00000) (1024K)]
  0x0000012e96beaf40 JavaThread "Framework Event Dispatcher: Equinox Container: c48f8b24-6b72-4ef6-9855-82c5d7e2b8ee" daemon [_thread_blocked, id=11076, stack(0x0000000b40000000,0x0000000b40100000) (1024K)]
  0x0000012e9b1fbe70 JavaThread "Start Level: Equinox Container: c48f8b24-6b72-4ef6-9855-82c5d7e2b8ee" daemon [_thread_blocked, id=3604, stack(0x0000000b40100000,0x0000000b40200000) (1024K)]
  0x0000012e9b61a1e0 JavaThread "Bundle File Closer"         daemon [_thread_blocked, id=16580, stack(0x0000000b40400000,0x0000000b40500000) (1024K)]
  0x0000012e9b155880 JavaThread "SCR Component Actor"        daemon [_thread_blocked, id=17248, stack(0x0000000b3f600000,0x0000000b3f700000) (1024K)]
  0x0000012e9b4171d0 JavaThread "Worker-JM"                         [_thread_blocked, id=5472, stack(0x0000000b40600000,0x0000000b40700000) (1024K)]
  0x0000012e9b8a1000 JavaThread "C2 CompilerThread2"         daemon [_thread_in_native, id=17168, stack(0x0000000b40700000,0x0000000b40800000) (1024K)]
  0x0000012e9b414a70 JavaThread "JNA Cleaner"                daemon [_thread_blocked, id=10256, stack(0x0000000b40800000,0x0000000b40900000) (1024K)]
  0x0000012e9b415100 JavaThread "Worker-0: Building"                [_thread_in_native, id=17388, stack(0x0000000b40900000,0x0000000b40a00000) (1024K)]
  0x0000012e9b4164b0 JavaThread "Worker-1"                          [_thread_blocked, id=7212, stack(0x0000000b40a00000,0x0000000b40b00000) (1024K)]
  0x0000012e9b415790 JavaThread "Worker-2"                          [_thread_blocked, id=17400, stack(0x0000000b40b00000,0x0000000b40c00000) (1024K)]
  0x0000012e9b417ef0 JavaThread "Java indexing"              daemon [_thread_in_Java, id=9308, stack(0x0000000b40c00000,0x0000000b40d00000) (1024K)]
  0x0000012e9b416b40 JavaThread "Worker-3"                          [_thread_blocked, id=17396, stack(0x0000000b40d00000,0x0000000b40e00000) (1024K)]
  0x0000012e9b417860 JavaThread "Worker-4: Java indexing... "        [_thread_blocked, id=2660, stack(0x0000000b41000000,0x0000000b41100000) (1024K)]
  0x0000012e9e5c92e0 JavaThread "Worker-5"                          [_thread_blocked, id=3288, stack(0x0000000b41100000,0x0000000b41200000) (1024K)]
  0x0000012e9e5c7210 JavaThread "Thread-2"                   daemon [_thread_in_native, id=5044, stack(0x0000000b41200000,0x0000000b41300000) (1024K)]
  0x0000012e9e5cad20 JavaThread "Thread-3"                   daemon [_thread_in_native, id=12844, stack(0x0000000b41300000,0x0000000b41400000) (1024K)]
  0x0000012e9e5c9970 JavaThread "Thread-4"                   daemon [_thread_in_native, id=4400, stack(0x0000000b41400000,0x0000000b41500000) (1024K)]
  0x0000012e9e5c8c50 JavaThread "Thread-5"                   daemon [_thread_in_native, id=3304, stack(0x0000000b41500000,0x0000000b41600000) (1024K)]
  0x0000012e9e5c7f30 JavaThread "Thread-6"                   daemon [_thread_in_native, id=2528, stack(0x0000000b41600000,0x0000000b41700000) (1024K)]
  0x0000012e9e5ca000 JavaThread "Thread-7"                   daemon [_thread_in_native, id=16628, stack(0x0000000b41700000,0x0000000b41800000) (1024K)]
  0x0000012e9e5ca690 JavaThread "Thread-8"                   daemon [_thread_in_native, id=5024, stack(0x0000000b41800000,0x0000000b41900000) (1024K)]
  0x0000012e9e5c78a0 JavaThread "Thread-9"                   daemon [_thread_in_native, id=3368, stack(0x0000000b41900000,0x0000000b41a00000) (1024K)]
  0x0000012e9e5cb3b0 JavaThread "Thread-10"                  daemon [_thread_in_native, id=16268, stack(0x0000000b41a00000,0x0000000b41b00000) (1024K)]
  0x0000012e9e5cba40 JavaThread "Thread-11"                  daemon [_thread_in_native, id=1352, stack(0x0000000b41b00000,0x0000000b41c00000) (1024K)]
  0x0000012e9e5c85c0 JavaThread "Thread-12"                  daemon [_thread_in_native, id=7688, stack(0x0000000b41c00000,0x0000000b41d00000) (1024K)]
  0x0000012e9e5ce830 JavaThread "Thread-13"                  daemon [_thread_in_native, id=11104, stack(0x0000000b41d00000,0x0000000b41e00000) (1024K)]
  0x0000012e9e5cd480 JavaThread "Thread-14"                  daemon [_thread_in_native, id=14172, stack(0x0000000b41e00000,0x0000000b41f00000) (1024K)]
  0x0000012e9e5ce1a0 JavaThread "pool-2-thread-1"                   [_thread_blocked, id=16508, stack(0x0000000b41f00000,0x0000000b42000000) (1024K)]
  0x0000012e9e5ccdf0 JavaThread "WorkspaceEventsHandler"            [_thread_blocked, id=7876, stack(0x0000000b42000000,0x0000000b42100000) (1024K)]
  0x0000012e9e5cdb10 JavaThread "pool-1-thread-1"                   [_thread_blocked, id=6776, stack(0x0000000b42100000,0x0000000b42200000) (1024K)]
  0x0000012e9ed230a0 JavaThread "Worker-6"                          [_thread_blocked, id=10072, stack(0x0000000b42200000,0x0000000b42300000) (1024K)]
  0x0000012e9ed21660 JavaThread "LocalFile Deleter"          daemon [_thread_blocked, id=16876, stack(0x0000000b42300000,0x0000000b42400000) (1024K)]
  0x0000012e9ed202b0 JavaThread "LocalFile Deleter"          daemon [_thread_blocked, id=9640, stack(0x0000000b42400000,0x0000000b42500000) (1024K)]
  0x0000012e9ed22380 JavaThread "LocalFile Deleter"          daemon [_thread_blocked, id=3596, stack(0x0000000b42500000,0x0000000b42600000) (1024K)]
  0x0000012e9ed22a10 JavaThread "LocalFile Deleter"          daemon [_thread_blocked, id=11060, stack(0x0000000b42600000,0x0000000b42700000) (1024K)]
  0x0000012e9ed23dc0 JavaThread "LocalFile Deleter"          daemon [_thread_blocked, id=3336, stack(0x0000000b42700000,0x0000000b42800000) (1024K)]
  0x0000012e9ed20940 JavaThread "LocalFile Deleter"          daemon [_thread_blocked, id=6460, stack(0x0000000b42800000,0x0000000b42900000) (1024K)]
  0x0000012e9ed24450 JavaThread "LocalFile Deleter"          daemon [_thread_blocked, id=13912, stack(0x0000000b42900000,0x0000000b42a00000) (1024K)]
  0x0000012e9ed20fd0 JavaThread "LocalFile Deleter"          daemon [_thread_blocked, id=8804, stack(0x0000000b42a00000,0x0000000b42b00000) (1024K)]
  0x0000012e9ed25800 JavaThread "LocalFile Deleter"          daemon [_thread_blocked, id=10500, stack(0x0000000b42b00000,0x0000000b42c00000) (1024K)]
  0x0000012e9ed26bb0 JavaThread "LocalFile Deleter"          daemon [_thread_blocked, id=11408, stack(0x0000000b42c00000,0x0000000b42d00000) (1024K)]
  0x0000012e9ed24ae0 JavaThread "LocalFile Deleter"          daemon [_thread_blocked, id=13644, stack(0x0000000b42d00000,0x0000000b42e00000) (1024K)]
  0x0000012e9ed27240 JavaThread "LocalFile Deleter"          daemon [_thread_blocked, id=6052, stack(0x0000000b42e00000,0x0000000b42f00000) (1024K)]
  0x0000012e9ed25e90 JavaThread "Compiler Source File Reader" daemon [_thread_blocked, id=16804, stack(0x0000000b42f00000,0x0000000b43000000) (1024K)]
  0x0000012e9ed26520 JavaThread "Compiler Source File Reader" daemon [_thread_blocked, id=10612, stack(0x0000000b43000000,0x0000000b43100000) (1024K)]
  0x0000012e9ed278d0 JavaThread "Compiler Source File Reader" daemon [_thread_blocked, id=11048, stack(0x0000000b43100000,0x0000000b43200000) (1024K)]
  0x0000012e9eedc570 JavaThread "Compiler Source File Reader" daemon [_thread_blocked, id=14292, stack(0x0000000b43200000,0x0000000b43300000) (1024K)]
  0x0000012e9eedab30 JavaThread "Compiler Source File Reader" daemon [_thread_blocked, id=16544, stack(0x0000000b43300000,0x0000000b43400000) (1024K)]
  0x0000012e9eedb1c0 JavaThread "Compiler Source File Reader" daemon [_thread_blocked, id=17024, stack(0x0000000b43400000,0x0000000b43500000) (1024K)]
  0x0000012e9eedb850 JavaThread "Compiler Source File Reader" daemon [_thread_blocked, id=16556, stack(0x0000000b43500000,0x0000000b43600000) (1024K)]
  0x0000012e9eedcc00 JavaThread "Compiler Source File Reader" daemon [_thread_blocked, id=13780, stack(0x0000000b43600000,0x0000000b43700000) (1024K)]
  0x0000012e9eedbee0 JavaThread "Compiler Source File Reader" daemon [_thread_blocked, id=17000, stack(0x0000000b43700000,0x0000000b43800000) (1024K)]
  0x0000012e9eedd290 JavaThread "Compiler Source File Reader" daemon [_thread_blocked, id=16976, stack(0x0000000b43800000,0x0000000b43900000) (1024K)]
Total: 67

Other Threads:
  0x0000012e95472960 VMThread "VM Thread"                           [id=11432, stack(0x0000000b3ea00000,0x0000000b3eb00000) (1024K)]
  0x0000012e940dca00 WatcherThread "VM Periodic Task Thread"        [id=8164, stack(0x0000000b3e900000,0x0000000b3ea00000) (1024K)]
  0x0000012e3e284600 WorkerThread "GC Thread#0"                     [id=7408, stack(0x0000000b3e800000,0x0000000b3e900000) (1024K)]
  0x0000012e968bca40 WorkerThread "GC Thread#1"                     [id=7500, stack(0x0000000b3f700000,0x0000000b3f800000) (1024K)]
  0x0000012e96afa1e0 WorkerThread "GC Thread#2"                     [id=7592, stack(0x0000000b3f800000,0x0000000b3f900000) (1024K)]
  0x0000012e968bcde0 WorkerThread "GC Thread#3"                     [id=7252, stack(0x0000000b3f900000,0x0000000b3fa00000) (1024K)]
  0x0000012e96d70c90 WorkerThread "GC Thread#4"                     [id=7640, stack(0x0000000b3fa00000,0x0000000b3fb00000) (1024K)]
  0x0000012e96d71030 WorkerThread "GC Thread#5"                     [id=6556, stack(0x0000000b3fb00000,0x0000000b3fc00000) (1024K)]
  0x0000012e96af49c0 WorkerThread "GC Thread#6"                     [id=8032, stack(0x0000000b3fc00000,0x0000000b3fd00000) (1024K)]
  0x0000012e9b101180 WorkerThread "GC Thread#7"                     [id=8708, stack(0x0000000b3ff00000,0x0000000b40000000) (1024K)]
  0x0000012e9b228020 WorkerThread "GC Thread#8"                     [id=15616, stack(0x0000000b40200000,0x0000000b40300000) (1024K)]
  0x0000012e9b229980 WorkerThread "GC Thread#9"                     [id=7064, stack(0x0000000b40300000,0x0000000b40400000) (1024K)]
Total: 12

Threads with active compile tasks:
C2 CompilerThread0  9011 8684   !   4       lombok.core.FieldAugment$ReflectionFieldAugment::getAndSet (80 bytes)
C2 CompilerThread1  9011 8761       4       java.net.URI::<init> (51 bytes)
C2 CompilerThread2  9011 8630       4       lombok.eclipse.handlers.EclipseHandlerUtil::setGeneratedBy (10 bytes)
Total: 3

VM state: at safepoint (normal execution)

VM Mutex/Monitor currently owned by a thread:  ([mutex/lock_event])
[0x00007ffb4a71e308] Threads_lock - owner thread: 0x0000012e95472960
[0x00007ffb4a71e408] Heap_lock - owner thread: 0x0000012e9b417ef0

Heap address: 0x00000000c0000000, size: 1024 MB, Compressed Oops mode: 32-bit

CDS archive(s) mapped at: [0x0000012e53000000-0x0000012e53ba0000-0x0000012e53ba0000), size 12189696, SharedBaseAddress: 0x0000012e53000000, ArchiveRelocationMode: 1.
Compressed class space mapped at: 0x0000012e54000000-0x0000012e94000000, reserved size: 1073741824
Narrow klass base: 0x0000012e53000000, Narrow klass shift: 0, Narrow klass range: 0x100000000

GC Precious Log:
 CardTable entry size: 512
 CPUs: 12 total, 12 available
 Memory: 15775M
 Large Page Support: Disabled
 NUMA Support: Disabled
 Compressed Oops: Enabled (32-bit)
 Alignments: Space 512K, Generation 512K, Heap 2M
 Heap Min Capacity: 100M
 Heap Initial Capacity: 100M
 Heap Max Capacity: 1G
 Pre-touch: Disabled
 Parallel Workers: 10

Heap:
 PSYoungGen      total 8192K, used 8179K [0x00000000eab00000, 0x00000000ebb80000, 0x0000000100000000)
  eden space 6144K, 99% used [0x00000000eab00000,0x00000000eb0fd2c8,0x00000000eb100000)
  from space 2048K, 99% used [0x00000000eb100000,0x00000000eb2ffc88,0x00000000eb300000)
  to   space 4608K, 45% used [0x00000000eb700000,0x00000000eb910488,0x00000000ebb80000)
 ParOldGen       total 302592K, used 302543K [0x00000000c0000000, 0x00000000d2780000, 0x00000000eab00000)
  object space 302592K, 99% used [0x00000000c0000000,0x00000000d278c9a8,0x00000000d2800000)
 Metaspace       used 56295K, committed 57664K, reserved 1114112K
  class space    used 5862K, committed 6464K, reserved 1048576K

Card table byte_map: [0x0000012e509e0000,0x0000012e50bf0000] _byte_map_base: 0x0000012e503e0000

Marking Bits: (ParMarkBitMap*) 0x00007ffb4a7231f0
 Begin Bits: [0x0000012e50d50000, 0x0000012e51d50000)
 End Bits:   [0x0000012e51d50000, 0x0000012e52d50000)

Polling page: 0x0000012e3c8d0000

Metaspace:

Usage:
  Non-class:     49.25 MB used.
      Class:      5.73 MB used.
       Both:     54.98 MB used.

Virtual space:
  Non-class space:       64.00 MB reserved,      50.00 MB ( 78%) committed,  1 nodes.
      Class space:        1.00 GB reserved,       6.31 MB ( <1%) committed,  1 nodes.
             Both:        1.06 GB reserved,      56.31 MB (  5%) committed. 

Chunk freelists:
   Non-Class:  13.86 MB
       Class:  9.69 MB
        Both:  23.55 MB

MaxMetaspaceSize: unlimited
CompressedClassSpaceSize: 1.00 GB
Initial GC threshold: 21.00 MB
Current GC threshold: 58.38 MB
CDS: on
 - commit_granule_bytes: 65536.
 - commit_granule_words: 8192.
 - virtual_space_node_default_size: 8388608.
 - enlarge_chunks_in_place: 1.
 - use_allocation_guard: 0.


Internal statistics:

num_allocs_failed_limit: 6.
num_arena_births: 1104.
num_arena_deaths: 14.
num_vsnodes_births: 2.
num_vsnodes_deaths: 0.
num_space_committed: 901.
num_space_uncommitted: 0.
num_chunks_returned_to_freelist: 20.
num_chunks_taken_from_freelist: 3739.
num_chunk_merges: 8.
num_chunk_splits: 2311.
num_chunks_enlarged: 1302.
num_inconsistent_stats: 0.

CodeHeap 'non-profiled nmethods': size=120000Kb used=5142Kb max_used=5142Kb free=114857Kb
 bounds [0x0000012e492d0000, 0x0000012e497e0000, 0x0000012e50800000]
CodeHeap 'profiled nmethods': size=120000Kb used=18152Kb max_used=18152Kb free=101847Kb
 bounds [0x0000012e41800000, 0x0000012e429c0000, 0x0000012e48d30000]
CodeHeap 'non-nmethods': size=5760Kb used=1407Kb max_used=1499Kb free=4352Kb
 bounds [0x0000012e48d30000, 0x0000012e48fa0000, 0x0000012e492d0000]
 total_blobs=9064 nmethods=8348 adapters=622
 compilation: enabled
              stopped_count=0, restarted_count=0
 full_count=0

Compilation events (20 events):
Event: 8.190 Thread 0x0000012e954980a0 8919       2       java.util.function.Predicate$$Lambda/0x0000012e54370c90::test (11 bytes)
Event: 8.190 Thread 0x0000012e954980a0 nmethod 8919 0x0000012e4298f790 code [0x0000012e4298f940, 0x0000012e4298faf0]
Event: 8.190 Thread 0x0000012e954980a0 8916       2       org.eclipse.core.internal.resources.Container::findMember (46 bytes)
Event: 8.190 Thread 0x0000012e954980a0 nmethod 8916 0x0000012e4298fc10 code [0x0000012e4298fde0, 0x0000012e42990010]
Event: 8.190 Thread 0x0000012e954980a0 8922       2       java.util.function.Predicate::lambda$negate$1 (16 bytes)
Event: 8.190 Thread 0x0000012e954980a0 nmethod 8922 0x0000012e42990210 code [0x0000012e429903c0, 0x0000012e42990500]
Event: 8.190 Thread 0x0000012e954980a0 8910       2       org.eclipse.jdt.internal.compiler.lookup.BinaryModuleBinding::getExports (23 bytes)
Event: 8.190 Thread 0x0000012e954980a0 nmethod 8910 0x0000012e42990590 code [0x0000012e42990740, 0x0000012e429908c8]
Event: 8.196 Thread 0x0000012e957b1cc0 nmethod 8793 0x0000012e497c9810 code [0x0000012e497c9a00, 0x0000012e497ca120]
Event: 8.196 Thread 0x0000012e957b1cc0 8921       4       java.util.ImmutableCollections$SetN::contains (26 bytes)
Event: 8.198 Thread 0x0000012e954980a0 8923       2       org.eclipse.jdt.internal.compiler.lookup.LookupEnvironment::getPackage0 (12 bytes)
Event: 8.198 Thread 0x0000012e954980a0 nmethod 8923 0x0000012e42990990 code [0x0000012e42990b60, 0x0000012e42990da8]
Event: 8.199 Thread 0x0000012e957b1cc0 nmethod 8921 0x0000012e497ca590 code [0x0000012e497ca740, 0x0000012e497ca9f8]
Event: 8.199 Thread 0x0000012e957b1cc0 8835       4       java.net.URI$Parser::parseHierarchical (178 bytes)
Event: 8.199 Thread 0x0000012e954980a0 8924       2       org.eclipse.jdt.core.compiler.CharOperation::splitOn (159 bytes)
Event: 8.200 Thread 0x0000012e954980a0 nmethod 8924 0x0000012e42990f10 code [0x0000012e42991100, 0x0000012e429918b0]
Event: 8.200 Thread 0x0000012e954980a0 8925       2       org.eclipse.jdt.internal.compiler.lookup.LookupEnvironment::getCachedType0 (112 bytes)
Event: 8.201 Thread 0x0000012e954980a0 nmethod 8925 0x0000012e42991c10 code [0x0000012e42991e60, 0x0000012e42992410]
Event: 8.201 Thread 0x0000012e954980a0 8926       2       org.eclipse.jdt.internal.compiler.lookup.SplitPackageBinding::getPackage0 (109 bytes)
Event: 8.201 Thread 0x0000012e954980a0 nmethod 8926 0x0000012e42992790 code [0x0000012e42992a00, 0x0000012e429930a8]

GC Heap History (20 events):
Event: 8.121 GC heap after
{Heap after GC invocations=183 (full 2):
 PSYoungGen      total 5120K, used 888K [0x00000000eab00000, 0x00000000eb100000, 0x0000000100000000)
  eden space 3584K, 0% used [0x00000000eab00000,0x00000000eab00000,0x00000000eae80000)
  from space 1536K, 57% used [0x00000000eae80000,0x00000000eaf5e268,0x00000000eb000000)
  to   space 1024K, 0% used [0x00000000eb000000,0x00000000eb000000,0x00000000eb100000)
 ParOldGen       total 282112K, used 282096K [0x00000000c0000000, 0x00000000d1380000, 0x00000000eab00000)
  object space 282112K, 99% used [0x00000000c0000000,0x00000000d137c108,0x00000000d1380000)
 Metaspace       used 55893K, committed 57280K, reserved 1114112K
  class space    used 5826K, committed 6464K, reserved 1048576K
}
Event: 8.130 GC heap before
{Heap before GC invocations=184 (full 2):
 PSYoungGen      total 5120K, used 4472K [0x00000000eab00000, 0x00000000eb100000, 0x0000000100000000)
  eden space 3584K, 100% used [0x00000000eab00000,0x00000000eae80000,0x00000000eae80000)
  from space 1536K, 57% used [0x00000000eae80000,0x00000000eaf5e268,0x00000000eb000000)
  to   space 1024K, 0% used [0x00000000eb000000,0x00000000eb000000,0x00000000eb100000)
 ParOldGen       total 282112K, used 282096K [0x00000000c0000000, 0x00000000d1380000, 0x00000000eab00000)
  object space 282112K, 99% used [0x00000000c0000000,0x00000000d137c108,0x00000000d1380000)
 Metaspace       used 55904K, committed 57280K, reserved 1114112K
  class space    used 5827K, committed 6464K, reserved 1048576K
}
Event: 8.131 GC heap after
{Heap after GC invocations=184 (full 2):
 PSYoungGen      total 4608K, used 958K [0x00000000eab00000, 0x00000000eb100000, 0x0000000100000000)
  eden space 3584K, 0% used [0x00000000eab00000,0x00000000eab00000,0x00000000eae80000)
  from space 1024K, 93% used [0x00000000eb000000,0x00000000eb0ef880,0x00000000eb100000)
  to   space 1024K, 0% used [0x00000000eaf00000,0x00000000eaf00000,0x00000000eb000000)
 ParOldGen       total 283136K, used 282924K [0x00000000c0000000, 0x00000000d1480000, 0x00000000eab00000)
  object space 283136K, 99% used [0x00000000c0000000,0x00000000d144b2f8,0x00000000d1480000)
 Metaspace       used 55904K, committed 57280K, reserved 1114112K
  class space    used 5827K, committed 6464K, reserved 1048576K
}
Event: 8.140 GC heap before
{Heap before GC invocations=185 (full 2):
 PSYoungGen      total 4608K, used 4542K [0x00000000eab00000, 0x00000000eb100000, 0x0000000100000000)
  eden space 3584K, 100% used [0x00000000eab00000,0x00000000eae80000,0x00000000eae80000)
  from space 1024K, 93% used [0x00000000eb000000,0x00000000eb0ef880,0x00000000eb100000)
  to   space 1024K, 0% used [0x00000000eaf00000,0x00000000eaf00000,0x00000000eb000000)
 ParOldGen       total 283136K, used 282924K [0x00000000c0000000, 0x00000000d1480000, 0x00000000eab00000)
  object space 283136K, 99% used [0x00000000c0000000,0x00000000d144b2f8,0x00000000d1480000)
 Metaspace       used 55906K, committed 57280K, reserved 1114112K
  class space    used 5827K, committed 6464K, reserved 1048576K
}
Event: 8.141 GC heap after
{Heap after GC invocations=185 (full 2):
 PSYoungGen      total 4608K, used 907K [0x00000000eab00000, 0x00000000eb080000, 0x0000000100000000)
  eden space 3584K, 0% used [0x00000000eab00000,0x00000000eab00000,0x00000000eae80000)
  from space 1024K, 88% used [0x00000000eaf00000,0x00000000eafe2f08,0x00000000eb000000)
  to   space 512K, 0% used [0x00000000eb000000,0x00000000eb000000,0x00000000eb080000)
 ParOldGen       total 284160K, used 283726K [0x00000000c0000000, 0x00000000d1580000, 0x00000000eab00000)
  object space 284160K, 99% used [0x00000000c0000000,0x00000000d1513a60,0x00000000d1580000)
 Metaspace       used 55906K, committed 57280K, reserved 1114112K
  class space    used 5827K, committed 6464K, reserved 1048576K
}
Event: 8.148 GC heap before
{Heap before GC invocations=186 (full 2):
 PSYoungGen      total 4608K, used 4491K [0x00000000eab00000, 0x00000000eb080000, 0x0000000100000000)
  eden space 3584K, 100% used [0x00000000eab00000,0x00000000eae80000,0x00000000eae80000)
  from space 1024K, 88% used [0x00000000eaf00000,0x00000000eafe2f08,0x00000000eb000000)
  to   space 512K, 0% used [0x00000000eb000000,0x00000000eb000000,0x00000000eb080000)
 ParOldGen       total 284160K, used 283726K [0x00000000c0000000, 0x00000000d1580000, 0x00000000eab00000)
  object space 284160K, 99% used [0x00000000c0000000,0x00000000d1513a60,0x00000000d1580000)
 Metaspace       used 55911K, committed 57280K, reserved 1114112K
  class space    used 5827K, committed 6464K, reserved 1048576K
}
Event: 8.150 GC heap after
{Heap after GC invocations=186 (full 2):
 PSYoungGen      total 3584K, used 505K [0x00000000eab00000, 0x00000000eb280000, 0x0000000100000000)
  eden space 3072K, 0% used [0x00000000eab00000,0x00000000eab00000,0x00000000eae00000)
  from space 512K, 98% used [0x00000000eb000000,0x00000000eb07e578,0x00000000eb080000)
  to   space 2048K, 0% used [0x00000000eae00000,0x00000000eae00000,0x00000000eb000000)
 ParOldGen       total 285184K, used 284902K [0x00000000c0000000, 0x00000000d1680000, 0x00000000eab00000)
  object space 285184K, 99% used [0x00000000c0000000,0x00000000d16398e0,0x00000000d1680000)
 Metaspace       used 55911K, committed 57280K, reserved 1114112K
  class space    used 5827K, committed 6464K, reserved 1048576K
}
Event: 8.156 GC heap before
{Heap before GC invocations=187 (full 2):
 PSYoungGen      total 3584K, used 3577K [0x00000000eab00000, 0x00000000eb280000, 0x0000000100000000)
  eden space 3072K, 100% used [0x00000000eab00000,0x00000000eae00000,0x00000000eae00000)
  from space 512K, 98% used [0x00000000eb000000,0x00000000eb07e578,0x00000000eb080000)
  to   space 2048K, 0% used [0x00000000eae00000,0x00000000eae00000,0x00000000eb000000)
 ParOldGen       total 285184K, used 284902K [0x00000000c0000000, 0x00000000d1680000, 0x00000000eab00000)
  object space 285184K, 99% used [0x00000000c0000000,0x00000000d16398e0,0x00000000d1680000)
 Metaspace       used 55913K, committed 57280K, reserved 1114112K
  class space    used 5827K, committed 6464K, reserved 1048576K
}
Event: 8.157 GC heap after
{Heap after GC invocations=187 (full 2):
 PSYoungGen      total 4608K, used 1076K [0x00000000eab00000, 0x00000000eb100000, 0x0000000100000000)
  eden space 3072K, 0% used [0x00000000eab00000,0x00000000eab00000,0x00000000eae00000)
  from space 1536K, 70% used [0x00000000eae00000,0x00000000eaf0d128,0x00000000eaf80000)
  to   space 1536K, 0% used [0x00000000eaf80000,0x00000000eaf80000,0x00000000eb100000)
 ParOldGen       total 285696K, used 285433K [0x00000000c0000000, 0x00000000d1700000, 0x00000000eab00000)
  object space 285696K, 99% used [0x00000000c0000000,0x00000000d16be4d8,0x00000000d1700000)
 Metaspace       used 55913K, committed 57280K, reserved 1114112K
  class space    used 5827K, committed 6464K, reserved 1048576K
}
Event: 8.162 GC heap before
{Heap before GC invocations=188 (full 2):
 PSYoungGen      total 4608K, used 4102K [0x00000000eab00000, 0x00000000eb100000, 0x0000000100000000)
  eden space 3072K, 98% used [0x00000000eab00000,0x00000000eadf4890,0x00000000eae00000)
  from space 1536K, 70% used [0x00000000eae00000,0x00000000eaf0d128,0x00000000eaf80000)
  to   space 1536K, 0% used [0x00000000eaf80000,0x00000000eaf80000,0x00000000eb100000)
 ParOldGen       total 285696K, used 285433K [0x00000000c0000000, 0x00000000d1700000, 0x00000000eab00000)
  object space 285696K, 99% used [0x00000000c0000000,0x00000000d16be4d8,0x00000000d1700000)
 Metaspace       used 55917K, committed 57280K, reserved 1114112K
  class space    used 5827K, committed 6464K, reserved 1048576K
}
Event: 8.163 GC heap after
{Heap after GC invocations=188 (full 2):
 PSYoungGen      total 4608K, used 1137K [0x00000000eab00000, 0x00000000eb100000, 0x0000000100000000)
  eden space 3072K, 0% used [0x00000000eab00000,0x00000000eab00000,0x00000000eae00000)
  from space 1536K, 74% used [0x00000000eaf80000,0x00000000eb09c578,0x00000000eb100000)
  to   space 1536K, 0% used [0x00000000eae00000,0x00000000eae00000,0x00000000eaf80000)
 ParOldGen       total 286720K, used 286395K [0x00000000c0000000, 0x00000000d1800000, 0x00000000eab00000)
  object space 286720K, 99% used [0x00000000c0000000,0x00000000d17aeda0,0x00000000d1800000)
 Metaspace       used 55917K, committed 57280K, reserved 1114112K
  class space    used 5827K, committed 6464K, reserved 1048576K
}
Event: 8.168 GC heap before
{Heap before GC invocations=189 (full 2):
 PSYoungGen      total 4608K, used 4209K [0x00000000eab00000, 0x00000000eb100000, 0x0000000100000000)
  eden space 3072K, 99% used [0x00000000eab00000,0x00000000eadfffd8,0x00000000eae00000)
  from space 1536K, 74% used [0x00000000eaf80000,0x00000000eb09c578,0x00000000eb100000)
  to   space 1536K, 0% used [0x00000000eae00000,0x00000000eae00000,0x00000000eaf80000)
 ParOldGen       total 286720K, used 286395K [0x00000000c0000000, 0x00000000d1800000, 0x00000000eab00000)
  object space 286720K, 99% used [0x00000000c0000000,0x00000000d17aeda0,0x00000000d1800000)
 Metaspace       used 55931K, committed 57344K, reserved 1114112K
  class space    used 5829K, committed 6464K, reserved 1048576K
}
Event: 8.170 GC heap after
{Heap after GC invocations=189 (full 2):
 PSYoungGen      total 4608K, used 1226K [0x00000000eab00000, 0x00000000eb100000, 0x0000000100000000)
  eden space 3072K, 0% used [0x00000000eab00000,0x00000000eab00000,0x00000000eae00000)
  from space 1536K, 79% used [0x00000000eae00000,0x00000000eaf328f8,0x00000000eaf80000)
  to   space 1536K, 0% used [0x00000000eaf80000,0x00000000eaf80000,0x00000000eb100000)
 ParOldGen       total 287744K, used 287312K [0x00000000c0000000, 0x00000000d1900000, 0x00000000eab00000)
  object space 287744K, 99% used [0x00000000c0000000,0x00000000d18942d0,0x00000000d1900000)
 Metaspace       used 55931K, committed 57344K, reserved 1114112K
  class space    used 5829K, committed 6464K, reserved 1048576K
}
Event: 8.177 GC heap before
{Heap before GC invocations=190 (full 2):
 PSYoungGen      total 4608K, used 4298K [0x00000000eab00000, 0x00000000eb100000, 0x0000000100000000)
  eden space 3072K, 100% used [0x00000000eab00000,0x00000000eae00000,0x00000000eae00000)
  from space 1536K, 79% used [0x00000000eae00000,0x00000000eaf328f8,0x00000000eaf80000)
  to   space 1536K, 0% used [0x00000000eaf80000,0x00000000eaf80000,0x00000000eb100000)
 ParOldGen       total 287744K, used 287312K [0x00000000c0000000, 0x00000000d1900000, 0x00000000eab00000)
  object space 287744K, 99% used [0x00000000c0000000,0x00000000d18942d0,0x00000000d1900000)
 Metaspace       used 55967K, committed 57344K, reserved 1114112K
  class space    used 5838K, committed 6464K, reserved 1048576K
}
Event: 8.178 GC heap after
{Heap after GC invocations=190 (full 2):
 PSYoungGen      total 4096K, used 869K [0x00000000eab00000, 0x00000000eb080000, 0x0000000100000000)
  eden space 3072K, 0% used [0x00000000eab00000,0x00000000eab00000,0x00000000eae00000)
  from space 1024K, 84% used [0x00000000eaf80000,0x00000000eb059408,0x00000000eb080000)
  to   space 1024K, 0% used [0x00000000eae80000,0x00000000eae80000,0x00000000eaf80000)
 ParOldGen       total 288768K, used 288378K [0x00000000c0000000, 0x00000000d1a00000, 0x00000000eab00000)
  object space 288768K, 99% used [0x00000000c0000000,0x00000000d199eae8,0x00000000d1a00000)
 Metaspace       used 55967K, committed 57344K, reserved 1114112K
  class space    used 5838K, committed 6464K, reserved 1048576K
}
Event: 8.186 GC heap before
{Heap before GC invocations=191 (full 2):
 PSYoungGen      total 4096K, used 3941K [0x00000000eab00000, 0x00000000eb080000, 0x0000000100000000)
  eden space 3072K, 100% used [0x00000000eab00000,0x00000000eae00000,0x00000000eae00000)
  from space 1024K, 84% used [0x00000000eaf80000,0x00000000eb059408,0x00000000eb080000)
  to   space 1024K, 0% used [0x00000000eae80000,0x00000000eae80000,0x00000000eaf80000)
 ParOldGen       total 288768K, used 288378K [0x00000000c0000000, 0x00000000d1a00000, 0x00000000eab00000)
  object space 288768K, 99% used [0x00000000c0000000,0x00000000d199eae8,0x00000000d1a00000)
 Metaspace       used 55985K, committed 57344K, reserved 1114112K
  class space    used 5838K, committed 6464K, reserved 1048576K
}
Event: 8.187 GC heap after
{Heap after GC invocations=191 (full 2):
 PSYoungGen      total 4096K, used 848K [0x00000000eab00000, 0x00000000eb000000, 0x0000000100000000)
  eden space 3072K, 0% used [0x00000000eab00000,0x00000000eab00000,0x00000000eae00000)
  from space 1024K, 82% used [0x00000000eae80000,0x00000000eaf54268,0x00000000eaf80000)
  to   space 512K, 0% used [0x00000000eaf80000,0x00000000eaf80000,0x00000000eb000000)
 ParOldGen       total 289280K, used 289087K [0x00000000c0000000, 0x00000000d1a80000, 0x00000000eab00000)
  object space 289280K, 99% used [0x00000000c0000000,0x00000000d1a4fc90,0x00000000d1a80000)
 Metaspace       used 55985K, committed 57344K, reserved 1114112K
  class space    used 5838K, committed 6464K, reserved 1048576K
}
Event: 8.193 GC heap before
{Heap before GC invocations=192 (full 2):
 PSYoungGen      total 4096K, used 3920K [0x00000000eab00000, 0x00000000eb000000, 0x0000000100000000)
  eden space 3072K, 100% used [0x00000000eab00000,0x00000000eae00000,0x00000000eae00000)
  from space 1024K, 82% used [0x00000000eae80000,0x00000000eaf54268,0x00000000eaf80000)
  to   space 512K, 0% used [0x00000000eaf80000,0x00000000eaf80000,0x00000000eb000000)
 ParOldGen       total 289280K, used 289087K [0x00000000c0000000, 0x00000000d1a80000, 0x00000000eab00000)
  object space 289280K, 99% used [0x00000000c0000000,0x00000000d1a4fc90,0x00000000d1a80000)
 Metaspace       used 56030K, committed 57408K, reserved 1114112K
  class space    used 5843K, committed 6464K, reserved 1048576K
}
Event: 8.195 GC heap after
{Heap after GC invocations=192 (full 2):
 PSYoungGen      total 3584K, used 511K [0x00000000eab00000, 0x00000000eb100000, 0x0000000100000000)
  eden space 3072K, 0% used [0x00000000eab00000,0x00000000eab00000,0x00000000eae00000)
  from space 512K, 99% used [0x00000000eaf80000,0x00000000eafffea0,0x00000000eb000000)
  to   space 1536K, 0% used [0x00000000eae00000,0x00000000eae00000,0x00000000eaf80000)
 ParOldGen       total 290304K, used 289911K [0x00000000c0000000, 0x00000000d1b80000, 0x00000000eab00000)
  object space 290304K, 99% used [0x00000000c0000000,0x00000000d1b1de08,0x00000000d1b80000)
 Metaspace       used 56030K, committed 57408K, reserved 1114112K
  class space    used 5843K, committed 6464K, reserved 1048576K
}
Event: 8.202 GC heap before
{Heap before GC invocations=193 (full 2):
 PSYoungGen      total 3584K, used 3583K [0x00000000eab00000, 0x00000000eb100000, 0x0000000100000000)
  eden space 3072K, 100% used [0x00000000eab00000,0x00000000eae00000,0x00000000eae00000)
  from space 512K, 99% used [0x00000000eaf80000,0x00000000eafffea0,0x00000000eb000000)
  to   space 1536K, 0% used [0x00000000eae00000,0x00000000eae00000,0x00000000eaf80000)
 ParOldGen       total 290304K, used 289911K [0x00000000c0000000, 0x00000000d1b80000, 0x00000000eab00000)
  object space 290304K, 99% used [0x00000000c0000000,0x00000000d1b1de08,0x00000000d1b80000)
 Metaspace       used 56057K, committed 57408K, reserved 1114112K
  class space    used 5845K, committed 6464K, reserved 1048576K
}

Dll operation events (10 events):
Event: 0.025 Loaded shared library c:\Users\qiqi\.cursor\extensions\redhat.java-1.42.0-win32-x64\jre\21.0.7-win32-x86_64\bin\java.dll
Event: 0.071 Loaded shared library c:\Users\qiqi\.cursor\extensions\redhat.java-1.42.0-win32-x64\jre\21.0.7-win32-x86_64\bin\zip.dll
Event: 0.148 Loaded shared library C:\Users\qiqi\.cursor\extensions\redhat.java-1.42.0-win32-x64\jre\21.0.7-win32-x86_64\bin\instrument.dll
Event: 0.157 Loaded shared library C:\Users\qiqi\.cursor\extensions\redhat.java-1.42.0-win32-x64\jre\21.0.7-win32-x86_64\bin\net.dll
Event: 0.163 Loaded shared library C:\Users\qiqi\.cursor\extensions\redhat.java-1.42.0-win32-x64\jre\21.0.7-win32-x86_64\bin\nio.dll
Event: 0.166 Loaded shared library C:\Users\qiqi\.cursor\extensions\redhat.java-1.42.0-win32-x64\jre\21.0.7-win32-x86_64\bin\zip.dll
Event: 0.185 Loaded shared library C:\Users\qiqi\.cursor\extensions\redhat.java-1.42.0-win32-x64\jre\21.0.7-win32-x86_64\bin\jimage.dll
Event: 0.287 Loaded shared library c:\Users\qiqi\.cursor\extensions\redhat.java-1.42.0-win32-x64\jre\21.0.7-win32-x86_64\bin\verify.dll
Event: 1.541 Loaded shared library C:\Users\qiqi\AppData\Roaming\Cursor\User\globalStorage\redhat.java\1.42.0\config_win\org.eclipse.equinox.launcher\org.eclipse.equinox.launcher.win32.win32.x86_64_1.2.1300.v20250331-1702\eclipse_11911.dll
Event: 3.225 Loaded shared library C:\Users\qiqi\AppData\Local\Temp\jna-3470896\jna6202228190304211805.dll

Deoptimization events (20 events):
Event: 8.095 Thread 0x0000012e9b415100 Uncommon trap: trap_request=0xffffff45 fr.pc=0x0000012e497acc50 relative=0x0000000000001490
Event: 8.095 Thread 0x0000012e9b415100 Uncommon trap: reason=unstable_if action=reinterpret pc=0x0000012e497acc50 method=org.eclipse.jdt.internal.compiler.parser.Scanner.getNextToken0()Lorg/eclipse/jdt/internal/compiler/parser/TerminalToken; @ 2036 c2
Event: 8.095 Thread 0x0000012e9b415100 DEOPT PACKING pc=0x0000012e497acc50 sp=0x0000000b409fe120
Event: 8.095 Thread 0x0000012e9b415100 DEOPT UNPACKING pc=0x0000012e48d83aa2 sp=0x0000000b409fe060 mode 2
Event: 8.124 Thread 0x0000012e9ed25e90 DEOPT PACKING pc=0x0000012e42658084 sp=0x0000000b42ffeb60
Event: 8.124 Thread 0x0000012e9ed25e90 DEOPT UNPACKING pc=0x0000012e48d84242 sp=0x0000000b42ffe0b8 mode 0
Event: 8.125 Thread 0x0000012e9eedd290 DEOPT PACKING pc=0x0000012e42658084 sp=0x0000000b438fe710
Event: 8.125 Thread 0x0000012e9eedd290 DEOPT UNPACKING pc=0x0000012e48d84242 sp=0x0000000b438fdc68 mode 0
Event: 8.148 Thread 0x0000012e9b415100 Uncommon trap: trap_request=0xffffff45 fr.pc=0x0000012e497a33a0 relative=0x00000000000003c0
Event: 8.148 Thread 0x0000012e9b415100 Uncommon trap: reason=unstable_if action=reinterpret pc=0x0000012e497a33a0 method=org.eclipse.jdt.internal.compiler.parser.Scanner.getNextToken()Lorg/eclipse/jdt/internal/compiler/parser/TerminalToken; @ 144 c2
Event: 8.148 Thread 0x0000012e9b415100 DEOPT PACKING pc=0x0000012e497a33a0 sp=0x0000000b409fe170
Event: 8.148 Thread 0x0000012e9b415100 DEOPT UNPACKING pc=0x0000012e48d83aa2 sp=0x0000000b409fe108 mode 2
Event: 8.190 Thread 0x0000012e9b415100 Uncommon trap: trap_request=0xffffff45 fr.pc=0x0000012e4973c0a8 relative=0x0000000000000688
Event: 8.190 Thread 0x0000012e9b415100 Uncommon trap: reason=unstable_if action=reinterpret pc=0x0000012e4973c0a8 method=org.eclipse.jdt.internal.compiler.classfmt.ClassFileReader.isAnonymous()Z @ 4 c2
Event: 8.190 Thread 0x0000012e9b415100 DEOPT PACKING pc=0x0000012e4973c0a8 sp=0x0000000b409fdb00
Event: 8.190 Thread 0x0000012e9b415100 DEOPT UNPACKING pc=0x0000012e48d83aa2 sp=0x0000000b409fdac8 mode 2
Event: 8.191 Thread 0x0000012e9b415100 Uncommon trap: trap_request=0xffffff45 fr.pc=0x0000012e496ec698 relative=0x0000000000000078
Event: 8.191 Thread 0x0000012e9b415100 Uncommon trap: reason=unstable_if action=reinterpret pc=0x0000012e496ec698 method=org.eclipse.jdt.internal.compiler.classfmt.MethodInfo.getModifiers()I @ 5 c2
Event: 8.191 Thread 0x0000012e9b415100 DEOPT PACKING pc=0x0000012e496ec698 sp=0x0000000b409fd8f0
Event: 8.191 Thread 0x0000012e9b415100 DEOPT UNPACKING pc=0x0000012e48d83aa2 sp=0x0000000b409fd888 mode 2

Classes loaded (20 events):
Event: 5.971 Loading class sun/security/provider/MD5
Event: 5.971 Loading class sun/security/provider/MD5 done
Event: 5.972 Loading class sun/security/provider/ByteArrayAccess$LE
Event: 5.972 Loading class sun/security/provider/ByteArrayAccess$LE done
Event: 6.124 Loading class java/util/concurrent/ForkJoinTask$AdaptedCallable
Event: 6.124 Loading class java/util/concurrent/ForkJoinTask$AdaptedCallable done
Event: 6.598 Loading class java/util/Vector$1
Event: 6.598 Loading class java/util/Vector$1 done
Event: 7.029 Loading class java/util/regex/Pattern$Caret
Event: 7.029 Loading class java/util/regex/Pattern$Caret done
Event: 7.088 Loading class java/util/regex/Pattern$LazyLoop
Event: 7.088 Loading class java/util/regex/Pattern$LazyLoop done
Event: 7.853 Loading class java/util/regex/Pattern$End
Event: 7.853 Loading class java/util/regex/Pattern$End done
Event: 8.173 Loading class java/util/stream/ReduceOps$4
Event: 8.173 Loading class java/util/stream/ReduceOps$4 done
Event: 8.173 Loading class java/util/stream/ReduceOps$4ReducingSink
Event: 8.173 Loading class java/util/stream/ReduceOps$4ReducingSink done
Event: 8.174 Loading class java/nio/file/Files$2
Event: 8.175 Loading class java/nio/file/Files$2 done

Classes unloaded (7 events):
Event: 3.684 Thread 0x0000012e95472960 Unloading class 0x0000012e541a4800 'java/lang/invoke/LambdaForm$MH+0x0000012e541a4800'
Event: 3.684 Thread 0x0000012e95472960 Unloading class 0x0000012e541a4400 'java/lang/invoke/LambdaForm$MH+0x0000012e541a4400'
Event: 3.684 Thread 0x0000012e95472960 Unloading class 0x0000012e541a4000 'java/lang/invoke/LambdaForm$MH+0x0000012e541a4000'
Event: 3.684 Thread 0x0000012e95472960 Unloading class 0x0000012e541a3c00 'java/lang/invoke/LambdaForm$MH+0x0000012e541a3c00'
Event: 3.684 Thread 0x0000012e95472960 Unloading class 0x0000012e541a3800 'java/lang/invoke/LambdaForm$BMH+0x0000012e541a3800'
Event: 3.684 Thread 0x0000012e95472960 Unloading class 0x0000012e541a3400 'java/lang/invoke/LambdaForm$DMH+0x0000012e541a3400'
Event: 3.684 Thread 0x0000012e95472960 Unloading class 0x0000012e541a2400 'java/lang/invoke/LambdaForm$DMH+0x0000012e541a2400'

Classes redefined (0 events):
No events

Internal exceptions (20 events):
Event: 6.150 Thread 0x0000012e9ed22a10 Exception <a 'sun/nio/fs/WindowsException'{0x00000000eb129a60}> (0x00000000eb129a60) 
thrown [s\src\hotspot\share\prims\jni.cpp, line 520]
Event: 6.153 Thread 0x0000012e9ed25800 Exception <a 'sun/nio/fs/WindowsException'{0x00000000eb1cefa0}> (0x00000000eb1cefa0) 
thrown [s\src\hotspot\share\prims\jni.cpp, line 520]
Event: 6.153 Thread 0x0000012e9ed22380 Exception <a 'sun/nio/fs/WindowsException'{0x00000000eb0ba570}> (0x00000000eb0ba570) 
thrown [s\src\hotspot\share\prims\jni.cpp, line 520]
Event: 6.153 Thread 0x0000012e9ed27240 Exception <a 'sun/nio/fs/WindowsException'{0x00000000eb1f9fe0}> (0x00000000eb1f9fe0) 
thrown [s\src\hotspot\share\prims\jni.cpp, line 520]
Event: 6.168 Thread 0x0000012e9b415100 Exception <a 'sun/nio/fs/WindowsException'{0x00000000eacc0f70}> (0x00000000eacc0f70) 
thrown [s\src\hotspot\share\prims\jni.cpp, line 520]
Event: 6.171 Thread 0x0000012e9ed24ae0 Exception <a 'sun/nio/fs/WindowsException'{0x00000000eacd5e40}> (0x00000000eacd5e40) 
thrown [s\src\hotspot\share\prims\jni.cpp, line 520]
Event: 6.171 Thread 0x0000012e9ed23dc0 Exception <a 'sun/nio/fs/WindowsException'{0x00000000eacdcf00}> (0x00000000eacdcf00) 
thrown [s\src\hotspot\share\prims\jni.cpp, line 520]
Event: 6.171 Thread 0x0000012e9ed21660 Exception <a 'sun/nio/fs/WindowsException'{0x00000000eacc7ce8}> (0x00000000eacc7ce8) 
thrown [s\src\hotspot\share\prims\jni.cpp, line 520]
Event: 6.171 Thread 0x0000012e9ed202b0 Exception <a 'sun/nio/fs/WindowsException'{0x00000000eacced90}> (0x00000000eacced90) 
thrown [s\src\hotspot\share\prims\jni.cpp, line 520]
Event: 6.171 Thread 0x0000012e9ed25800 Exception <a 'sun/nio/fs/WindowsException'{0x00000000eaceb078}> (0x00000000eaceb078) 
thrown [s\src\hotspot\share\prims\jni.cpp, line 520]
Event: 6.171 Thread 0x0000012e9ed24450 Exception <a 'sun/nio/fs/WindowsException'{0x00000000eace3fc0}> (0x00000000eace3fc0) 
thrown [s\src\hotspot\share\prims\jni.cpp, line 520]
Event: 6.171 Thread 0x0000012e9ed20940 Exception <a 'sun/nio/fs/WindowsException'{0x00000000ead002b8}> (0x00000000ead002b8) 
thrown [s\src\hotspot\share\prims\jni.cpp, line 520]
Event: 6.171 Thread 0x0000012e9ed27240 Exception <a 'sun/nio/fs/WindowsException'{0x00000000eacf2140}> (0x00000000eacf2140) 
thrown [s\src\hotspot\share\prims\jni.cpp, line 520]
Event: 6.172 Thread 0x0000012e9ed22380 Exception <a 'sun/nio/fs/WindowsException'{0x00000000eacf9228}> (0x00000000eacf9228) 
thrown [s\src\hotspot\share\prims\jni.cpp, line 520]
Event: 6.180 Thread 0x0000012e9b415100 Exception <a 'sun/nio/fs/WindowsException'{0x00000000ead1fdf8}> (0x00000000ead1fdf8) 
thrown [s\src\hotspot\share\prims\jni.cpp, line 520]
Event: 7.767 Thread 0x0000012e9b415100 Exception <a 'java/lang/NoSuchMethodError'{0x00000000eacb65f8}: 'java.lang.Object java.lang.invoke.DirectMethodHandle$Holder.invokeStatic(java.lang.Object, java.lang.Object, int, int)'> (0x00000000eacb65f8) 
thrown [s\src\hotspot\share\interpreter\linkResolver.cpp, line 773]
Event: 7.768 Thread 0x0000012e9b415100 Exception <a 'java/lang/NoSuchMethodError'{0x00000000eace4408}: 'java.lang.Object java.lang.invoke.DirectMethodHandle$Holder.invokeSpecial(java.lang.Object, java.lang.Object, java.lang.Object, int, int)'> (0x00000000eace4408) 
thrown [s\src\hotspot\share\interpreter\linkResolver.cpp, line 773]
Event: 8.083 Thread 0x0000012e9b415100 Implicit null exception at 0x0000012e49799aa3 to 0x0000012e49799e0c
Event: 8.176 Thread 0x0000012e9b415100 Exception <a 'java/lang/NoSuchMethodError'{0x00000000ead8f8c8}: 'int java.lang.invoke.DirectMethodHandle$Holder.invokeSpecialIFC(java.lang.Object, java.lang.Object, java.lang.Object)'> (0x00000000ead8f8c8) 
thrown [s\src\hotspot\share\interpreter\linkResolver.cpp, line 773]
Event: 8.190 Thread 0x0000012e9b415100 Implicit null exception at 0x0000012e4973ba63 to 0x0000012e4973c098

ZGC Phase Switch (0 events):
No events

VM Operations (20 events):
Event: 8.121 Executing VM operation: ParallelGCFailedAllocation (Allocation Failure) done
Event: 8.130 Executing VM operation: ParallelGCFailedAllocation (Allocation Failure)
Event: 8.131 Executing VM operation: ParallelGCFailedAllocation (Allocation Failure) done
Event: 8.140 Executing VM operation: ParallelGCFailedAllocation (Allocation Failure)
Event: 8.141 Executing VM operation: ParallelGCFailedAllocation (Allocation Failure) done
Event: 8.148 Executing VM operation: ParallelGCFailedAllocation (Allocation Failure)
Event: 8.150 Executing VM operation: ParallelGCFailedAllocation (Allocation Failure) done
Event: 8.156 Executing VM operation: ParallelGCFailedAllocation (Allocation Failure)
Event: 8.157 Executing VM operation: ParallelGCFailedAllocation (Allocation Failure) done
Event: 8.162 Executing VM operation: ParallelGCFailedAllocation (Allocation Failure)
Event: 8.163 Executing VM operation: ParallelGCFailedAllocation (Allocation Failure) done
Event: 8.168 Executing VM operation: ParallelGCFailedAllocation (Allocation Failure)
Event: 8.170 Executing VM operation: ParallelGCFailedAllocation (Allocation Failure) done
Event: 8.177 Executing VM operation: ParallelGCFailedAllocation (Allocation Failure)
Event: 8.178 Executing VM operation: ParallelGCFailedAllocation (Allocation Failure) done
Event: 8.186 Executing VM operation: ParallelGCFailedAllocation (Allocation Failure)
Event: 8.187 Executing VM operation: ParallelGCFailedAllocation (Allocation Failure) done
Event: 8.193 Executing VM operation: ParallelGCFailedAllocation (Allocation Failure)
Event: 8.195 Executing VM operation: ParallelGCFailedAllocation (Allocation Failure) done
Event: 8.202 Executing VM operation: ParallelGCFailedAllocation (Allocation Failure)

Memory protections (0 events):
No events

Nmethod flushes (20 events):
Event: 4.769 Thread 0x0000012e95472960 flushing  nmethod 0x0000012e41eae310
Event: 4.769 Thread 0x0000012e95472960 flushing  nmethod 0x0000012e41eb1e10
Event: 4.769 Thread 0x0000012e95472960 flushing  nmethod 0x0000012e41eb2710
Event: 4.769 Thread 0x0000012e95472960 flushing  nmethod 0x0000012e41eb3910
Event: 4.769 Thread 0x0000012e95472960 flushing  nmethod 0x0000012e41eb4110
Event: 4.769 Thread 0x0000012e95472960 flushing  nmethod 0x0000012e41eb4890
Event: 4.769 Thread 0x0000012e95472960 flushing  nmethod 0x0000012e41eb5e10
Event: 4.769 Thread 0x0000012e95472960 flushing  nmethod 0x0000012e41eb6710
Event: 4.769 Thread 0x0000012e95472960 flushing  nmethod 0x0000012e41eb6f90
Event: 4.769 Thread 0x0000012e95472960 flushing  nmethod 0x0000012e41eb8490
Event: 4.769 Thread 0x0000012e95472960 flushing  nmethod 0x0000012e41eb8f10
Event: 4.769 Thread 0x0000012e95472960 flushing  nmethod 0x0000012e41eb9b90
Event: 4.769 Thread 0x0000012e95472960 flushing  nmethod 0x0000012e41ed8210
Event: 4.769 Thread 0x0000012e95472960 flushing  nmethod 0x0000012e41ee0a90
Event: 4.769 Thread 0x0000012e95472960 flushing  nmethod 0x0000012e41eef090
Event: 4.769 Thread 0x0000012e95472960 flushing  nmethod 0x0000012e41ef4490
Event: 4.769 Thread 0x0000012e95472960 flushing  nmethod 0x0000012e41efd290
Event: 4.769 Thread 0x0000012e95472960 flushing  nmethod 0x0000012e41fa3b90
Event: 4.769 Thread 0x0000012e95472960 flushing  nmethod 0x0000012e41fa4010
Event: 4.769 Thread 0x0000012e95472960 flushing  nmethod 0x0000012e41fbbc10

Events (20 events):
Event: 6.127 Thread 0x0000012e9ed21660 Thread added: 0x0000012e9ed22380
Event: 6.128 Thread 0x0000012e9ed202b0 Thread added: 0x0000012e9ed22a10
Event: 6.128 Thread 0x0000012e9ed202b0 Thread added: 0x0000012e9ed23dc0
Event: 6.128 Thread 0x0000012e9ed22a10 Thread added: 0x0000012e9ed20940
Event: 6.129 Thread 0x0000012e9ed23dc0 Thread added: 0x0000012e9ed24450
Event: 6.129 Thread 0x0000012e9ed20940 Thread added: 0x0000012e9ed20fd0
Event: 6.129 Thread 0x0000012e9ed24450 Thread added: 0x0000012e9ed25800
Event: 6.129 Thread 0x0000012e9ed20fd0 Thread added: 0x0000012e9ed26bb0
Event: 6.129 Thread 0x0000012e9ed25800 Thread added: 0x0000012e9ed24ae0
Event: 6.129 Thread 0x0000012e9ed22380 Thread added: 0x0000012e9ed27240
Event: 6.239 Thread 0x0000012e9b415100 Thread added: 0x0000012e9ed25e90
Event: 6.239 Thread 0x0000012e9b415100 Thread added: 0x0000012e9ed26520
Event: 6.239 Thread 0x0000012e9b415100 Thread added: 0x0000012e9ed278d0
Event: 6.239 Thread 0x0000012e9b415100 Thread added: 0x0000012e9eedc570
Event: 6.240 Thread 0x0000012e9b415100 Thread added: 0x0000012e9eedab30
Event: 6.240 Thread 0x0000012e9ed278d0 Thread added: 0x0000012e9eedb1c0
Event: 6.240 Thread 0x0000012e9eedab30 Thread added: 0x0000012e9eedb850
Event: 6.240 Thread 0x0000012e9eedb1c0 Thread added: 0x0000012e9eedcc00
Event: 6.240 Thread 0x0000012e9ed26520 Thread added: 0x0000012e9eedbee0
Event: 6.240 Thread 0x0000012e9ed25e90 Thread added: 0x0000012e9eedd290


Dynamic libraries:
0x00007ff7cc2d0000 - 0x00007ff7cc2de000 	c:\Users\qiqi\.cursor\extensions\redhat.java-1.42.0-win32-x64\jre\21.0.7-win32-x86_64\bin\java.exe
0x00007ffbaf1a0000 - 0x00007ffbaf405000 	C:\WINDOWS\SYSTEM32\ntdll.dll
0x00007ffbae540000 - 0x00007ffbae609000 	C:\WINDOWS\System32\KERNEL32.DLL
0x00007ffbac500000 - 0x00007ffbac8e8000 	C:\WINDOWS\System32\KERNELBASE.dll
0x00007ffbac320000 - 0x00007ffbac46b000 	C:\WINDOWS\System32\ucrtbase.dll
0x00007ffba3bd0000 - 0x00007ffba3be8000 	c:\Users\qiqi\.cursor\extensions\redhat.java-1.42.0-win32-x64\jre\21.0.7-win32-x86_64\bin\jli.dll
0x00007ffba3bb0000 - 0x00007ffba3bce000 	c:\Users\qiqi\.cursor\extensions\redhat.java-1.42.0-win32-x64\jre\21.0.7-win32-x86_64\bin\VCRUNTIME140.dll
0x00007ffbaeaa0000 - 0x00007ffbaec6a000 	C:\WINDOWS\System32\USER32.dll
0x00007ffbac2f0000 - 0x00007ffbac317000 	C:\WINDOWS\System32\win32u.dll
0x00007ffbacf40000 - 0x00007ffbacf6b000 	C:\WINDOWS\System32\GDI32.dll
0x00007ffbaca70000 - 0x00007ffbacba7000 	C:\WINDOWS\System32\gdi32full.dll
0x00007ffbacdf0000 - 0x00007ffbace93000 	C:\WINDOWS\System32\msvcp_win.dll
0x00007ffb9d680000 - 0x00007ffb9d91a000 	C:\WINDOWS\WinSxS\amd64_microsoft.windows.common-controls_6595b64144ccf1df_6.0.26100.4202_none_3e0698d4e335f517\COMCTL32.dll
0x00007ffbad1e0000 - 0x00007ffbad289000 	C:\WINDOWS\System32\msvcrt.dll
0x00007ffbacff0000 - 0x00007ffbad020000 	C:\WINDOWS\System32\IMM32.DLL
0x000000006d920000 - 0x000000006d92d000 	C:\Program Files (x86)\360\360Safe\safemon\SafeWrapper.dll
0x00007ffbadb30000 - 0x00007ffbadbe3000 	C:\WINDOWS\System32\ADVAPI32.dll
0x00007ffbad030000 - 0x00007ffbad0d6000 	C:\WINDOWS\System32\sechost.dll
0x00007ffbaedd0000 - 0x00007ffbaeee5000 	C:\WINDOWS\System32\RPCRT4.dll
0x00007ffba0130000 - 0x00007ffba0235000 	C:\Program Files (x86)\360\360Safe\safemon\libzdtp64.dll
0x00007ffbadd70000 - 0x00007ffbae4b2000 	C:\WINDOWS\System32\SHELL32.dll
0x00007ffbac8f0000 - 0x00007ffbaca64000 	C:\WINDOWS\System32\wintypes.dll
0x00007ffbad7a0000 - 0x00007ffbadb25000 	C:\WINDOWS\System32\combase.dll
0x00007ffbae4c0000 - 0x00007ffbae52a000 	C:\WINDOWS\System32\SHLWAPI.dll
0x00007ffbabb80000 - 0x00007ffbabb8b000 	C:\WINDOWS\SYSTEM32\VERSION.dll
0x00007ffba3ba0000 - 0x00007ffba3bac000 	c:\Users\qiqi\.cursor\extensions\redhat.java-1.42.0-win32-x64\jre\21.0.7-win32-x86_64\bin\vcruntime140_1.dll
0x00007ffb8d6f0000 - 0x00007ffb8d77d000 	c:\Users\qiqi\.cursor\extensions\redhat.java-1.42.0-win32-x64\jre\21.0.7-win32-x86_64\bin\msvcp140.dll
0x00007ffb49a70000 - 0x00007ffb4a800000 	c:\Users\qiqi\.cursor\extensions\redhat.java-1.42.0-win32-x64\jre\21.0.7-win32-x86_64\bin\server\jvm.dll
0x00007ffbad160000 - 0x00007ffbad1d4000 	C:\WINDOWS\System32\WS2_32.dll
0x00007ffbac140000 - 0x00007ffbac19e000 	C:\WINDOWS\SYSTEM32\POWRPROF.dll
0x00007ffb9e5d0000 - 0x00007ffb9e605000 	C:\WINDOWS\SYSTEM32\WINMM.dll
0x00007ffbac120000 - 0x00007ffbac134000 	C:\WINDOWS\SYSTEM32\UMPDC.dll
0x00007ffbaaff0000 - 0x00007ffbab00b000 	C:\WINDOWS\SYSTEM32\kernel.appcore.dll
0x00007ffba3b90000 - 0x00007ffba3b9a000 	c:\Users\qiqi\.cursor\extensions\redhat.java-1.42.0-win32-x64\jre\21.0.7-win32-x86_64\bin\jimage.dll
0x00007ffba2890000 - 0x00007ffba2ad1000 	C:\WINDOWS\SYSTEM32\DBGHELP.DLL
0x00007ffbaec70000 - 0x00007ffbaed51000 	C:\WINDOWS\System32\OLEAUT32.dll
0x00007ffb91760000 - 0x00007ffb91799000 	C:\WINDOWS\SYSTEM32\dbgcore.DLL
0x00007ffbacea0000 - 0x00007ffbacf39000 	C:\WINDOWS\System32\bcryptPrimitives.dll
0x00007ffba3b80000 - 0x00007ffba3b8f000 	c:\Users\qiqi\.cursor\extensions\redhat.java-1.42.0-win32-x64\jre\21.0.7-win32-x86_64\bin\instrument.dll
0x00007ffba3b60000 - 0x00007ffba3b7f000 	c:\Users\qiqi\.cursor\extensions\redhat.java-1.42.0-win32-x64\jre\21.0.7-win32-x86_64\bin\java.dll
0x00007ffba9ef0000 - 0x00007ffbaa748000 	C:\WINDOWS\SYSTEM32\windows.storage.dll
0x00007ffbaf060000 - 0x00007ffbaf151000 	C:\WINDOWS\System32\SHCORE.dll
0x00007ffbac200000 - 0x00007ffbac22f000 	C:\WINDOWS\SYSTEM32\profapi.dll
0x00007ffba3b40000 - 0x00007ffba3b58000 	c:\Users\qiqi\.cursor\extensions\redhat.java-1.42.0-win32-x64\jre\21.0.7-win32-x86_64\bin\zip.dll
0x00007ffba3b30000 - 0x00007ffba3b40000 	C:\Users\qiqi\.cursor\extensions\redhat.java-1.42.0-win32-x64\jre\21.0.7-win32-x86_64\bin\net.dll
0x00007ffba5fb0000 - 0x00007ffba60ce000 	C:\WINDOWS\SYSTEM32\WINHTTP.dll
0x00007ffbab560000 - 0x00007ffbab5ca000 	C:\WINDOWS\system32\mswsock.dll
0x00007ffba3700000 - 0x00007ffba3716000 	C:\Users\qiqi\.cursor\extensions\redhat.java-1.42.0-win32-x64\jre\21.0.7-win32-x86_64\bin\nio.dll
0x00007ffba3aa0000 - 0x00007ffba3ab0000 	c:\Users\qiqi\.cursor\extensions\redhat.java-1.42.0-win32-x64\jre\21.0.7-win32-x86_64\bin\verify.dll
0x00007ffb8d6a0000 - 0x00007ffb8d6e5000 	C:\Users\qiqi\AppData\Roaming\Cursor\User\globalStorage\redhat.java\1.42.0\config_win\org.eclipse.equinox.launcher\org.eclipse.equinox.launcher.win32.win32.x86_64_1.2.1300.v20250331-1702\eclipse_11911.dll
0x00007ffbad5e0000 - 0x00007ffbad77e000 	C:\WINDOWS\System32\ole32.dll
0x00007ffbab820000 - 0x00007ffbab83b000 	C:\WINDOWS\SYSTEM32\CRYPTSP.dll
0x00007ffbaaf50000 - 0x00007ffbaaf8a000 	C:\WINDOWS\system32\rsaenh.dll
0x00007ffbab600000 - 0x00007ffbab62b000 	C:\WINDOWS\SYSTEM32\USERENV.dll
0x00007ffbac1d0000 - 0x00007ffbac1f6000 	C:\WINDOWS\SYSTEM32\bcrypt.dll
0x00007ffbab810000 - 0x00007ffbab81c000 	C:\WINDOWS\SYSTEM32\CRYPTBASE.dll
0x00007ffbabb90000 - 0x00007ffbabbc3000 	C:\WINDOWS\SYSTEM32\IPHLPAPI.DLL
0x00007ffbad790000 - 0x00007ffbad79a000 	C:\WINDOWS\System32\NSI.dll
0x00007ffb8d650000 - 0x00007ffb8d699000 	C:\Users\qiqi\AppData\Local\Temp\jna-3470896\jna6202228190304211805.dll
0x00007ffbad150000 - 0x00007ffbad158000 	C:\WINDOWS\System32\PSAPI.DLL
0x00007ffba67d0000 - 0x00007ffba67ef000 	C:\WINDOWS\SYSTEM32\dhcpcsvc6.DLL
0x00007ffba6390000 - 0x00007ffba63b5000 	C:\WINDOWS\SYSTEM32\dhcpcsvc.DLL

dbghelp: loaded successfully - version: 4.0.5 - missing functions: none
symbol engine: initialized successfully - sym options: 0x614 - pdb path: .;c:\Users\qiqi\.cursor\extensions\redhat.java-1.42.0-win32-x64\jre\21.0.7-win32-x86_64\bin;C:\WINDOWS\SYSTEM32;C:\WINDOWS\WinSxS\amd64_microsoft.windows.common-controls_6595b64144ccf1df_6.0.26100.4202_none_3e0698d4e335f517;C:\Program Files (x86)\360\360Safe\safemon;c:\Users\qiqi\.cursor\extensions\redhat.java-1.42.0-win32-x64\jre\21.0.7-win32-x86_64\bin\server;C:\Users\qiqi\AppData\Roaming\Cursor\User\globalStorage\redhat.java\1.42.0\config_win\org.eclipse.equinox.launcher\org.eclipse.equinox.launcher.win32.win32.x86_64_1.2.1300.v20250331-1702;C:\Users\qiqi\AppData\Local\Temp\jna-3470896

VM Arguments:
jvm_args: --add-modules=ALL-SYSTEM --add-opens=java.base/java.util=ALL-UNNAMED --add-opens=java.base/java.lang=ALL-UNNAMED --add-opens=java.base/sun.nio.fs=ALL-UNNAMED -Declipse.application=org.eclipse.jdt.ls.core.id1 -Dosgi.bundles.defaultStartLevel=4 -Declipse.product=org.eclipse.jdt.ls.core.product -Djava.import.generatesMetadataFilesAtProjectRoot=false -DDetectVMInstallationsJob.disabled=true -Dfile.encoding=utf8 -XX:+UseParallelGC -XX:GCTimeRatio=4 -XX:AdaptiveSizePolicyWeight=90 -Dsun.zip.disableMemoryMapping=true -Xmx1G -Xms100m -Xlog:disable -javaagent:c:\Users\qiqi\.cursor\extensions\redhat.java-1.42.0-win32-x64\lombok\lombok-1.18.36.jar -XX:+HeapDumpOnOutOfMemoryError -XX:HeapDumpPath=c:\Users\qiqi\AppData\Roaming\Cursor\User\workspaceStorage\4669f277ec0b1c85ae80434b4662838d\redhat.java -Daether.dependencyCollector.impl=bf 
java_command: c:\Users\qiqi\.cursor\extensions\redhat.java-1.42.0-win32-x64\server\plugins\org.eclipse.equinox.launcher_1.7.0.v20250424-1814.jar -configuration c:\Users\qiqi\AppData\Roaming\Cursor\User\globalStorage\redhat.java\1.42.0\config_win -data c:\Users\qiqi\AppData\Roaming\Cursor\User\workspaceStorage\4669f277ec0b1c85ae80434b4662838d\redhat.java\jdt_ws --pipe=\\.\pipe\lsp-a80f8e42c09e6c04a5786f384442576c-sock
java_class_path (initial): c:\Users\qiqi\.cursor\extensions\redhat.java-1.42.0-win32-x64\server\plugins\org.eclipse.equinox.launcher_1.7.0.v20250424-1814.jar
Launcher Type: SUN_STANDARD

[Global flags]
    uintx AdaptiveSizePolicyWeight                 = 90                                        {product} {command line}
     intx CICompilerCount                          = 4                                         {product} {ergonomic}
    uintx GCTimeRatio                              = 4                                         {product} {command line}
     bool HeapDumpOnOutOfMemoryError               = true                                   {manageable} {command line}
    ccstr HeapDumpPath                             = c:\Users\qiqi\AppData\Roaming\Cursor\User\workspaceStorage\4669f277ec0b1c85ae80434b4662838d\redhat.java         {manageable} {command line}
   size_t InitialHeapSize                          = 104857600                                 {product} {command line}
   size_t MaxHeapSize                              = 1073741824                                {product} {command line}
   size_t MaxNewSize                               = 357564416                                 {product} {ergonomic}
   size_t MinHeapDeltaBytes                        = 524288                                    {product} {ergonomic}
   size_t MinHeapSize                              = 104857600                                 {product} {command line}
   size_t NewSize                                  = 34603008                                  {product} {ergonomic}
    uintx NonNMethodCodeHeapSize                   = 5839372                                {pd product} {ergonomic}
    uintx NonProfiledCodeHeapSize                  = 122909434                              {pd product} {ergonomic}
   size_t OldSize                                  = 70254592                                  {product} {ergonomic}
    uintx ProfiledCodeHeapSize                     = 122909434                              {pd product} {ergonomic}
    uintx ReservedCodeCacheSize                    = 251658240                              {pd product} {ergonomic}
     bool SegmentedCodeCache                       = true                                      {product} {ergonomic}
   size_t SoftMaxHeapSize                          = 1073741824                             {manageable} {ergonomic}
     bool UseCompressedOops                        = true                           {product lp64_product} {ergonomic}
     bool UseLargePagesIndividualAllocation        = false                                  {pd product} {ergonomic}
     bool UseParallelGC                            = true                                      {product} {command line}

Logging:
Log output configuration:
 #0: stdout all=off uptime,level,tags foldmultilines=false
 #1: stderr all=off uptime,level,tags foldmultilines=false

Environment Variables:
JAVA_HOME=D:\devenvironment\jdk\jdk-17.0.14
PATH=D:\devtools\VM\bin\;C:\WINDOWS\system32;C:\WINDOWS;C:\WINDOWS\System32\Wbem;C:\WINDOWS\System32\WindowsPowerShell\v1.0\;C:\WINDOWS\System32\OpenSSH\;D:\devenvironment\jdk\jdk-17.0.14\bin;D:\devenvironment\jdk\jdk-17.0.14\jre\bin;D:\devenvironment\nvm\nvm;D:\devenvironment\nvm\nodejs;D:\devenvironment\maven\apache-maven-3.9.9\bin;D:\softwareData\Git\cmd;D:\devenvironment\Anaconda\anaconda3;D:\devenvironment\Anaconda\anaconda3\Scripts;D:\devenvironment\Anaconda\anaconda3\condabin;D:\devenvironment\MongoDB\bin;D:\devenvironment\Erlang OTP\bin;D:\devtools\android-sdk-windows\tools;D:\devtools\android-sdk-windows\tools\bin;D:\devtools\android-sdk-windows\platform-tools;;d:\softwareData\cursor\resources\app\bin;d:\softwareData\cursor\resources\app\bin;D:\devenvironment\python\Scripts\;D:\devenvironment\python\;C:\Users\qiqi\AppData\Local\Microsoft\WindowsApps;D:\devtools\idea\IntelliJ IDEA 2024.3.5\bin;;D:\devenvironment\nvm\nvm;D:\devenvironment\nvm\nodejs;D:\softwareData\bindzip\;D:\softwareData\cursor\resources\app\bin
USERNAME=qiqi
OS=Windows_NT
PROCESSOR_IDENTIFIER=AMD64 Family 25 Model 80 Stepping 0, AuthenticAMD
TMP=C:\Users\qiqi\AppData\Local\Temp
TEMP=C:\Users\qiqi\AppData\Local\Temp




Periodic native trim disabled

---------------  S Y S T E M  ---------------

OS:
 Windows 11 , 64 bit Build 26100 (10.0.26100.4202)
OS uptime: 0 days 0:16 hours

CPU: total 12 (initial active 12) (12 cores per cpu, 2 threads per core) family 25 model 80 stepping 0 microcode 0xa50000c, cx8, cmov, fxsr, ht, mmx, 3dnowpref, sse, sse2, sse3, ssse3, sse4a, sse4.1, sse4.2, popcnt, lzcnt, tsc, tscinvbit, avx, avx2, aes, erms, clmul, bmi1, bmi2, adx, sha, fma, vzeroupper, clflush, clflushopt, rdtscp, rdpid, fsrm, f16c, pku, cet_ss
Processor Information for the first 12 processors :
  Max Mhz: 3301, Current Mhz: 3301, Mhz Limit: 3301

Memory: 4k page, system-wide physical 15775M (1583M free)
TotalPageFile size 15775M (AvailPageFile size 15M)
current process WorkingSet (physical memory assigned to process): 667M, peak: 667M
current process commit charge ("private bytes"): 606M, peak: 606M

vm_info: OpenJDK 64-Bit Server VM (21.0.7+6-LTS) for windows-amd64 JRE (21.0.7+6-LTS), built on 2025-04-15T00:00:00Z by "admin" with MS VC++ 17.7 (VS2022)

END.
