#
# There is insufficient memory for the Java Runtime Environment to continue.
# Native memory allocation (malloc) failed to allocate 2898912 bytes. Error detail: Chunk::new
# Possible reasons:
#   The system is out of physical RAM or swap space
#   This process is running with CompressedOops enabled, and the Java Heap may be blocking the growth of the native heap
# Possible solutions:
#   Reduce memory load on the system
#   Increase physical memory or swap space
#   Check if swap backing store is full
#   Decrease Java heap size (-Xmx/-Xms)
#   Decrease number of Java threads
#   Decrease Java thread stack sizes (-Xss)
#   Set larger code cache with -XX:ReservedCodeCacheSize=
#   JVM is running with Unscaled Compressed Oops mode in which the Java heap is
#     placed in the first 4GB address space. The Java Heap base address is the
#     maximum limit for the native heap growth. Please use -XX:HeapBaseMinAddress
#     to set the Java Heap base and to place the Java Heap above 4GB virtual address.
# This output file may be truncated or incomplete.
#
#  Out of Memory Error (arena.cpp:168), pid=11392, tid=17136
#
# JRE version: OpenJDK Runtime Environment Temurin-21.0.7+6 (21.0.7+6) (build 21.0.7+6-LTS)
# Java VM: OpenJDK 64-Bit Server VM Temurin-21.0.7+6 (21.0.7+6-LTS, mixed mode, sharing, tiered, compressed oops, compressed class ptrs, parallel gc, windows-amd64)
# No core dump will be written. Minidumps are not enabled by default on client versions of Windows
#

---------------  S U M M A R Y ------------

Command Line: --add-modules=ALL-SYSTEM --add-opens=java.base/java.util=ALL-UNNAMED --add-opens=java.base/java.lang=ALL-UNNAMED --add-opens=java.base/sun.nio.fs=ALL-UNNAMED -Declipse.application=org.eclipse.jdt.ls.core.id1 -Dosgi.bundles.defaultStartLevel=4 -Declipse.product=org.eclipse.jdt.ls.core.product -Djava.import.generatesMetadataFilesAtProjectRoot=false -DDetectVMInstallationsJob.disabled=true -Dfile.encoding=utf8 -XX:+UseParallelGC -XX:GCTimeRatio=4 -XX:AdaptiveSizePolicyWeight=90 -Dsun.zip.disableMemoryMapping=true -Xmx1G -Xms100m -Xlog:disable -javaagent:c:\Users\qiqi\.cursor\extensions\redhat.java-1.42.0-win32-x64\lombok\lombok-1.18.36.jar -XX:+HeapDumpOnOutOfMemoryError -XX:HeapDumpPath=c:\Users\qiqi\AppData\Roaming\Cursor\User\workspaceStorage\4669f277ec0b1c85ae80434b4662838d\redhat.java -Daether.dependencyCollector.impl=bf c:\Users\qiqi\.cursor\extensions\redhat.java-1.42.0-win32-x64\server\plugins\org.eclipse.equinox.launcher_1.7.0.v20250424-1814.jar -configuration c:\Users\qiqi\AppData\Roaming\Cursor\User\globalStorage\redhat.java\1.42.0\config_win -data c:\Users\qiqi\AppData\Roaming\Cursor\User\workspaceStorage\4669f277ec0b1c85ae80434b4662838d\redhat.java\jdt_ws --pipe=\\.\pipe\lsp-5a39e83b226fd93a80fa5ff3b3d05a32-sock

Host: AMD Ryzen 5 5600H with Radeon Graphics         , 12 cores, 15G,  Windows 11 , 64 bit Build 26100 (10.0.26100.4202)
Time: Fri Jun 13 16:36:54 2025  Windows 11 , 64 bit Build 26100 (10.0.26100.4202) elapsed time: 8.073812 seconds (0d 0h 0m 8s)

---------------  T H R E A D  ---------------

Current thread (0x00000203d6928560):  JavaThread "C2 CompilerThread1" daemon [_thread_in_native, id=17136, stack(0x0000008378000000,0x0000008378100000) (1024K)]


Current CompileTask:
C2:8073 8656       4       lombok.eclipse.handlers.EclipseHandlerUtil::setGeneratedBy (10 bytes)

Stack: [0x0000008378000000,0x0000008378100000]
Native frames: (J=compiled Java code, j=interpreted, Vv=VM code, C=native code)
V  [jvm.dll+0x6ce119]
V  [jvm.dll+0x8a84a1]
V  [jvm.dll+0x8aa9ce]
V  [jvm.dll+0x8ab0b3]
V  [jvm.dll+0x27f8a6]
V  [jvm.dll+0xc507d]
V  [jvm.dll+0xc55b3]
V  [jvm.dll+0x3b692c]
V  [jvm.dll+0x1e0029]
V  [jvm.dll+0x247c42]
V  [jvm.dll+0x2470cf]
V  [jvm.dll+0x1c760e]
V  [jvm.dll+0x25695a]
V  [jvm.dll+0x254efa]
V  [jvm.dll+0x3f03f6]
V  [jvm.dll+0x851f6b]
V  [jvm.dll+0x6cc7dd]
C  [ucrtbase.dll+0x37b0]
C  [KERNEL32.DLL+0x2e8d7]
C  [ntdll.dll+0x3c34c]


---------------  P R O C E S S  ---------------

Threads class SMR info:
_java_thread_list=0x00000203e8eb0500, length=67, elements={
0x00000203fd546290, 0x00000203ff0ca910, 0x00000203ff0cc5d0, 0x00000203d66b6d60,
0x00000203d66b79b0, 0x00000203d66bd860, 0x00000203d66c6620, 0x00000203d66cb510,
0x00000203d66cf580, 0x00000203d67800b0, 0x00000203d6928560, 0x00000203d69e6310,
0x00000203dc03f4c0, 0x00000203dc6450a0, 0x00000203dc942020, 0x00000203dc99c970,
0x00000203dc99cfd0, 0x00000203dcc86c40, 0x00000203dc9910e0, 0x00000203dccc6d80,
0x00000203dd458020, 0x00000203ddba1800, 0x00000203ddba2bb0, 0x00000203ddba3240,
0x00000203ddba1e90, 0x00000203ddba0450, 0x00000203ddba2520, 0x00000203ddba0ae0,
0x00000203ddba1170, 0x00000203dfda5790, 0x00000203dfda64b0, 0x00000203dfda8580,
0x00000203dfda5e20, 0x00000203dfda6b40, 0x00000203dfda71d0, 0x00000203dfda7860,
0x00000203dfda5100, 0x00000203dfda92a0, 0x00000203dfdaace0, 0x00000203dfdab370,
0x00000203dfda9930, 0x00000203dfda9fc0, 0x00000203dfda8c10, 0x00000203dfda7ef0,
0x00000203dfdaba00, 0x00000203dfdac720, 0x00000203dd6ccd70, 0x00000203dd6cd400,
0x00000203dd6cda90, 0x00000203dd6ce120, 0x00000203dd6ce7b0, 0x00000203dd6cee40,
0x00000203dd6cc6e0, 0x00000203dd6cfb60, 0x00000203dd6d15a0, 0x00000203dd6d22c0,
0x00000203dd6cf4d0, 0x00000203dd6d01f0, 0x00000203dd6d1c30, 0x00000203dd6d2950,
0x00000203dd6d2fe0, 0x00000203dd6d0f10, 0x00000203dd6d3670, 0x00000203dd6d0880,
0x00000203dd6d3d00, 0x00000203e034ed90, 0x00000203e034e700
}

Java Threads: ( => current thread )
  0x00000203fd546290 JavaThread "main"                              [_thread_blocked, id=10644, stack(0x0000008377300000,0x0000008377400000) (1024K)]
  0x00000203ff0ca910 JavaThread "Reference Handler"          daemon [_thread_blocked, id=16388, stack(0x0000008377700000,0x0000008377800000) (1024K)]
  0x00000203ff0cc5d0 JavaThread "Finalizer"                  daemon [_thread_blocked, id=2456, stack(0x0000008377800000,0x0000008377900000) (1024K)]
  0x00000203d66b6d60 JavaThread "Signal Dispatcher"          daemon [_thread_blocked, id=2508, stack(0x0000008377900000,0x0000008377a00000) (1024K)]
  0x00000203d66b79b0 JavaThread "Attach Listener"            daemon [_thread_blocked, id=8168, stack(0x0000008377a00000,0x0000008377b00000) (1024K)]
  0x00000203d66bd860 JavaThread "Service Thread"             daemon [_thread_blocked, id=2944, stack(0x0000008377b00000,0x0000008377c00000) (1024K)]
  0x00000203d66c6620 JavaThread "Monitor Deflation Thread"   daemon [_thread_blocked, id=7324, stack(0x0000008377c00000,0x0000008377d00000) (1024K)]
  0x00000203d66cb510 JavaThread "C2 CompilerThread0"         daemon [_thread_in_native, id=8596, stack(0x0000008377d00000,0x0000008377e00000) (1024K)]
  0x00000203d66cf580 JavaThread "C1 CompilerThread0"         daemon [_thread_blocked, id=7472, stack(0x0000008377e00000,0x0000008377f00000) (1024K)]
  0x00000203d67800b0 JavaThread "Common-Cleaner"             daemon [_thread_blocked, id=2940, stack(0x0000008377f00000,0x0000008378000000) (1024K)]
=>0x00000203d6928560 JavaThread "C2 CompilerThread1"         daemon [_thread_in_native, id=17136, stack(0x0000008378000000,0x0000008378100000) (1024K)]
  0x00000203d69e6310 JavaThread "Notification Thread"        daemon [_thread_blocked, id=2464, stack(0x0000008378100000,0x0000008378200000) (1024K)]
  0x00000203dc03f4c0 JavaThread "C2 CompilerThread2"         daemon [_thread_in_native, id=6268, stack(0x0000008378200000,0x0000008378300000) (1024K)]
  0x00000203dc6450a0 JavaThread "Active Thread: Equinox Container: 4599918d-af58-4b5a-8264-56c736878b61"        [_thread_blocked, id=10596, stack(0x0000008378900000,0x0000008378a00000) (1024K)]
  0x00000203dc942020 JavaThread "Refresh Thread: Equinox Container: 4599918d-af58-4b5a-8264-56c736878b61" daemon [_thread_blocked, id=9440, stack(0x0000008378a00000,0x0000008378b00000) (1024K)]
  0x00000203dc99c970 JavaThread "Framework Event Dispatcher: Equinox Container: 4599918d-af58-4b5a-8264-56c736878b61" daemon [_thread_blocked, id=8828, stack(0x0000008378c00000,0x0000008378d00000) (1024K)]
  0x00000203dc99cfd0 JavaThread "Start Level: Equinox Container: 4599918d-af58-4b5a-8264-56c736878b61" daemon [_thread_blocked, id=13456, stack(0x0000008378d00000,0x0000008378e00000) (1024K)]
  0x00000203dcc86c40 JavaThread "Bundle File Closer"         daemon [_thread_blocked, id=14744, stack(0x0000008379000000,0x0000008379100000) (1024K)]
  0x00000203dc9910e0 JavaThread "SCR Component Actor"        daemon [_thread_blocked, id=10956, stack(0x0000008379100000,0x0000008379200000) (1024K)]
  0x00000203dccc6d80 JavaThread "Worker-JM"                         [_thread_blocked, id=7200, stack(0x0000008379300000,0x0000008379400000) (1024K)]
  0x00000203dd458020 JavaThread "JNA Cleaner"                daemon [_thread_blocked, id=1160, stack(0x0000008379400000,0x0000008379500000) (1024K)]
  0x00000203ddba1800 JavaThread "Worker-0: Building"                [_thread_in_native, id=7800, stack(0x0000008379500000,0x0000008379600000) (1024K)]
  0x00000203ddba2bb0 JavaThread "Worker-1"                          [_thread_blocked, id=1816, stack(0x0000008379600000,0x0000008379700000) (1024K)]
  0x00000203ddba3240 JavaThread "Worker-2"                          [_thread_blocked, id=10300, stack(0x0000008379700000,0x0000008379800000) (1024K)]
  0x00000203ddba1e90 JavaThread "Java indexing"              daemon [_thread_in_Java, id=2004, stack(0x0000008379800000,0x0000008379900000) (1024K)]
  0x00000203ddba0450 JavaThread "Worker-3"                          [_thread_blocked, id=10268, stack(0x0000008379900000,0x0000008379a00000) (1024K)]
  0x00000203ddba2520 JavaThread "Worker-4"                          [_thread_blocked, id=17264, stack(0x0000008379c00000,0x0000008379d00000) (1024K)]
  0x00000203ddba0ae0 JavaThread "Worker-5: Java indexing... "        [_thread_blocked, id=17096, stack(0x0000008379d00000,0x0000008379e00000) (1024K)]
  0x00000203ddba1170 JavaThread "Thread-2"                   daemon [_thread_in_native, id=5264, stack(0x0000008379e00000,0x0000008379f00000) (1024K)]
  0x00000203dfda5790 JavaThread "Thread-3"                   daemon [_thread_in_native, id=14700, stack(0x0000008379f00000,0x000000837a000000) (1024K)]
  0x00000203dfda64b0 JavaThread "Thread-4"                   daemon [_thread_in_native, id=10524, stack(0x000000837a000000,0x000000837a100000) (1024K)]
  0x00000203dfda8580 JavaThread "Thread-5"                   daemon [_thread_in_native, id=10748, stack(0x000000837a100000,0x000000837a200000) (1024K)]
  0x00000203dfda5e20 JavaThread "Thread-6"                   daemon [_thread_in_native, id=10572, stack(0x000000837a200000,0x000000837a300000) (1024K)]
  0x00000203dfda6b40 JavaThread "Thread-7"                   daemon [_thread_in_native, id=16396, stack(0x000000837a300000,0x000000837a400000) (1024K)]
  0x00000203dfda71d0 JavaThread "Thread-8"                   daemon [_thread_in_native, id=13584, stack(0x000000837a400000,0x000000837a500000) (1024K)]
  0x00000203dfda7860 JavaThread "Thread-9"                   daemon [_thread_in_native, id=2328, stack(0x000000837a500000,0x000000837a600000) (1024K)]
  0x00000203dfda5100 JavaThread "Thread-10"                  daemon [_thread_in_native, id=3112, stack(0x000000837a600000,0x000000837a700000) (1024K)]
  0x00000203dfda92a0 JavaThread "Thread-11"                  daemon [_thread_in_native, id=10620, stack(0x000000837a700000,0x000000837a800000) (1024K)]
  0x00000203dfdaace0 JavaThread "Thread-12"                  daemon [_thread_in_native, id=11160, stack(0x000000837a800000,0x000000837a900000) (1024K)]
  0x00000203dfdab370 JavaThread "Thread-13"                  daemon [_thread_in_native, id=11044, stack(0x000000837a900000,0x000000837aa00000) (1024K)]
  0x00000203dfda9930 JavaThread "Thread-14"                  daemon [_thread_in_native, id=4212, stack(0x000000837aa00000,0x000000837ab00000) (1024K)]
  0x00000203dfda9fc0 JavaThread "pool-2-thread-1"                   [_thread_blocked, id=10880, stack(0x000000837ab00000,0x000000837ac00000) (1024K)]
  0x00000203dfda8c10 JavaThread "Worker-6"                          [_thread_blocked, id=10648, stack(0x000000837ac00000,0x000000837ad00000) (1024K)]
  0x00000203dfda7ef0 JavaThread "WorkspaceEventsHandler"            [_thread_blocked, id=9344, stack(0x000000837ad00000,0x000000837ae00000) (1024K)]
  0x00000203dfdaba00 JavaThread "pool-1-thread-1"                   [_thread_blocked, id=10456, stack(0x000000837ae00000,0x000000837af00000) (1024K)]
  0x00000203dfdac720 JavaThread "LocalFile Deleter"          daemon [_thread_blocked, id=2552, stack(0x000000837af00000,0x000000837b000000) (1024K)]
  0x00000203dd6ccd70 JavaThread "LocalFile Deleter"          daemon [_thread_blocked, id=10604, stack(0x000000837b000000,0x000000837b100000) (1024K)]
  0x00000203dd6cd400 JavaThread "LocalFile Deleter"          daemon [_thread_blocked, id=17308, stack(0x000000837b100000,0x000000837b200000) (1024K)]
  0x00000203dd6cda90 JavaThread "LocalFile Deleter"          daemon [_thread_blocked, id=8084, stack(0x000000837b200000,0x000000837b300000) (1024K)]
  0x00000203dd6ce120 JavaThread "LocalFile Deleter"          daemon [_thread_blocked, id=7872, stack(0x000000837b300000,0x000000837b400000) (1024K)]
  0x00000203dd6ce7b0 JavaThread "LocalFile Deleter"          daemon [_thread_blocked, id=7148, stack(0x000000837b400000,0x000000837b500000) (1024K)]
  0x00000203dd6cee40 JavaThread "LocalFile Deleter"          daemon [_thread_blocked, id=14656, stack(0x000000837b500000,0x000000837b600000) (1024K)]
  0x00000203dd6cc6e0 JavaThread "LocalFile Deleter"          daemon [_thread_blocked, id=14160, stack(0x000000837b600000,0x000000837b700000) (1024K)]
  0x00000203dd6cfb60 JavaThread "LocalFile Deleter"          daemon [_thread_blocked, id=16156, stack(0x000000837b700000,0x000000837b800000) (1024K)]
  0x00000203dd6d15a0 JavaThread "LocalFile Deleter"          daemon [_thread_blocked, id=16792, stack(0x000000837b800000,0x000000837b900000) (1024K)]
  0x00000203dd6d22c0 JavaThread "LocalFile Deleter"          daemon [_thread_blocked, id=8688, stack(0x000000837b900000,0x000000837ba00000) (1024K)]
  0x00000203dd6cf4d0 JavaThread "LocalFile Deleter"          daemon [_thread_blocked, id=10472, stack(0x000000837ba00000,0x000000837bb00000) (1024K)]
  0x00000203dd6d01f0 JavaThread "Compiler Source File Reader" daemon [_thread_blocked, id=17068, stack(0x000000837bb00000,0x000000837bc00000) (1024K)]
  0x00000203dd6d1c30 JavaThread "Compiler Source File Reader" daemon [_thread_blocked, id=12752, stack(0x000000837bc00000,0x000000837bd00000) (1024K)]
  0x00000203dd6d2950 JavaThread "Compiler Source File Reader" daemon [_thread_blocked, id=11108, stack(0x000000837bd00000,0x000000837be00000) (1024K)]
  0x00000203dd6d2fe0 JavaThread "Compiler Source File Reader" daemon [_thread_blocked, id=8260, stack(0x000000837be00000,0x000000837bf00000) (1024K)]
  0x00000203dd6d0f10 JavaThread "Compiler Source File Reader" daemon [_thread_blocked, id=17320, stack(0x000000837bf00000,0x000000837c000000) (1024K)]
  0x00000203dd6d3670 JavaThread "Compiler Source File Reader" daemon [_thread_blocked, id=17404, stack(0x000000837c000000,0x000000837c100000) (1024K)]
  0x00000203dd6d0880 JavaThread "Compiler Source File Reader" daemon [_thread_blocked, id=6256, stack(0x000000837c100000,0x000000837c200000) (1024K)]
  0x00000203dd6d3d00 JavaThread "Compiler Source File Reader" daemon [_thread_blocked, id=16028, stack(0x000000837c200000,0x000000837c300000) (1024K)]
  0x00000203e034ed90 JavaThread "Compiler Source File Reader" daemon [_thread_blocked, id=8528, stack(0x000000837c300000,0x000000837c400000) (1024K)]
  0x00000203e034e700 JavaThread "Compiler Source File Reader" daemon [_thread_blocked, id=9212, stack(0x000000837c400000,0x000000837c500000) (1024K)]
Total: 67

Other Threads:
  0x00000203d66b2960 VMThread "VM Thread"                           [id=8904, stack(0x0000008377600000,0x0000008377700000) (1024K)]
  0x000002039420ca00 WatcherThread "VM Periodic Task Thread"        [id=9692, stack(0x0000008377500000,0x0000008377600000) (1024K)]
  0x00000203ff0639b0 WorkerThread "GC Thread#0"                     [id=2544, stack(0x0000008377400000,0x0000008377500000) (1024K)]
  0x00000203d6a079e0 WorkerThread "GC Thread#1"                     [id=16736, stack(0x0000008378300000,0x0000008378400000) (1024K)]
  0x00000203dc2f2890 WorkerThread "GC Thread#2"                     [id=8112, stack(0x0000008378400000,0x0000008378500000) (1024K)]
  0x00000203dc2f2c30 WorkerThread "GC Thread#3"                     [id=7364, stack(0x0000008378500000,0x0000008378600000) (1024K)]
  0x00000203dc2f2fd0 WorkerThread "GC Thread#4"                     [id=6440, stack(0x0000008378600000,0x0000008378700000) (1024K)]
  0x00000203d6a299e0 WorkerThread "GC Thread#5"                     [id=8088, stack(0x0000008378700000,0x0000008378800000) (1024K)]
  0x00000203d6a29d80 WorkerThread "GC Thread#6"                     [id=6728, stack(0x0000008378800000,0x0000008378900000) (1024K)]
  0x00000203dc96fc50 WorkerThread "GC Thread#7"                     [id=12388, stack(0x0000008378b00000,0x0000008378c00000) (1024K)]
  0x00000203dcd6c930 WorkerThread "GC Thread#8"                     [id=6448, stack(0x0000008378e00000,0x0000008378f00000) (1024K)]
  0x00000203dc77d5e0 WorkerThread "GC Thread#9"                     [id=16800, stack(0x0000008378f00000,0x0000008379000000) (1024K)]
Total: 12

Threads with active compile tasks:
C2 CompilerThread0  8135 9009       4       org.eclipse.jdt.internal.core.index.DiskIndex$IntList::add (67 bytes)
C1 CompilerThread0  8136 9069       2       org.eclipse.jdt.internal.compiler.ast.CompilationUnitDeclaration::isLambdaExpressionCopyContext (93 bytes)
C2 CompilerThread1  8136 8656       4       lombok.eclipse.handlers.EclipseHandlerUtil::setGeneratedBy (10 bytes)
C2 CompilerThread2  8136 9057 %     4       org.eclipse.jdt.internal.core.index.DiskIndex::copyQueryResults @ 21 (221 bytes)
Total: 4

VM state: not at safepoint (normal execution)

VM Mutex/Monitor currently owned by a thread: None

Heap address: 0x00000000c0000000, size: 1024 MB, Compressed Oops mode: 32-bit

CDS archive(s) mapped at: [0x0000020395000000-0x0000020395ba0000-0x0000020395ba0000), size 12189696, SharedBaseAddress: 0x0000020395000000, ArchiveRelocationMode: 1.
Compressed class space mapped at: 0x0000020396000000-0x00000203d6000000, reserved size: 1073741824
Narrow klass base: 0x0000020395000000, Narrow klass shift: 0, Narrow klass range: 0x100000000

GC Precious Log:
 CardTable entry size: 512
 CPUs: 12 total, 12 available
 Memory: 15775M
 Large Page Support: Disabled
 NUMA Support: Disabled
 Compressed Oops: Enabled (32-bit)
 Alignments: Space 512K, Generation 512K, Heap 2M
 Heap Min Capacity: 100M
 Heap Initial Capacity: 100M
 Heap Max Capacity: 1G
 Pre-touch: Disabled
 Parallel Workers: 10

Heap:
 PSYoungGen      total 10240K, used 5410K [0x00000000eab00000, 0x00000000eba00000, 0x0000000100000000)
  eden space 8192K, 41% used [0x00000000eab00000,0x00000000eae5a128,0x00000000eb300000)
  from space 2048K, 98% used [0x00000000eb600000,0x00000000eb7f8a00,0x00000000eb800000)
  to   space 2048K, 0% used [0x00000000eb800000,0x00000000eb800000,0x00000000eba00000)
 ParOldGen       total 328704K, used 328235K [0x00000000c0000000, 0x00000000d4100000, 0x00000000eab00000)
  object space 328704K, 99% used [0x00000000c0000000,0x00000000d408afa0,0x00000000d4100000)
 Metaspace       used 56634K, committed 57984K, reserved 1114112K
  class space    used 5897K, committed 6528K, reserved 1048576K

Card table byte_map: [0x00000203ff650000,0x00000203ff860000] _byte_map_base: 0x00000203ff050000

Marking Bits: (ParMarkBitMap*) 0x00007ffb4a7231f0
 Begin Bits: [0x0000020392130000, 0x0000020393130000)
 End Bits:   [0x0000020393130000, 0x0000020394130000)

Polling page: 0x00000203fd760000

Metaspace:

Usage:
  Non-class:     49.55 MB used.
      Class:      5.76 MB used.
       Both:     55.31 MB used.

Virtual space:
  Non-class space:       64.00 MB reserved,      50.25 MB ( 79%) committed,  1 nodes.
      Class space:        1.00 GB reserved,       6.38 MB ( <1%) committed,  1 nodes.
             Both:        1.06 GB reserved,      56.62 MB (  5%) committed. 

Chunk freelists:
   Non-Class:  13.41 MB
       Class:  9.63 MB
        Both:  23.04 MB

MaxMetaspaceSize: unlimited
CompressedClassSpaceSize: 1.00 GB
Initial GC threshold: 21.00 MB
Current GC threshold: 58.38 MB
CDS: on
 - commit_granule_bytes: 65536.
 - commit_granule_words: 8192.
 - virtual_space_node_default_size: 8388608.
 - enlarge_chunks_in_place: 1.
 - use_allocation_guard: 0.


Internal statistics:

num_allocs_failed_limit: 6.
num_arena_births: 1118.
num_arena_deaths: 14.
num_vsnodes_births: 2.
num_vsnodes_deaths: 0.
num_space_committed: 906.
num_space_uncommitted: 0.
num_chunks_returned_to_freelist: 20.
num_chunks_taken_from_freelist: 3735.
num_chunk_merges: 7.
num_chunk_splits: 2338.
num_chunks_enlarged: 1311.
num_inconsistent_stats: 0.

CodeHeap 'non-profiled nmethods': size=120000Kb used=5333Kb max_used=5333Kb free=114666Kb
 bounds [0x000002038ac00000, 0x000002038b140000, 0x0000020392130000]
CodeHeap 'profiled nmethods': size=120000Kb used=17915Kb max_used=17915Kb free=102084Kb
 bounds [0x0000020383130000, 0x00000203842b0000, 0x000002038a660000]
CodeHeap 'non-nmethods': size=5760Kb used=1410Kb max_used=1502Kb free=4349Kb
 bounds [0x000002038a660000, 0x000002038a8d0000, 0x000002038ac00000]
 total_blobs=9144 nmethods=8427 adapters=623
 compilation: enabled
              stopped_count=0, restarted_count=0
 full_count=0

Compilation events (20 events):
Event: 7.008 Thread 0x00000203d66cf580 9034       2       org.eclipse.jdt.internal.compiler.lookup.CompilationUnitScope::module (67 bytes)
Event: 7.008 Thread 0x00000203dc03f4c0 8965       4       org.eclipse.jdt.internal.compiler.util.HashtableOfObject::putUnsafely (78 bytes)
Event: 7.008 Thread 0x00000203d66cf580 nmethod 9034 0x000002038429a790 code [0x000002038429a960, 0x000002038429ab80]
Event: 7.008 Thread 0x00000203d66cf580 9035       2       org.eclipse.jdt.internal.compiler.lookup.TypeBinding::isLocalType (17 bytes)
Event: 7.009 Thread 0x00000203d66cf580 nmethod 9035 0x000002038429ad90 code [0x000002038429af40, 0x000002038429b090]
Event: 7.009 Thread 0x00000203d66cf580 9036       2       org.eclipse.jdt.internal.compiler.lookup.TypeBinding::equalsEquals (76 bytes)
Event: 7.009 Thread 0x00000203d66cf580 nmethod 9036 0x000002038429b110 code [0x000002038429b2e0, 0x000002038429b618]
Event: 7.009 Thread 0x00000203d66cf580 9038       2       org.eclipse.jdt.internal.compiler.lookup.LookupEnvironment::getTopLevelPackage (86 bytes)
Event: 7.009 Thread 0x00000203d66cf580 nmethod 9038 0x000002038429b790 code [0x000002038429b9e0, 0x000002038429bf60]
Event: 7.011 Thread 0x00000203d66cf580 9039       2       org.eclipse.jdt.internal.compiler.lookup.ReferenceBinding::compare (53 bytes)
Event: 7.011 Thread 0x00000203d66cf580 nmethod 9039 0x000002038429c310 code [0x000002038429c4c0, 0x000002038429c6d0]
Event: 7.011 Thread 0x00000203d66cf580 9040       2       org.eclipse.jdt.internal.compiler.lookup.ModuleBinding::getVisiblePackage (67 bytes)
Event: 7.011 Thread 0x00000203d66cf580 nmethod 9040 0x000002038429c890 code [0x000002038429ca80, 0x000002038429cda0]
Event: 7.011 Thread 0x00000203d66cf580 9041       1       org.eclipse.jdt.internal.compiler.lookup.AnnotationBinding::getAnnotationType (5 bytes)
Event: 7.012 Thread 0x00000203d66cf580 nmethod 9041 0x000002038b11e310 code [0x000002038b11e4a0, 0x000002038b11e568]
Event: 7.012 Thread 0x00000203d66cf580 9042       2       org.eclipse.jdt.internal.compiler.lookup.ReferenceBinding::isViewedAsDeprecated (47 bytes)
Event: 7.012 Thread 0x00000203d66cf580 nmethod 9042 0x000002038429cf90 code [0x000002038429d160, 0x000002038429d3b0]
Event: 7.012 Thread 0x00000203d66cf580 9045 %     3       org.eclipse.jdt.internal.core.builder.NameEnvironment::findClass @ 329 (486 bytes)
Event: 7.012 Thread 0x00000203dc03f4c0 nmethod 8965 0x000002038b11e610 code [0x000002038b11e800, 0x000002038b11ed08]
Event: 7.012 Thread 0x00000203dc03f4c0 8935       4       org.eclipse.jdt.internal.core.index.DiskIndex::writeStreamChars (285 bytes)

GC Heap History (20 events):
Event: 6.819 GC heap after
{Heap after GC invocations=235 (full 2):
 PSYoungGen      total 5120K, used 1397K [0x00000000eab00000, 0x00000000eb380000, 0x0000000100000000)
  eden space 3584K, 0% used [0x00000000eab00000,0x00000000eab00000,0x00000000eae80000)
  from space 1536K, 91% used [0x00000000eae80000,0x00000000eafdd740,0x00000000eb000000)
  to   space 2048K, 0% used [0x00000000eb180000,0x00000000eb180000,0x00000000eb380000)
 ParOldGen       total 307200K, used 307175K [0x00000000c0000000, 0x00000000d2c00000, 0x00000000eab00000)
  object space 307200K, 99% used [0x00000000c0000000,0x00000000d2bf9ea8,0x00000000d2c00000)
 Metaspace       used 55943K, committed 57408K, reserved 1114112K
  class space    used 5837K, committed 6528K, reserved 1048576K
}
Event: 6.822 GC heap before
{Heap before GC invocations=236 (full 2):
 PSYoungGen      total 5120K, used 4981K [0x00000000eab00000, 0x00000000eb380000, 0x0000000100000000)
  eden space 3584K, 100% used [0x00000000eab00000,0x00000000eae80000,0x00000000eae80000)
  from space 1536K, 91% used [0x00000000eae80000,0x00000000eafdd740,0x00000000eb000000)
  to   space 2048K, 0% used [0x00000000eb180000,0x00000000eb180000,0x00000000eb380000)
 ParOldGen       total 307200K, used 307175K [0x00000000c0000000, 0x00000000d2c00000, 0x00000000eab00000)
  object space 307200K, 99% used [0x00000000c0000000,0x00000000d2bf9ea8,0x00000000d2c00000)
 Metaspace       used 55945K, committed 57408K, reserved 1114112K
  class space    used 5837K, committed 6528K, reserved 1048576K
}
Event: 6.823 GC heap after
{Heap after GC invocations=236 (full 2):
 PSYoungGen      total 6656K, used 1466K [0x00000000eab00000, 0x00000000eb380000, 0x0000000100000000)
  eden space 4608K, 0% used [0x00000000eab00000,0x00000000eab00000,0x00000000eaf80000)
  from space 2048K, 71% used [0x00000000eb180000,0x00000000eb2eea60,0x00000000eb380000)
  to   space 2048K, 0% used [0x00000000eaf80000,0x00000000eaf80000,0x00000000eb180000)
 ParOldGen       total 308736K, used 308454K [0x00000000c0000000, 0x00000000d2d80000, 0x00000000eab00000)
  object space 308736K, 99% used [0x00000000c0000000,0x00000000d2d39b30,0x00000000d2d80000)
 Metaspace       used 55945K, committed 57408K, reserved 1114112K
  class space    used 5837K, committed 6528K, reserved 1048576K
}
Event: 6.827 GC heap before
{Heap before GC invocations=237 (full 2):
 PSYoungGen      total 6656K, used 6050K [0x00000000eab00000, 0x00000000eb380000, 0x0000000100000000)
  eden space 4608K, 99% used [0x00000000eab00000,0x00000000eaf79fc8,0x00000000eaf80000)
  from space 2048K, 71% used [0x00000000eb180000,0x00000000eb2eea60,0x00000000eb380000)
  to   space 2048K, 0% used [0x00000000eaf80000,0x00000000eaf80000,0x00000000eb180000)
 ParOldGen       total 308736K, used 308454K [0x00000000c0000000, 0x00000000d2d80000, 0x00000000eab00000)
  object space 308736K, 99% used [0x00000000c0000000,0x00000000d2d39b30,0x00000000d2d80000)
 Metaspace       used 55946K, committed 57408K, reserved 1114112K
  class space    used 5837K, committed 6528K, reserved 1048576K
}
Event: 6.828 GC heap after
{Heap after GC invocations=237 (full 2):
 PSYoungGen      total 6656K, used 1898K [0x00000000eab00000, 0x00000000eb480000, 0x0000000100000000)
  eden space 4608K, 0% used [0x00000000eab00000,0x00000000eab00000,0x00000000eaf80000)
  from space 2048K, 92% used [0x00000000eaf80000,0x00000000eb15aa90,0x00000000eb180000)
  to   space 2048K, 0% used [0x00000000eb280000,0x00000000eb280000,0x00000000eb480000)
 ParOldGen       total 310272K, used 309823K [0x00000000c0000000, 0x00000000d2f00000, 0x00000000eab00000)
  object space 310272K, 99% used [0x00000000c0000000,0x00000000d2e8fcc8,0x00000000d2f00000)
 Metaspace       used 55946K, committed 57408K, reserved 1114112K
  class space    used 5837K, committed 6528K, reserved 1048576K
}
Event: 6.833 GC heap before
{Heap before GC invocations=238 (full 2):
 PSYoungGen      total 6656K, used 6500K [0x00000000eab00000, 0x00000000eb480000, 0x0000000100000000)
  eden space 4608K, 99% used [0x00000000eab00000,0x00000000eaf7e8f8,0x00000000eaf80000)
  from space 2048K, 92% used [0x00000000eaf80000,0x00000000eb15aa90,0x00000000eb180000)
  to   space 2048K, 0% used [0x00000000eb280000,0x00000000eb280000,0x00000000eb480000)
 ParOldGen       total 310272K, used 309823K [0x00000000c0000000, 0x00000000d2f00000, 0x00000000eab00000)
  object space 310272K, 99% used [0x00000000c0000000,0x00000000d2e8fcc8,0x00000000d2f00000)
 Metaspace       used 55963K, committed 57408K, reserved 1114112K
  class space    used 5837K, committed 6528K, reserved 1048576K
}
Event: 6.834 GC heap after
{Heap after GC invocations=238 (full 2):
 PSYoungGen      total 7680K, used 1902K [0x00000000eab00000, 0x00000000eb480000, 0x0000000100000000)
  eden space 5632K, 0% used [0x00000000eab00000,0x00000000eab00000,0x00000000eb080000)
  from space 2048K, 92% used [0x00000000eb280000,0x00000000eb45bac8,0x00000000eb480000)
  to   space 2048K, 0% used [0x00000000eb080000,0x00000000eb080000,0x00000000eb280000)
 ParOldGen       total 311808K, used 311510K [0x00000000c0000000, 0x00000000d3080000, 0x00000000eab00000)
  object space 311808K, 99% used [0x00000000c0000000,0x00000000d30359b0,0x00000000d3080000)
 Metaspace       used 55963K, committed 57408K, reserved 1114112K
  class space    used 5837K, committed 6528K, reserved 1048576K
}
Event: 6.839 GC heap before
{Heap before GC invocations=239 (full 2):
 PSYoungGen      total 7680K, used 7428K [0x00000000eab00000, 0x00000000eb480000, 0x0000000100000000)
  eden space 5632K, 98% used [0x00000000eab00000,0x00000000eb065888,0x00000000eb080000)
  from space 2048K, 92% used [0x00000000eb280000,0x00000000eb45bac8,0x00000000eb480000)
  to   space 2048K, 0% used [0x00000000eb080000,0x00000000eb080000,0x00000000eb280000)
 ParOldGen       total 311808K, used 311510K [0x00000000c0000000, 0x00000000d3080000, 0x00000000eab00000)
  object space 311808K, 99% used [0x00000000c0000000,0x00000000d30359b0,0x00000000d3080000)
 Metaspace       used 55966K, committed 57408K, reserved 1114112K
  class space    used 5837K, committed 6528K, reserved 1048576K
}
Event: 6.842 GC heap after
{Heap after GC invocations=239 (full 2):
 PSYoungGen      total 7680K, used 2021K [0x00000000eab00000, 0x00000000eb600000, 0x0000000100000000)
  eden space 5632K, 0% used [0x00000000eab00000,0x00000000eab00000,0x00000000eb080000)
  from space 2048K, 98% used [0x00000000eb080000,0x00000000eb279458,0x00000000eb280000)
  to   space 2048K, 0% used [0x00000000eb400000,0x00000000eb400000,0x00000000eb600000)
 ParOldGen       total 313856K, used 313529K [0x00000000c0000000, 0x00000000d3280000, 0x00000000eab00000)
  object space 313856K, 99% used [0x00000000c0000000,0x00000000d322e748,0x00000000d3280000)
 Metaspace       used 55966K, committed 57408K, reserved 1114112K
  class space    used 5837K, committed 6528K, reserved 1048576K
}
Event: 6.847 GC heap before
{Heap before GC invocations=240 (full 2):
 PSYoungGen      total 7680K, used 7653K [0x00000000eab00000, 0x00000000eb600000, 0x0000000100000000)
  eden space 5632K, 100% used [0x00000000eab00000,0x00000000eb080000,0x00000000eb080000)
  from space 2048K, 98% used [0x00000000eb080000,0x00000000eb279458,0x00000000eb280000)
  to   space 2048K, 0% used [0x00000000eb400000,0x00000000eb400000,0x00000000eb600000)
 ParOldGen       total 313856K, used 313529K [0x00000000c0000000, 0x00000000d3280000, 0x00000000eab00000)
  object space 313856K, 99% used [0x00000000c0000000,0x00000000d322e748,0x00000000d3280000)
 Metaspace       used 55969K, committed 57408K, reserved 1114112K
  class space    used 5837K, committed 6528K, reserved 1048576K
}
Event: 6.848 GC heap after
{Heap after GC invocations=240 (full 2):
 PSYoungGen      total 8704K, used 2047K [0x00000000eab00000, 0x00000000eb700000, 0x0000000100000000)
  eden space 6656K, 0% used [0x00000000eab00000,0x00000000eab00000,0x00000000eb180000)
  from space 2048K, 99% used [0x00000000eb400000,0x00000000eb5ffc28,0x00000000eb600000)
  to   space 2560K, 0% used [0x00000000eb180000,0x00000000eb180000,0x00000000eb400000)
 ParOldGen       total 315904K, used 315656K [0x00000000c0000000, 0x00000000d3480000, 0x00000000eab00000)
  object space 315904K, 99% used [0x00000000c0000000,0x00000000d34420d0,0x00000000d3480000)
 Metaspace       used 55969K, committed 57408K, reserved 1114112K
  class space    used 5837K, committed 6528K, reserved 1048576K
}
Event: 6.854 GC heap before
{Heap before GC invocations=241 (full 2):
 PSYoungGen      total 8704K, used 8703K [0x00000000eab00000, 0x00000000eb700000, 0x0000000100000000)
  eden space 6656K, 100% used [0x00000000eab00000,0x00000000eb180000,0x00000000eb180000)
  from space 2048K, 99% used [0x00000000eb400000,0x00000000eb5ffc28,0x00000000eb600000)
  to   space 2560K, 0% used [0x00000000eb180000,0x00000000eb180000,0x00000000eb400000)
 ParOldGen       total 315904K, used 315656K [0x00000000c0000000, 0x00000000d3480000, 0x00000000eab00000)
  object space 315904K, 99% used [0x00000000c0000000,0x00000000d34420d0,0x00000000d3480000)
 Metaspace       used 55999K, committed 57472K, reserved 1114112K
  class space    used 5843K, committed 6528K, reserved 1048576K
}
Event: 6.855 GC heap after
{Heap after GC invocations=241 (full 2):
 PSYoungGen      total 9216K, used 2536K [0x00000000eab00000, 0x00000000eb900000, 0x0000000100000000)
  eden space 6656K, 0% used [0x00000000eab00000,0x00000000eab00000,0x00000000eb180000)
  from space 2560K, 99% used [0x00000000eb180000,0x00000000eb3fa0d8,0x00000000eb400000)
  to   space 3072K, 0% used [0x00000000eb600000,0x00000000eb600000,0x00000000eb900000)
 ParOldGen       total 317952K, used 317859K [0x00000000c0000000, 0x00000000d3680000, 0x00000000eab00000)
  object space 317952K, 99% used [0x00000000c0000000,0x00000000d3668c18,0x00000000d3680000)
 Metaspace       used 55999K, committed 57472K, reserved 1114112K
  class space    used 5843K, committed 6528K, reserved 1048576K
}
Event: 6.860 GC heap before
{Heap before GC invocations=242 (full 2):
 PSYoungGen      total 9216K, used 9150K [0x00000000eab00000, 0x00000000eb900000, 0x0000000100000000)
  eden space 6656K, 99% used [0x00000000eab00000,0x00000000eb175858,0x00000000eb180000)
  from space 2560K, 99% used [0x00000000eb180000,0x00000000eb3fa0d8,0x00000000eb400000)
  to   space 3072K, 0% used [0x00000000eb600000,0x00000000eb600000,0x00000000eb900000)
 ParOldGen       total 317952K, used 317859K [0x00000000c0000000, 0x00000000d3680000, 0x00000000eab00000)
  object space 317952K, 99% used [0x00000000c0000000,0x00000000d3668c18,0x00000000d3680000)
 Metaspace       used 56023K, committed 57472K, reserved 1114112K
  class space    used 5848K, committed 6528K, reserved 1048576K
}
Event: 6.862 GC heap after
{Heap after GC invocations=242 (full 2):
 PSYoungGen      total 11264K, used 2804K [0x00000000eab00000, 0x00000000eb900000, 0x0000000100000000)
  eden space 8192K, 0% used [0x00000000eab00000,0x00000000eab00000,0x00000000eb300000)
  from space 3072K, 91% used [0x00000000eb600000,0x00000000eb8bd1c8,0x00000000eb900000)
  to   space 3072K, 0% used [0x00000000eb300000,0x00000000eb300000,0x00000000eb600000)
 ParOldGen       total 320512K, used 320317K [0x00000000c0000000, 0x00000000d3900000, 0x00000000eab00000)
  object space 320512K, 99% used [0x00000000c0000000,0x00000000d38cf700,0x00000000d3900000)
 Metaspace       used 56023K, committed 57472K, reserved 1114112K
  class space    used 5848K, committed 6528K, reserved 1048576K
}
Event: 6.871 GC heap before
{Heap before GC invocations=243 (full 2):
 PSYoungGen      total 11264K, used 10996K [0x00000000eab00000, 0x00000000eb900000, 0x0000000100000000)
  eden space 8192K, 100% used [0x00000000eab00000,0x00000000eb300000,0x00000000eb300000)
  from space 3072K, 91% used [0x00000000eb600000,0x00000000eb8bd1c8,0x00000000eb900000)
  to   space 3072K, 0% used [0x00000000eb300000,0x00000000eb300000,0x00000000eb600000)
 ParOldGen       total 320512K, used 320317K [0x00000000c0000000, 0x00000000d3900000, 0x00000000eab00000)
  object space 320512K, 99% used [0x00000000c0000000,0x00000000d38cf700,0x00000000d3900000)
 Metaspace       used 56050K, committed 57472K, reserved 1114112K
  class space    used 5848K, committed 6528K, reserved 1048576K
}
Event: 6.872 GC heap after
{Heap after GC invocations=243 (full 2):
 PSYoungGen      total 11264K, used 2688K [0x00000000eab00000, 0x00000000ebb00000, 0x0000000100000000)
  eden space 8192K, 0% used [0x00000000eab00000,0x00000000eab00000,0x00000000eb300000)
  from space 3072K, 87% used [0x00000000eb300000,0x00000000eb5a0290,0x00000000eb600000)
  to   space 3072K, 0% used [0x00000000eb800000,0x00000000eb800000,0x00000000ebb00000)
 ParOldGen       total 323072K, used 322915K [0x00000000c0000000, 0x00000000d3b80000, 0x00000000eab00000)
  object space 323072K, 99% used [0x00000000c0000000,0x00000000d3b58e80,0x00000000d3b80000)
 Metaspace       used 56050K, committed 57472K, reserved 1114112K
  class space    used 5848K, committed 6528K, reserved 1048576K
}
Event: 6.948 GC heap before
{Heap before GC invocations=244 (full 2):
 PSYoungGen      total 11264K, used 10880K [0x00000000eab00000, 0x00000000ebb00000, 0x0000000100000000)
  eden space 8192K, 100% used [0x00000000eab00000,0x00000000eb300000,0x00000000eb300000)
  from space 3072K, 87% used [0x00000000eb300000,0x00000000eb5a0290,0x00000000eb600000)
  to   space 3072K, 0% used [0x00000000eb800000,0x00000000eb800000,0x00000000ebb00000)
 ParOldGen       total 323072K, used 322915K [0x00000000c0000000, 0x00000000d3b80000, 0x00000000eab00000)
  object space 323072K, 99% used [0x00000000c0000000,0x00000000d3b58e80,0x00000000d3b80000)
 Metaspace       used 56337K, committed 57728K, reserved 1114112K
  class space    used 5874K, committed 6528K, reserved 1048576K
}
Event: 6.951 GC heap after
{Heap after GC invocations=244 (full 2):
 PSYoungGen      total 10240K, used 1587K [0x00000000eab00000, 0x00000000eba00000, 0x0000000100000000)
  eden space 8192K, 0% used [0x00000000eab00000,0x00000000eab00000,0x00000000eb300000)
  from space 2048K, 77% used [0x00000000eb800000,0x00000000eb98ccb0,0x00000000eba00000)
  to   space 2048K, 0% used [0x00000000eb600000,0x00000000eb600000,0x00000000eb800000)
 ParOldGen       total 325632K, used 325493K [0x00000000c0000000, 0x00000000d3e00000, 0x00000000eab00000)
  object space 325632K, 99% used [0x00000000c0000000,0x00000000d3ddd6b0,0x00000000d3e00000)
 Metaspace       used 56337K, committed 57728K, reserved 1114112K
  class space    used 5874K, committed 6528K, reserved 1048576K
}
Event: 7.017 GC heap before
{Heap before GC invocations=245 (full 2):
 PSYoungGen      total 10240K, used 9772K [0x00000000eab00000, 0x00000000eba00000, 0x0000000100000000)
  eden space 8192K, 99% used [0x00000000eab00000,0x00000000eb2fe4d8,0x00000000eb300000)
  from space 2048K, 77% used [0x00000000eb800000,0x00000000eb98ccb0,0x00000000eba00000)
  to   space 2048K, 0% used [0x00000000eb600000,0x00000000eb600000,0x00000000eb800000)
 ParOldGen       total 325632K, used 325493K [0x00000000c0000000, 0x00000000d3e00000, 0x00000000eab00000)
  object space 325632K, 99% used [0x00000000c0000000,0x00000000d3ddd6b0,0x00000000d3e00000)
 Metaspace       used 56505K, committed 57856K, reserved 1114112K
  class space    used 5884K, committed 6528K, reserved 1048576K
}

Dll operation events (10 events):
Event: 0.015 Loaded shared library c:\Users\qiqi\.cursor\extensions\redhat.java-1.42.0-win32-x64\jre\21.0.7-win32-x86_64\bin\java.dll
Event: 0.048 Loaded shared library c:\Users\qiqi\.cursor\extensions\redhat.java-1.42.0-win32-x64\jre\21.0.7-win32-x86_64\bin\zip.dll
Event: 0.093 Loaded shared library C:\Users\qiqi\.cursor\extensions\redhat.java-1.42.0-win32-x64\jre\21.0.7-win32-x86_64\bin\instrument.dll
Event: 0.097 Loaded shared library C:\Users\qiqi\.cursor\extensions\redhat.java-1.42.0-win32-x64\jre\21.0.7-win32-x86_64\bin\net.dll
Event: 0.101 Loaded shared library C:\Users\qiqi\.cursor\extensions\redhat.java-1.42.0-win32-x64\jre\21.0.7-win32-x86_64\bin\nio.dll
Event: 0.104 Loaded shared library C:\Users\qiqi\.cursor\extensions\redhat.java-1.42.0-win32-x64\jre\21.0.7-win32-x86_64\bin\zip.dll
Event: 0.116 Loaded shared library C:\Users\qiqi\.cursor\extensions\redhat.java-1.42.0-win32-x64\jre\21.0.7-win32-x86_64\bin\jimage.dll
Event: 0.179 Loaded shared library c:\Users\qiqi\.cursor\extensions\redhat.java-1.42.0-win32-x64\jre\21.0.7-win32-x86_64\bin\verify.dll
Event: 1.025 Loaded shared library C:\Users\qiqi\AppData\Roaming\Cursor\User\globalStorage\redhat.java\1.42.0\config_win\org.eclipse.equinox.launcher\org.eclipse.equinox.launcher.win32.win32.x86_64_1.2.1300.v20250331-1702\eclipse_11911.dll
Event: 2.161 Loaded shared library C:\Users\qiqi\AppData\Local\Temp\jna-3470896\jna14628460254410065902.dll

Deoptimization events (20 events):
Event: 6.980 Thread 0x00000203ddba1800 Uncommon trap: trap_request=0xffffff76 fr.pc=0x000002038b00ca04 relative=0x0000000000000d64
Event: 6.980 Thread 0x00000203ddba1800 Uncommon trap: reason=predicate action=maybe_recompile pc=0x000002038b00ca04 method=java.util.TimSort.binarySort([Ljava/lang/Object;IIILjava/util/Comparator;)V @ 34 c2
Event: 6.980 Thread 0x00000203ddba1800 DEOPT PACKING pc=0x000002038b00ca04 sp=0x00000083795fdcb0
Event: 6.980 Thread 0x00000203ddba1800 DEOPT UNPACKING pc=0x000002038a6b3aa2 sp=0x00000083795fdba8 mode 2
Event: 6.982 Thread 0x00000203ddba1800 DEOPT PACKING pc=0x000002038423c94f sp=0x00000083795fd010
Event: 6.982 Thread 0x00000203ddba1800 DEOPT UNPACKING pc=0x000002038a6b4242 sp=0x00000083795fc498 mode 0
Event: 6.989 Thread 0x00000203ddba1800 Uncommon trap: trap_request=0xffffff76 fr.pc=0x000002038afff044 relative=0x0000000000000384
Event: 6.989 Thread 0x00000203ddba1800 Uncommon trap: reason=predicate action=maybe_recompile pc=0x000002038afff044 method=java.util.TimSort.binarySort([Ljava/lang/Object;IIILjava/util/Comparator;)V @ 34 c2
Event: 6.989 Thread 0x00000203ddba1800 DEOPT PACKING pc=0x000002038afff044 sp=0x00000083795fcb30
Event: 6.989 Thread 0x00000203ddba1800 DEOPT UNPACKING pc=0x000002038a6b3aa2 sp=0x00000083795fcaf8 mode 2
Event: 6.989 Thread 0x00000203ddba1800 Uncommon trap: trap_request=0xffffff76 fr.pc=0x000002038affe7d4 relative=0x0000000000000394
Event: 6.989 Thread 0x00000203ddba1800 Uncommon trap: reason=predicate action=maybe_recompile pc=0x000002038affe7d4 method=java.util.TimSort.reverseRange([Ljava/lang/Object;II)V @ 5 c2
Event: 6.989 Thread 0x00000203ddba1800 DEOPT PACKING pc=0x000002038affe7d4 sp=0x00000083795fdc10
Event: 6.989 Thread 0x00000203ddba1800 DEOPT UNPACKING pc=0x000002038a6b3aa2 sp=0x00000083795fdb48 mode 2
Event: 6.993 Thread 0x00000203ddba1800 DEOPT PACKING pc=0x000002038423c9c5 sp=0x00000083795fd2b0
Event: 6.993 Thread 0x00000203ddba1800 DEOPT UNPACKING pc=0x000002038a6b4242 sp=0x00000083795fc758 mode 0
Event: 6.995 Thread 0x00000203ddba1800 Uncommon trap: trap_request=0xffffffbe fr.pc=0x000002038af5b770 relative=0x00000000000005b0
Event: 6.995 Thread 0x00000203ddba1800 Uncommon trap: reason=profile_predicate action=maybe_recompile pc=0x000002038af5b770 method=org.eclipse.jdt.internal.compiler.util.SimpleLookupTable.put(Ljava/lang/Object;Ljava/lang/Object;)Ljava/lang/Object; @ 61 c2
Event: 6.995 Thread 0x00000203ddba1800 DEOPT PACKING pc=0x000002038af5b770 sp=0x00000083795fd060
Event: 6.995 Thread 0x00000203ddba1800 DEOPT UNPACKING pc=0x000002038a6b3aa2 sp=0x00000083795fd018 mode 2

Classes loaded (20 events):
Event: 4.677 Loading class sun/security/provider/MD5
Event: 4.677 Loading class sun/security/provider/MD5 done
Event: 4.677 Loading class sun/security/provider/ByteArrayAccess$LE
Event: 4.677 Loading class sun/security/provider/ByteArrayAccess$LE done
Event: 4.818 Loading class java/util/concurrent/ForkJoinTask$AdaptedCallable
Event: 4.818 Loading class java/util/concurrent/ForkJoinTask$AdaptedCallable done
Event: 5.203 Loading class java/util/Vector$1
Event: 5.203 Loading class java/util/Vector$1 done
Event: 5.655 Loading class java/util/regex/Pattern$Caret
Event: 5.655 Loading class java/util/regex/Pattern$Caret done
Event: 5.726 Loading class java/util/regex/Pattern$LazyLoop
Event: 5.726 Loading class java/util/regex/Pattern$LazyLoop done
Event: 6.539 Loading class java/util/regex/Pattern$End
Event: 6.539 Loading class java/util/regex/Pattern$End done
Event: 6.853 Loading class java/util/stream/ReduceOps$4
Event: 6.853 Loading class java/util/stream/ReduceOps$4 done
Event: 6.853 Loading class java/util/stream/ReduceOps$4ReducingSink
Event: 6.853 Loading class java/util/stream/ReduceOps$4ReducingSink done
Event: 6.857 Loading class java/nio/file/Files$2
Event: 6.857 Loading class java/nio/file/Files$2 done

Classes unloaded (7 events):
Event: 2.480 Thread 0x00000203d66b2960 Unloading class 0x00000203961a4000 'java/lang/invoke/LambdaForm$MH+0x00000203961a4000'
Event: 2.480 Thread 0x00000203d66b2960 Unloading class 0x00000203961a3c00 'java/lang/invoke/LambdaForm$MH+0x00000203961a3c00'
Event: 2.480 Thread 0x00000203d66b2960 Unloading class 0x00000203961a3800 'java/lang/invoke/LambdaForm$MH+0x00000203961a3800'
Event: 2.480 Thread 0x00000203d66b2960 Unloading class 0x00000203961a3400 'java/lang/invoke/LambdaForm$MH+0x00000203961a3400'
Event: 2.480 Thread 0x00000203d66b2960 Unloading class 0x00000203961a3000 'java/lang/invoke/LambdaForm$BMH+0x00000203961a3000'
Event: 2.480 Thread 0x00000203d66b2960 Unloading class 0x00000203961a2c00 'java/lang/invoke/LambdaForm$DMH+0x00000203961a2c00'
Event: 2.480 Thread 0x00000203d66b2960 Unloading class 0x00000203961a1c00 'java/lang/invoke/LambdaForm$DMH+0x00000203961a1c00'

Classes redefined (0 events):
No events

Internal exceptions (20 events):
Event: 4.189 Thread 0x00000203ddba1800 Exception <a 'java/io/FileNotFoundException'{0x00000000eb33ea30}> (0x00000000eb33ea30) 
thrown [s\src\hotspot\share\prims\jni.cpp, line 520]
Event: 4.189 Thread 0x00000203ddba1800 Exception <a 'java/io/FileNotFoundException'{0x00000000eb33fc38}> (0x00000000eb33fc38) 
thrown [s\src\hotspot\share\prims\jni.cpp, line 520]
Event: 4.320 Thread 0x00000203ddba0450 Exception <a 'java/lang/ExceptionInInitializerError'{0x00000000eb8a06f8}> (0x00000000eb8a06f8) 
thrown [s\src\hotspot\share\oops\instanceKlass.cpp, line 1220]
Event: 4.341 Thread 0x00000203ddba0450 Implicit null exception at 0x000002038ad4bd7e to 0x000002038ad4bff0
Event: 4.341 Thread 0x00000203ddba0450 Implicit null exception at 0x000002038acb091c to 0x000002038acb17f8
Event: 4.342 Thread 0x00000203ddba0450 Exception <a 'java/lang/NoSuchMethodError'{0x00000000eb177b58}: 'java.lang.Object java.lang.invoke.Invokers$Holder.invokeExact_MT(java.lang.Object, int, java.lang.Object)'> (0x00000000eb177b58) 
thrown [s\src\hotspot\share\interpreter\linkResolver.cpp, line 773]
Event: 4.524 Thread 0x00000203ddba0450 Exception <a 'java/lang/NoClassDefFoundError'{0x00000000eb06dd30}: com/google/inject/servlet/ServletModuleTargetVisitor> (0x00000000eb06dd30) 
thrown [s\src\hotspot\share\classfile\systemDictionary.cpp, line 301]
Event: 4.634 Thread 0x00000203dfdaba00 Exception <a 'java/lang/IncompatibleClassChangeError'{0x00000000ead50368}: Found class java.lang.Object, but interface was expected> (0x00000000ead50368) 
thrown [s\src\hotspot\share\interpreter\linkResolver.cpp, line 840]
Event: 4.677 Thread 0x00000203ddba0450 Implicit null exception at 0x000002038ad85a1f to 0x000002038ad85c80
Event: 4.716 Thread 0x00000203ddba1800 Implicit null exception at 0x000002038adaac86 to 0x000002038adaad7c
Event: 4.817 Thread 0x00000203ddba1800 Exception <a 'sun/nio/fs/WindowsException'{0x00000000eaf12040}> (0x00000000eaf12040) 
thrown [s\src\hotspot\share\prims\jni.cpp, line 520]
Event: 4.822 Thread 0x00000203dfdac720 Exception <a 'sun/nio/fs/WindowsException'{0x00000000eab18c70}> (0x00000000eab18c70) 
thrown [s\src\hotspot\share\prims\jni.cpp, line 520]
Event: 4.823 Thread 0x00000203dd6ccd70 Exception <a 'sun/nio/fs/WindowsException'{0x00000000eab962a8}> (0x00000000eab962a8) 
thrown [s\src\hotspot\share\prims\jni.cpp, line 520]
Event: 4.826 Thread 0x00000203dd6ce120 Exception <a 'sun/nio/fs/WindowsException'{0x00000000eac24a18}> (0x00000000eac24a18) 
thrown [s\src\hotspot\share\prims\jni.cpp, line 520]
Event: 4.828 Thread 0x00000203dd6d15a0 Exception <a 'sun/nio/fs/WindowsException'{0x00000000eac8f768}> (0x00000000eac8f768) 
thrown [s\src\hotspot\share\prims\jni.cpp, line 520]
Event: 6.459 Thread 0x00000203ddba1800 Exception <a 'java/lang/NoSuchMethodError'{0x00000000eaed4118}: 'java.lang.Object java.lang.invoke.DirectMethodHandle$Holder.invokeStatic(java.lang.Object, java.lang.Object, int, int)'> (0x00000000eaed4118) 
thrown [s\src\hotspot\share\interpreter\linkResolver.cpp, line 773]
Event: 6.460 Thread 0x00000203ddba1800 Exception <a 'java/lang/NoSuchMethodError'{0x00000000eaefb908}: 'java.lang.Object java.lang.invoke.DirectMethodHandle$Holder.invokeSpecial(java.lang.Object, java.lang.Object, java.lang.Object, int, int)'> (0x00000000eaefb908) 
thrown [s\src\hotspot\share\interpreter\linkResolver.cpp, line 773]
Event: 6.743 Thread 0x00000203ddba1800 Implicit null exception at 0x000002038b0ec3a3 to 0x000002038b0ec70c
Event: 6.859 Thread 0x00000203ddba1800 Exception <a 'java/lang/NoSuchMethodError'{0x00000000eaf199f0}: 'int java.lang.invoke.DirectMethodHandle$Holder.invokeSpecialIFC(java.lang.Object, java.lang.Object, java.lang.Object)'> (0x00000000eaf199f0) 
thrown [s\src\hotspot\share\interpreter\linkResolver.cpp, line 773]
Event: 6.875 Thread 0x00000203ddba1800 Implicit null exception at 0x000002038b052fe3 to 0x000002038b05360c

ZGC Phase Switch (0 events):
No events

VM Operations (20 events):
Event: 6.823 Executing VM operation: ParallelGCFailedAllocation (Allocation Failure) done
Event: 6.827 Executing VM operation: ParallelGCFailedAllocation (Allocation Failure)
Event: 6.828 Executing VM operation: ParallelGCFailedAllocation (Allocation Failure) done
Event: 6.833 Executing VM operation: ParallelGCFailedAllocation (Allocation Failure)
Event: 6.834 Executing VM operation: ParallelGCFailedAllocation (Allocation Failure) done
Event: 6.839 Executing VM operation: ParallelGCFailedAllocation (Allocation Failure)
Event: 6.842 Executing VM operation: ParallelGCFailedAllocation (Allocation Failure) done
Event: 6.847 Executing VM operation: ParallelGCFailedAllocation (Allocation Failure)
Event: 6.848 Executing VM operation: ParallelGCFailedAllocation (Allocation Failure) done
Event: 6.854 Executing VM operation: ParallelGCFailedAllocation (Allocation Failure)
Event: 6.855 Executing VM operation: ParallelGCFailedAllocation (Allocation Failure) done
Event: 6.860 Executing VM operation: ParallelGCFailedAllocation (Allocation Failure)
Event: 6.862 Executing VM operation: ParallelGCFailedAllocation (Allocation Failure) done
Event: 6.871 Executing VM operation: ParallelGCFailedAllocation (Allocation Failure)
Event: 6.873 Executing VM operation: ParallelGCFailedAllocation (Allocation Failure) done
Event: 6.947 Executing VM operation: ParallelGCFailedAllocation (Allocation Failure)
Event: 6.951 Executing VM operation: ParallelGCFailedAllocation (Allocation Failure) done
Event: 6.987 Executing VM operation: HandshakeAllThreads (Deoptimize)
Event: 6.987 Executing VM operation: HandshakeAllThreads (Deoptimize) done
Event: 7.017 Executing VM operation: ParallelGCFailedAllocation (Allocation Failure)

Memory protections (0 events):
No events

Nmethod flushes (20 events):
Event: 3.447 Thread 0x00000203d66b2960 flushing  nmethod 0x0000020383795c10
Event: 3.447 Thread 0x00000203d66b2960 flushing  nmethod 0x0000020383799190
Event: 3.447 Thread 0x00000203d66b2960 flushing  nmethod 0x00000203837c3c10
Event: 3.447 Thread 0x00000203d66b2960 flushing  nmethod 0x00000203837c6690
Event: 3.447 Thread 0x00000203d66b2960 flushing  nmethod 0x00000203837c6f90
Event: 3.447 Thread 0x00000203d66b2960 flushing  nmethod 0x00000203837c8190
Event: 3.447 Thread 0x00000203d66b2960 flushing  nmethod 0x00000203837c8990
Event: 3.447 Thread 0x00000203d66b2960 flushing  nmethod 0x00000203837c9110
Event: 3.447 Thread 0x00000203d66b2960 flushing  nmethod 0x00000203837cb210
Event: 3.447 Thread 0x00000203d66b2960 flushing  nmethod 0x00000203837cb710
Event: 3.447 Thread 0x00000203d66b2960 flushing  nmethod 0x00000203837cc810
Event: 3.447 Thread 0x00000203d66b2960 flushing  nmethod 0x00000203837cdb90
Event: 3.447 Thread 0x00000203d66b2960 flushing  nmethod 0x00000203837ce810
Event: 3.447 Thread 0x00000203d66b2960 flushing  nmethod 0x00000203837cf690
Event: 3.447 Thread 0x00000203d66b2960 flushing  nmethod 0x0000020383817990
Event: 3.447 Thread 0x00000203d66b2960 flushing  nmethod 0x000002038381b490
Event: 3.447 Thread 0x00000203d66b2960 flushing  nmethod 0x0000020383855e10
Event: 3.447 Thread 0x00000203d66b2960 flushing  nmethod 0x00000203838a9290
Event: 3.447 Thread 0x00000203d66b2960 flushing  nmethod 0x00000203838a9710
Event: 3.447 Thread 0x00000203d66b2960 flushing  nmethod 0x00000203838c2510

Events (20 events):
Event: 4.823 Thread 0x00000203dfdac720 Thread added: 0x00000203dd6cd400
Event: 4.824 Thread 0x00000203dd6cd400 Thread added: 0x00000203dd6cda90
Event: 4.824 Thread 0x00000203dd6ccd70 Thread added: 0x00000203dd6ce120
Event: 4.824 Thread 0x00000203dd6cda90 Thread added: 0x00000203dd6ce7b0
Event: 4.824 Thread 0x00000203dd6ce120 Thread added: 0x00000203dd6cee40
Event: 4.824 Thread 0x00000203dd6ce7b0 Thread added: 0x00000203dd6cc6e0
Event: 4.825 Thread 0x00000203dd6cee40 Thread added: 0x00000203dd6cfb60
Event: 4.825 Thread 0x00000203dd6cc6e0 Thread added: 0x00000203dd6d15a0
Event: 4.825 Thread 0x00000203dd6cfb60 Thread added: 0x00000203dd6d22c0
Event: 4.825 Thread 0x00000203dd6ccd70 Thread added: 0x00000203dd6cf4d0
Event: 4.892 Thread 0x00000203ddba1800 Thread added: 0x00000203dd6d01f0
Event: 4.892 Thread 0x00000203ddba1800 Thread added: 0x00000203dd6d1c30
Event: 4.892 Thread 0x00000203ddba1800 Thread added: 0x00000203dd6d2950
Event: 4.892 Thread 0x00000203ddba1800 Thread added: 0x00000203dd6d2fe0
Event: 4.892 Thread 0x00000203dd6d1c30 Thread added: 0x00000203dd6d0f10
Event: 4.892 Thread 0x00000203dd6d2fe0 Thread added: 0x00000203dd6d3670
Event: 4.892 Thread 0x00000203dd6d0f10 Thread added: 0x00000203dd6d0880
Event: 4.893 Thread 0x00000203dd6d01f0 Thread added: 0x00000203dd6d3d00
Event: 4.893 Thread 0x00000203dd6d0880 Thread added: 0x00000203e034ed90
Event: 4.893 Thread 0x00000203dd6d3d00 Thread added: 0x00000203e034e700


Dynamic libraries:
0x00007ff7cc2d0000 - 0x00007ff7cc2de000 	c:\Users\qiqi\.cursor\extensions\redhat.java-1.42.0-win32-x64\jre\21.0.7-win32-x86_64\bin\java.exe
0x00007ffbaf1a0000 - 0x00007ffbaf405000 	C:\WINDOWS\SYSTEM32\ntdll.dll
0x00007ffbae540000 - 0x00007ffbae609000 	C:\WINDOWS\System32\KERNEL32.DLL
0x00007ffbac500000 - 0x00007ffbac8e8000 	C:\WINDOWS\System32\KERNELBASE.dll
0x00007ffbac320000 - 0x00007ffbac46b000 	C:\WINDOWS\System32\ucrtbase.dll
0x00007ffba3bb0000 - 0x00007ffba3bc8000 	c:\Users\qiqi\.cursor\extensions\redhat.java-1.42.0-win32-x64\jre\21.0.7-win32-x86_64\bin\jli.dll
0x00007ffba3bd0000 - 0x00007ffba3bee000 	c:\Users\qiqi\.cursor\extensions\redhat.java-1.42.0-win32-x64\jre\21.0.7-win32-x86_64\bin\VCRUNTIME140.dll
0x00007ffbaeaa0000 - 0x00007ffbaec6a000 	C:\WINDOWS\System32\USER32.dll
0x00007ffbac2f0000 - 0x00007ffbac317000 	C:\WINDOWS\System32\win32u.dll
0x00007ffbacf40000 - 0x00007ffbacf6b000 	C:\WINDOWS\System32\GDI32.dll
0x00007ffbaca70000 - 0x00007ffbacba7000 	C:\WINDOWS\System32\gdi32full.dll
0x00007ffb9d680000 - 0x00007ffb9d91a000 	C:\WINDOWS\WinSxS\amd64_microsoft.windows.common-controls_6595b64144ccf1df_6.0.26100.4202_none_3e0698d4e335f517\COMCTL32.dll
0x00007ffbacdf0000 - 0x00007ffbace93000 	C:\WINDOWS\System32\msvcp_win.dll
0x00007ffbad1e0000 - 0x00007ffbad289000 	C:\WINDOWS\System32\msvcrt.dll
0x00007ffbacff0000 - 0x00007ffbad020000 	C:\WINDOWS\System32\IMM32.DLL
0x000000006d920000 - 0x000000006d92d000 	C:\Program Files (x86)\360\360Safe\safemon\SafeWrapper.dll
0x00007ffbadb30000 - 0x00007ffbadbe3000 	C:\WINDOWS\System32\ADVAPI32.dll
0x00007ffbad030000 - 0x00007ffbad0d6000 	C:\WINDOWS\System32\sechost.dll
0x00007ffbaedd0000 - 0x00007ffbaeee5000 	C:\WINDOWS\System32\RPCRT4.dll
0x00007ffba0130000 - 0x00007ffba0235000 	C:\Program Files (x86)\360\360Safe\safemon\libzdtp64.dll
0x00007ffbadd70000 - 0x00007ffbae4b2000 	C:\WINDOWS\System32\SHELL32.dll
0x00007ffbac8f0000 - 0x00007ffbaca64000 	C:\WINDOWS\System32\wintypes.dll
0x00007ffbad7a0000 - 0x00007ffbadb25000 	C:\WINDOWS\System32\combase.dll
0x00007ffbae4c0000 - 0x00007ffbae52a000 	C:\WINDOWS\System32\SHLWAPI.dll
0x00007ffbabb80000 - 0x00007ffbabb8b000 	C:\WINDOWS\SYSTEM32\VERSION.dll
0x00007ffba3ba0000 - 0x00007ffba3bac000 	c:\Users\qiqi\.cursor\extensions\redhat.java-1.42.0-win32-x64\jre\21.0.7-win32-x86_64\bin\vcruntime140_1.dll
0x00007ffb8d6f0000 - 0x00007ffb8d77d000 	c:\Users\qiqi\.cursor\extensions\redhat.java-1.42.0-win32-x64\jre\21.0.7-win32-x86_64\bin\msvcp140.dll
0x00007ffb49a70000 - 0x00007ffb4a800000 	c:\Users\qiqi\.cursor\extensions\redhat.java-1.42.0-win32-x64\jre\21.0.7-win32-x86_64\bin\server\jvm.dll
0x00007ffbad160000 - 0x00007ffbad1d4000 	C:\WINDOWS\System32\WS2_32.dll
0x00007ffbac140000 - 0x00007ffbac19e000 	C:\WINDOWS\SYSTEM32\POWRPROF.dll
0x00007ffb9e5d0000 - 0x00007ffb9e605000 	C:\WINDOWS\SYSTEM32\WINMM.dll
0x00007ffbac120000 - 0x00007ffbac134000 	C:\WINDOWS\SYSTEM32\UMPDC.dll
0x00007ffbaaff0000 - 0x00007ffbab00b000 	C:\WINDOWS\SYSTEM32\kernel.appcore.dll
0x00007ffba3b90000 - 0x00007ffba3b9a000 	c:\Users\qiqi\.cursor\extensions\redhat.java-1.42.0-win32-x64\jre\21.0.7-win32-x86_64\bin\jimage.dll
0x00007ffba2890000 - 0x00007ffba2ad1000 	C:\WINDOWS\SYSTEM32\DBGHELP.DLL
0x00007ffbaec70000 - 0x00007ffbaed51000 	C:\WINDOWS\System32\OLEAUT32.dll
0x00007ffb91760000 - 0x00007ffb91799000 	C:\WINDOWS\SYSTEM32\dbgcore.DLL
0x00007ffbacea0000 - 0x00007ffbacf39000 	C:\WINDOWS\System32\bcryptPrimitives.dll
0x00007ffba3b80000 - 0x00007ffba3b8f000 	c:\Users\qiqi\.cursor\extensions\redhat.java-1.42.0-win32-x64\jre\21.0.7-win32-x86_64\bin\instrument.dll
0x00007ffba3b60000 - 0x00007ffba3b7f000 	c:\Users\qiqi\.cursor\extensions\redhat.java-1.42.0-win32-x64\jre\21.0.7-win32-x86_64\bin\java.dll
0x00007ffba9ef0000 - 0x00007ffbaa748000 	C:\WINDOWS\SYSTEM32\windows.storage.dll
0x00007ffbaf060000 - 0x00007ffbaf151000 	C:\WINDOWS\System32\SHCORE.dll
0x00007ffbac200000 - 0x00007ffbac22f000 	C:\WINDOWS\SYSTEM32\profapi.dll
0x00007ffba3b40000 - 0x00007ffba3b58000 	c:\Users\qiqi\.cursor\extensions\redhat.java-1.42.0-win32-x64\jre\21.0.7-win32-x86_64\bin\zip.dll
0x00007ffba3b30000 - 0x00007ffba3b40000 	C:\Users\qiqi\.cursor\extensions\redhat.java-1.42.0-win32-x64\jre\21.0.7-win32-x86_64\bin\net.dll
0x00007ffba5fb0000 - 0x00007ffba60ce000 	C:\WINDOWS\SYSTEM32\WINHTTP.dll
0x00007ffbab560000 - 0x00007ffbab5ca000 	C:\WINDOWS\system32\mswsock.dll
0x00007ffba3700000 - 0x00007ffba3716000 	C:\Users\qiqi\.cursor\extensions\redhat.java-1.42.0-win32-x64\jre\21.0.7-win32-x86_64\bin\nio.dll
0x00007ffba3aa0000 - 0x00007ffba3ab0000 	c:\Users\qiqi\.cursor\extensions\redhat.java-1.42.0-win32-x64\jre\21.0.7-win32-x86_64\bin\verify.dll
0x00007ffb8d6a0000 - 0x00007ffb8d6e5000 	C:\Users\qiqi\AppData\Roaming\Cursor\User\globalStorage\redhat.java\1.42.0\config_win\org.eclipse.equinox.launcher\org.eclipse.equinox.launcher.win32.win32.x86_64_1.2.1300.v20250331-1702\eclipse_11911.dll
0x00007ffbad5e0000 - 0x00007ffbad77e000 	C:\WINDOWS\System32\ole32.dll
0x00007ffbab820000 - 0x00007ffbab83b000 	C:\WINDOWS\SYSTEM32\CRYPTSP.dll
0x00007ffbaaf50000 - 0x00007ffbaaf8a000 	C:\WINDOWS\system32\rsaenh.dll
0x00007ffbab600000 - 0x00007ffbab62b000 	C:\WINDOWS\SYSTEM32\USERENV.dll
0x00007ffbac1d0000 - 0x00007ffbac1f6000 	C:\WINDOWS\SYSTEM32\bcrypt.dll
0x00007ffbab810000 - 0x00007ffbab81c000 	C:\WINDOWS\SYSTEM32\CRYPTBASE.dll
0x00007ffbabb90000 - 0x00007ffbabbc3000 	C:\WINDOWS\SYSTEM32\IPHLPAPI.DLL
0x00007ffbad790000 - 0x00007ffbad79a000 	C:\WINDOWS\System32\NSI.dll
0x00007ffb8d650000 - 0x00007ffb8d699000 	C:\Users\qiqi\AppData\Local\Temp\jna-3470896\jna14628460254410065902.dll
0x00007ffbad150000 - 0x00007ffbad158000 	C:\WINDOWS\System32\PSAPI.DLL
0x00007ffba67d0000 - 0x00007ffba67ef000 	C:\WINDOWS\SYSTEM32\dhcpcsvc6.DLL
0x00007ffba6390000 - 0x00007ffba63b5000 	C:\WINDOWS\SYSTEM32\dhcpcsvc.DLL

dbghelp: loaded successfully - version: 4.0.5 - missing functions: none
symbol engine: initialized successfully - sym options: 0x614 - pdb path: .;c:\Users\qiqi\.cursor\extensions\redhat.java-1.42.0-win32-x64\jre\21.0.7-win32-x86_64\bin;C:\WINDOWS\SYSTEM32;C:\WINDOWS\WinSxS\amd64_microsoft.windows.common-controls_6595b64144ccf1df_6.0.26100.4202_none_3e0698d4e335f517;C:\Program Files (x86)\360\360Safe\safemon;c:\Users\qiqi\.cursor\extensions\redhat.java-1.42.0-win32-x64\jre\21.0.7-win32-x86_64\bin\server;C:\Users\qiqi\AppData\Roaming\Cursor\User\globalStorage\redhat.java\1.42.0\config_win\org.eclipse.equinox.launcher\org.eclipse.equinox.launcher.win32.win32.x86_64_1.2.1300.v20250331-1702;C:\Users\qiqi\AppData\Local\Temp\jna-3470896

VM Arguments:
jvm_args: --add-modules=ALL-SYSTEM --add-opens=java.base/java.util=ALL-UNNAMED --add-opens=java.base/java.lang=ALL-UNNAMED --add-opens=java.base/sun.nio.fs=ALL-UNNAMED -Declipse.application=org.eclipse.jdt.ls.core.id1 -Dosgi.bundles.defaultStartLevel=4 -Declipse.product=org.eclipse.jdt.ls.core.product -Djava.import.generatesMetadataFilesAtProjectRoot=false -DDetectVMInstallationsJob.disabled=true -Dfile.encoding=utf8 -XX:+UseParallelGC -XX:GCTimeRatio=4 -XX:AdaptiveSizePolicyWeight=90 -Dsun.zip.disableMemoryMapping=true -Xmx1G -Xms100m -Xlog:disable -javaagent:c:\Users\qiqi\.cursor\extensions\redhat.java-1.42.0-win32-x64\lombok\lombok-1.18.36.jar -XX:+HeapDumpOnOutOfMemoryError -XX:HeapDumpPath=c:\Users\qiqi\AppData\Roaming\Cursor\User\workspaceStorage\4669f277ec0b1c85ae80434b4662838d\redhat.java -Daether.dependencyCollector.impl=bf 
java_command: c:\Users\qiqi\.cursor\extensions\redhat.java-1.42.0-win32-x64\server\plugins\org.eclipse.equinox.launcher_1.7.0.v20250424-1814.jar -configuration c:\Users\qiqi\AppData\Roaming\Cursor\User\globalStorage\redhat.java\1.42.0\config_win -data c:\Users\qiqi\AppData\Roaming\Cursor\User\workspaceStorage\4669f277ec0b1c85ae80434b4662838d\redhat.java\jdt_ws --pipe=\\.\pipe\lsp-5a39e83b226fd93a80fa5ff3b3d05a32-sock
java_class_path (initial): c:\Users\qiqi\.cursor\extensions\redhat.java-1.42.0-win32-x64\server\plugins\org.eclipse.equinox.launcher_1.7.0.v20250424-1814.jar
Launcher Type: SUN_STANDARD

[Global flags]
    uintx AdaptiveSizePolicyWeight                 = 90                                        {product} {command line}
     intx CICompilerCount                          = 4                                         {product} {ergonomic}
    uintx GCTimeRatio                              = 4                                         {product} {command line}
     bool HeapDumpOnOutOfMemoryError               = true                                   {manageable} {command line}
    ccstr HeapDumpPath                             = c:\Users\qiqi\AppData\Roaming\Cursor\User\workspaceStorage\4669f277ec0b1c85ae80434b4662838d\redhat.java         {manageable} {command line}
   size_t InitialHeapSize                          = 104857600                                 {product} {command line}
   size_t MaxHeapSize                              = 1073741824                                {product} {command line}
   size_t MaxNewSize                               = 357564416                                 {product} {ergonomic}
   size_t MinHeapDeltaBytes                        = 524288                                    {product} {ergonomic}
   size_t MinHeapSize                              = 104857600                                 {product} {command line}
   size_t NewSize                                  = 34603008                                  {product} {ergonomic}
    uintx NonNMethodCodeHeapSize                   = 5839372                                {pd product} {ergonomic}
    uintx NonProfiledCodeHeapSize                  = 122909434                              {pd product} {ergonomic}
   size_t OldSize                                  = 70254592                                  {product} {ergonomic}
    uintx ProfiledCodeHeapSize                     = 122909434                              {pd product} {ergonomic}
    uintx ReservedCodeCacheSize                    = 251658240                              {pd product} {ergonomic}
     bool SegmentedCodeCache                       = true                                      {product} {ergonomic}
   size_t SoftMaxHeapSize                          = 1073741824                             {manageable} {ergonomic}
     bool UseCompressedOops                        = true                           {product lp64_product} {ergonomic}
     bool UseLargePagesIndividualAllocation        = false                                  {pd product} {ergonomic}
     bool UseParallelGC                            = true                                      {product} {command line}

Logging:
Log output configuration:
 #0: stdout all=off uptime,level,tags foldmultilines=false
 #1: stderr all=off uptime,level,tags foldmultilines=false

Environment Variables:
JAVA_HOME=D:\devenvironment\jdk\jdk-17.0.14
PATH=D:\devtools\VM\bin\;C:\WINDOWS\system32;C:\WINDOWS;C:\WINDOWS\System32\Wbem;C:\WINDOWS\System32\WindowsPowerShell\v1.0\;C:\WINDOWS\System32\OpenSSH\;D:\devenvironment\jdk\jdk-17.0.14\bin;D:\devenvironment\jdk\jdk-17.0.14\jre\bin;D:\devenvironment\nvm\nvm;D:\devenvironment\nvm\nodejs;D:\devenvironment\maven\apache-maven-3.9.9\bin;D:\softwareData\Git\cmd;D:\devenvironment\Anaconda\anaconda3;D:\devenvironment\Anaconda\anaconda3\Scripts;D:\devenvironment\Anaconda\anaconda3\condabin;D:\devenvironment\MongoDB\bin;D:\devenvironment\Erlang OTP\bin;D:\devtools\android-sdk-windows\tools;D:\devtools\android-sdk-windows\tools\bin;D:\devtools\android-sdk-windows\platform-tools;;d:\softwareData\cursor\resources\app\bin;d:\softwareData\cursor\resources\app\bin;D:\devenvironment\python\Scripts\;D:\devenvironment\python\;C:\Users\qiqi\AppData\Local\Microsoft\WindowsApps;D:\devtools\idea\IntelliJ IDEA 2024.3.5\bin;;D:\devenvironment\nvm\nvm;D:\devenvironment\nvm\nodejs;D:\softwareData\bindzip\;D:\softwareData\cursor\resources\app\bin
USERNAME=qiqi
OS=Windows_NT
PROCESSOR_IDENTIFIER=AMD64 Family 25 Model 80 Stepping 0, AuthenticAMD
TMP=C:\Users\qiqi\AppData\Local\Temp
TEMP=C:\Users\qiqi\AppData\Local\Temp




Periodic native trim disabled

---------------  S Y S T E M  ---------------

OS:
 Windows 11 , 64 bit Build 26100 (10.0.26100.4202)
OS uptime: 0 days 0:16 hours

CPU: total 12 (initial active 12) (12 cores per cpu, 2 threads per core) family 25 model 80 stepping 0 microcode 0xa50000c, cx8, cmov, fxsr, ht, mmx, 3dnowpref, sse, sse2, sse3, ssse3, sse4a, sse4.1, sse4.2, popcnt, lzcnt, tsc, tscinvbit, avx, avx2, aes, erms, clmul, bmi1, bmi2, adx, sha, fma, vzeroupper, clflush, clflushopt, rdtscp, rdpid, fsrm, f16c, pku, cet_ss
Processor Information for the first 12 processors :
  Max Mhz: 3301, Current Mhz: 3301, Mhz Limit: 3301

Memory: 4k page, system-wide physical 15775M (1546M free)
TotalPageFile size 15775M (AvailPageFile size 14M)
current process WorkingSet (physical memory assigned to process): 683M, peak: 696M
current process commit charge ("private bytes"): 613M, peak: 629M

vm_info: OpenJDK 64-Bit Server VM (21.0.7+6-LTS) for windows-amd64 JRE (21.0.7+6-LTS), built on 2025-04-15T00:00:00Z by "admin" with MS VC++ 17.7 (VS2022)

END.
