#
# There is insufficient memory for the Java Runtime Environment to continue.
# Native memory allocation (malloc) failed to allocate 1132176 bytes. Error detail: Chunk::new
# Possible reasons:
#   The system is out of physical RAM or swap space
#   This process is running with CompressedOops enabled, and the Java Heap may be blocking the growth of the native heap
# Possible solutions:
#   Reduce memory load on the system
#   Increase physical memory or swap space
#   Check if swap backing store is full
#   Decrease Java heap size (-Xmx/-Xms)
#   Decrease number of Java threads
#   Decrease Java thread stack sizes (-Xss)
#   Set larger code cache with -XX:ReservedCodeCacheSize=
#   JVM is running with Unscaled Compressed Oops mode in which the Java heap is
#     placed in the first 4GB address space. The Java Heap base address is the
#     maximum limit for the native heap growth. Please use -XX:HeapBaseMinAddress
#     to set the Java Heap base and to place the Java Heap above 4GB virtual address.
# This output file may be truncated or incomplete.
#
#  Out of Memory Error (arena.cpp:168), pid=10604, tid=2552
#
# JRE version: OpenJDK Runtime Environment Temurin-21.0.7+6 (21.0.7+6) (build 21.0.7+6-LTS)
# Java VM: OpenJDK 64-Bit Server VM Temurin-21.0.7+6 (21.0.7+6-LTS, mixed mode, sharing, tiered, compressed oops, compressed class ptrs, parallel gc, windows-amd64)
# No core dump will be written. Minidumps are not enabled by default on client versions of Windows
#

---------------  S U M M A R Y ------------

Command Line: --add-modules=ALL-SYSTEM --add-opens=java.base/java.util=ALL-UNNAMED --add-opens=java.base/java.lang=ALL-UNNAMED --add-opens=java.base/sun.nio.fs=ALL-UNNAMED -Declipse.application=org.eclipse.jdt.ls.core.id1 -Dosgi.bundles.defaultStartLevel=4 -Declipse.product=org.eclipse.jdt.ls.core.product -Djava.import.generatesMetadataFilesAtProjectRoot=false -DDetectVMInstallationsJob.disabled=true -Dfile.encoding=utf8 -XX:+UseParallelGC -XX:GCTimeRatio=4 -XX:AdaptiveSizePolicyWeight=90 -Dsun.zip.disableMemoryMapping=true -Xmx1G -Xms100m -Xlog:disable -javaagent:c:\Users\qiqi\.cursor\extensions\redhat.java-1.42.0-win32-x64\lombok\lombok-1.18.36.jar -XX:+HeapDumpOnOutOfMemoryError -XX:HeapDumpPath=c:\Users\qiqi\AppData\Roaming\Cursor\User\workspaceStorage\4669f277ec0b1c85ae80434b4662838d\redhat.java -Daether.dependencyCollector.impl=bf c:\Users\qiqi\.cursor\extensions\redhat.java-1.42.0-win32-x64\server\plugins\org.eclipse.equinox.launcher_1.7.0.v20250424-1814.jar -configuration c:\Users\qiqi\AppData\Roaming\Cursor\User\globalStorage\redhat.java\1.42.0\config_win -data c:\Users\qiqi\AppData\Roaming\Cursor\User\workspaceStorage\4669f277ec0b1c85ae80434b4662838d\redhat.java\jdt_ws --pipe=\\.\pipe\lsp-6b4ee55ca285ce353dbc7393e1203acf-sock

Host: AMD Ryzen 5 5600H with Radeon Graphics         , 12 cores, 15G,  Windows 11 , 64 bit Build 26100 (10.0.26100.4202)
Time: Fri Jun 13 16:36:32 2025  Windows 11 , 64 bit Build 26100 (10.0.26100.4202) elapsed time: 37.527602 seconds (0d 0h 0m 37s)

---------------  T H R E A D  ---------------

Current thread (0x0000027916f7a8a0):  JavaThread "C2 CompilerThread1" daemon [_thread_in_native, id=2552, stack(0x000000892c900000,0x000000892ca00000) (1024K)]


Current CompileTask:
C2:37527 13447   !   4       org.eclipse.jdt.internal.core.search.indexing.BinaryIndexer::indexDocument (1168 bytes)

Stack: [0x000000892c900000,0x000000892ca00000]
Native frames: (J=compiled Java code, j=interpreted, Vv=VM code, C=native code)
V  [jvm.dll+0x6ce119]
V  [jvm.dll+0x8a84a1]
V  [jvm.dll+0x8aa9ce]
V  [jvm.dll+0x8ab0b3]
V  [jvm.dll+0x27f8a6]
V  [jvm.dll+0xc507d]
V  [jvm.dll+0xc55b3]
V  [jvm.dll+0x2f2c6d]
V  [jvm.dll+0x5f6bca]
V  [jvm.dll+0x250cb2]
V  [jvm.dll+0x25106f]
V  [jvm.dll+0x249934]
V  [jvm.dll+0x246fc4]
V  [jvm.dll+0x1c760e]
V  [jvm.dll+0x25695a]
V  [jvm.dll+0x254efa]
V  [jvm.dll+0x3f03f6]
V  [jvm.dll+0x851f6b]
V  [jvm.dll+0x6cc7dd]
C  [ucrtbase.dll+0x37b0]
C  [KERNEL32.DLL+0x2e8d7]
C  [ntdll.dll+0x3c34c]


---------------  P R O C E S S  ---------------

Threads class SMR info:
_java_thread_list=0x0000027915801960, length=80, elements={
0x00000278b4a55240, 0x00000278b66aafa0, 0x000002790d7b3710, 0x000002790d7b6f10,
0x000002790d7b7b60, 0x000002790d7c1170, 0x000002790d7c60c0, 0x000002790d7c6ef0,
0x000002790d7e7990, 0x000002790d8a9680, 0x000002790daf3890, 0x0000027913777ac0,
0x0000027913839a60, 0x000002791394f710, 0x000002791394fd70, 0x0000027913e66330,
0x0000027913a73f60, 0x00000279132cf4c0, 0x00000279132cda80, 0x00000279132d0f00,
0x00000279132cee30, 0x00000279132d0870, 0x00000279132d01e0, 0x00000279132ce7a0,
0x00000279132cfb50, 0x00000279160623f0, 0x00000279160616d0, 0x00000279160644c0,
0x0000027916064b50, 0x0000027916061d60, 0x0000027916062a80, 0x0000027916063110,
0x00000279160637a0, 0x0000027916063e30, 0x0000027917638090, 0x0000027917636650,
0x0000027917635fc0, 0x0000027917636ce0, 0x0000027917637370, 0x00000279176352a0,
0x0000027917635930, 0x0000027917637a00, 0x0000027917639440, 0x000002791763ae80,
0x000002791763a7f0, 0x000002791763c230, 0x0000027917638db0, 0x00000279176fb990,
0x00000279176f9230, 0x00000279176fb300, 0x00000279176fc020, 0x00000279176f8ba0,
0x00000279176fc6b0, 0x00000279176fa5e0, 0x00000279176fac70, 0x00000279176fcd40,
0x00000279176f98c0, 0x00000279176f9f50, 0x00000279176ff4a0, 0x00000279176fe0f0,
0x00000279176fee10, 0x00000279176ffb30, 0x00000279177001c0, 0x00000279176fda60,
0x00000279176fe780, 0x00000279176fd3d0, 0x0000027916b05990, 0x0000027916b045e0,
0x0000027916b04c70, 0x0000027916b06d40, 0x0000027916b066b0, 0x0000027916b038c0,
0x0000027916b073d0, 0x0000027916b07a60, 0x0000027916b080f0, 0x0000027916b08780,
0x0000027916b06020, 0x0000027915195170, 0x0000027916f7a8a0, 0x00000279181793c0
}

Java Threads: ( => current thread )
  0x00000278b4a55240 JavaThread "main"                              [_thread_blocked, id=1680, stack(0x0000008926f00000,0x0000008927000000) (1024K)]
  0x00000278b66aafa0 JavaThread "Reference Handler"          daemon [_thread_blocked, id=17396, stack(0x0000008927300000,0x0000008927400000) (1024K)]
  0x000002790d7b3710 JavaThread "Finalizer"                  daemon [_thread_blocked, id=17336, stack(0x0000008927400000,0x0000008927500000) (1024K)]
  0x000002790d7b6f10 JavaThread "Signal Dispatcher"          daemon [_thread_blocked, id=17108, stack(0x0000008927500000,0x0000008927600000) (1024K)]
  0x000002790d7b7b60 JavaThread "Attach Listener"            daemon [_thread_blocked, id=2660, stack(0x0000008927600000,0x0000008927700000) (1024K)]
  0x000002790d7c1170 JavaThread "Service Thread"             daemon [_thread_blocked, id=3288, stack(0x0000008927700000,0x0000008927800000) (1024K)]
  0x000002790d7c60c0 JavaThread "Monitor Deflation Thread"   daemon [_thread_blocked, id=5044, stack(0x0000008927800000,0x0000008927900000) (1024K)]
  0x000002790d7c6ef0 JavaThread "C2 CompilerThread0"         daemon [_thread_in_native, id=12844, stack(0x0000008927900000,0x0000008927a00000) (1024K)]
  0x000002790d7e7990 JavaThread "C1 CompilerThread0"         daemon [_thread_blocked, id=4400, stack(0x0000008927a00000,0x0000008927b00000) (1024K)]
  0x000002790d8a9680 JavaThread "Common-Cleaner"             daemon [_thread_blocked, id=9308, stack(0x0000008927b00000,0x0000008927c00000) (1024K)]
  0x000002790daf3890 JavaThread "Notification Thread"        daemon [_thread_blocked, id=16628, stack(0x0000008927d00000,0x0000008927e00000) (1024K)]
  0x0000027913777ac0 JavaThread "Active Thread: Equinox Container: 8943492e-4e80-447d-bb95-10b4696eb067"        [_thread_blocked, id=3304, stack(0x0000008928500000,0x0000008928600000) (1024K)]
  0x0000027913839a60 JavaThread "Refresh Thread: Equinox Container: 8943492e-4e80-447d-bb95-10b4696eb067" daemon [_thread_blocked, id=14172, stack(0x0000008928600000,0x0000008928700000) (1024K)]
  0x000002791394f710 JavaThread "Framework Event Dispatcher: Equinox Container: 8943492e-4e80-447d-bb95-10b4696eb067" daemon [_thread_blocked, id=16508, stack(0x0000008928800000,0x0000008928900000) (1024K)]
  0x000002791394fd70 JavaThread "Start Level: Equinox Container: 8943492e-4e80-447d-bb95-10b4696eb067" daemon [_thread_blocked, id=10500, stack(0x0000008928900000,0x0000008928a00000) (1024K)]
  0x0000027913e66330 JavaThread "Bundle File Closer"         daemon [_thread_blocked, id=10072, stack(0x0000008928b00000,0x0000008928c00000) (1024K)]
  0x0000027913a73f60 JavaThread "SCR Component Actor"        daemon [_thread_blocked, id=14836, stack(0x0000008927c00000,0x0000008927d00000) (1024K)]
  0x00000279132cf4c0 JavaThread "Worker-JM"                         [_thread_blocked, id=8780, stack(0x0000008928d00000,0x0000008928e00000) (1024K)]
  0x00000279132cda80 JavaThread "JNA Cleaner"                daemon [_thread_blocked, id=3596, stack(0x0000008928e00000,0x0000008928f00000) (1024K)]
  0x00000279132d0f00 JavaThread "Worker-0"                          [_thread_blocked, id=9640, stack(0x0000008928f00000,0x0000008929000000) (1024K)]
  0x00000279132cee30 JavaThread "Worker-1"                          [_thread_blocked, id=11060, stack(0x0000008929000000,0x0000008929100000) (1024K)]
  0x00000279132d0870 JavaThread "Worker-2"                          [_thread_blocked, id=3336, stack(0x0000008929100000,0x0000008929200000) (1024K)]
  0x00000279132d01e0 JavaThread "Java indexing"              daemon [_thread_blocked, id=6460, stack(0x0000008929400000,0x0000008929500000) (1024K)]
  0x00000279132ce7a0 JavaThread "Worker-3"                          [_thread_blocked, id=13912, stack(0x0000008929500000,0x0000008929600000) (1024K)]
  0x00000279132cfb50 JavaThread "Worker-4"                          [_thread_blocked, id=8804, stack(0x0000008929600000,0x0000008929700000) (1024K)]
  0x00000279160623f0 JavaThread "Worker-5"                          [_thread_blocked, id=13644, stack(0x0000008929900000,0x0000008929a00000) (1024K)]
  0x00000279160616d0 JavaThread "Worker-6: Java indexing... "        [_thread_blocked, id=6052, stack(0x0000008929a00000,0x0000008929b00000) (1024K)]
  0x00000279160644c0 JavaThread "Thread-2"                   daemon [_thread_in_native, id=12384, stack(0x0000008929b00000,0x0000008929c00000) (1024K)]
  0x0000027916064b50 JavaThread "Thread-3"                   daemon [_thread_in_native, id=14244, stack(0x0000008929c00000,0x0000008929d00000) (1024K)]
  0x0000027916061d60 JavaThread "Thread-4"                   daemon [_thread_in_native, id=16804, stack(0x0000008929d00000,0x0000008929e00000) (1024K)]
  0x0000027916062a80 JavaThread "Thread-5"                   daemon [_thread_in_native, id=10612, stack(0x0000008929e00000,0x0000008929f00000) (1024K)]
  0x0000027916063110 JavaThread "Thread-6"                   daemon [_thread_in_native, id=11048, stack(0x0000008929f00000,0x000000892a000000) (1024K)]
  0x00000279160637a0 JavaThread "Thread-7"                   daemon [_thread_in_native, id=14292, stack(0x000000892a000000,0x000000892a100000) (1024K)]
  0x0000027916063e30 JavaThread "Thread-8"                   daemon [_thread_in_native, id=16544, stack(0x000000892a100000,0x000000892a200000) (1024K)]
  0x0000027917638090 JavaThread "Thread-9"                   daemon [_thread_in_native, id=17024, stack(0x000000892a200000,0x000000892a300000) (1024K)]
  0x0000027917636650 JavaThread "Thread-10"                  daemon [_thread_in_native, id=16556, stack(0x000000892a300000,0x000000892a400000) (1024K)]
  0x0000027917635fc0 JavaThread "Thread-11"                  daemon [_thread_in_native, id=13780, stack(0x000000892a400000,0x000000892a500000) (1024K)]
  0x0000027917636ce0 JavaThread "Thread-12"                  daemon [_thread_in_native, id=17000, stack(0x000000892a500000,0x000000892a600000) (1024K)]
  0x0000027917637370 JavaThread "Thread-13"                  daemon [_thread_in_native, id=16976, stack(0x000000892a600000,0x000000892a700000) (1024K)]
  0x00000279176352a0 JavaThread "Thread-14"                  daemon [_thread_in_native, id=14964, stack(0x000000892a700000,0x000000892a800000) (1024K)]
  0x0000027917635930 JavaThread "pool-2-thread-1"                   [_thread_blocked, id=11408, stack(0x000000892a800000,0x000000892a900000) (1024K)]
  0x0000027917637a00 JavaThread "Worker-7: Check JDK Index"         [_thread_blocked, id=11140, stack(0x000000892a900000,0x000000892aa00000) (1024K)]
  0x0000027917639440 JavaThread "WorkspaceEventsHandler"            [_thread_blocked, id=17244, stack(0x000000892aa00000,0x000000892ab00000) (1024K)]
  0x000002791763ae80 JavaThread "pool-1-thread-1"                   [_thread_blocked, id=17260, stack(0x000000892ab00000,0x000000892ac00000) (1024K)]
  0x000002791763a7f0 JavaThread "LocalFile Deleter"          daemon [_thread_blocked, id=12696, stack(0x0000008929200000,0x0000008929300000) (1024K)]
  0x000002791763c230 JavaThread "LocalFile Deleter"          daemon [_thread_blocked, id=17292, stack(0x0000008929300000,0x0000008929400000) (1024K)]
  0x0000027917638db0 JavaThread "LocalFile Deleter"          daemon [_thread_blocked, id=14740, stack(0x000000892ac00000,0x000000892ad00000) (1024K)]
  0x00000279176fb990 JavaThread "LocalFile Deleter"          daemon [_thread_blocked, id=16876, stack(0x000000892ad00000,0x000000892ae00000) (1024K)]
  0x00000279176f9230 JavaThread "LocalFile Deleter"          daemon [_thread_blocked, id=1520, stack(0x000000892ae00000,0x000000892af00000) (1024K)]
  0x00000279176fb300 JavaThread "LocalFile Deleter"          daemon [_thread_blocked, id=17296, stack(0x000000892af00000,0x000000892b000000) (1024K)]
  0x00000279176fc020 JavaThread "LocalFile Deleter"          daemon [_thread_blocked, id=13436, stack(0x000000892b000000,0x000000892b100000) (1024K)]
  0x00000279176f8ba0 JavaThread "LocalFile Deleter"          daemon [_thread_blocked, id=16792, stack(0x000000892b100000,0x000000892b200000) (1024K)]
  0x00000279176fc6b0 JavaThread "LocalFile Deleter"          daemon [_thread_blocked, id=10524, stack(0x000000892b200000,0x000000892b300000) (1024K)]
  0x00000279176fa5e0 JavaThread "LocalFile Deleter"          daemon [_thread_blocked, id=10572, stack(0x000000892b300000,0x000000892b400000) (1024K)]
  0x00000279176fac70 JavaThread "LocalFile Deleter"          daemon [_thread_blocked, id=10992, stack(0x000000892b400000,0x000000892b500000) (1024K)]
  0x00000279176fcd40 JavaThread "LocalFile Deleter"          daemon [_thread_blocked, id=11896, stack(0x000000892b500000,0x000000892b600000) (1024K)]
  0x00000279176f98c0 JavaThread "Compiler Source File Reader" daemon [_thread_blocked, id=10748, stack(0x000000892b700000,0x000000892b800000) (1024K)]
  0x00000279176f9f50 JavaThread "Compiler Source File Reader" daemon [_thread_blocked, id=11456, stack(0x000000892b800000,0x000000892b900000) (1024K)]
  0x00000279176ff4a0 JavaThread "Compiler Source File Reader" daemon [_thread_blocked, id=11108, stack(0x000000892b900000,0x000000892ba00000) (1024K)]
  0x00000279176fe0f0 JavaThread "Compiler Source File Reader" daemon [_thread_blocked, id=10648, stack(0x000000892ba00000,0x000000892bb00000) (1024K)]
  0x00000279176fee10 JavaThread "Compiler Source File Reader" daemon [_thread_blocked, id=10620, stack(0x000000892bb00000,0x000000892bc00000) (1024K)]
  0x00000279176ffb30 JavaThread "Compiler Source File Reader" daemon [_thread_blocked, id=11160, stack(0x000000892bc00000,0x000000892bd00000) (1024K)]
  0x00000279177001c0 JavaThread "Compiler Source File Reader" daemon [_thread_blocked, id=11044, stack(0x000000892bd00000,0x000000892be00000) (1024K)]
  0x00000279176fda60 JavaThread "Compiler Source File Reader" daemon [_thread_blocked, id=10956, stack(0x000000892be00000,0x000000892bf00000) (1024K)]
  0x00000279176fe780 JavaThread "Compiler Source File Reader" daemon [_thread_blocked, id=10932, stack(0x000000892bf00000,0x000000892c000000) (1024K)]
  0x00000279176fd3d0 JavaThread "Compiler Source File Reader" daemon [_thread_blocked, id=10880, stack(0x000000892c000000,0x000000892c100000) (1024K)]
  0x0000027916b05990 JavaThread "Compiler Processing Task"   daemon [_thread_blocked, id=4212, stack(0x000000892c100000,0x000000892c200000) (1024K)]
  0x0000027916b045e0 JavaThread "Compiler Class File Writer" daemon [_thread_blocked, id=10472, stack(0x000000892b600000,0x000000892b700000) (1024K)]
  0x0000027916b04c70 JavaThread "Compiler Class File Writer" daemon [_thread_blocked, id=7800, stack(0x000000892c200000,0x000000892c300000) (1024K)]
  0x0000027916b06d40 JavaThread "Compiler Class File Writer" daemon [_thread_blocked, id=14888, stack(0x000000892c300000,0x000000892c400000) (1024K)]
  0x0000027916b066b0 JavaThread "Compiler Class File Writer" daemon [_thread_blocked, id=9956, stack(0x000000892c400000,0x000000892c500000) (1024K)]
  0x0000027916b038c0 JavaThread "Compiler Class File Writer" daemon [_thread_blocked, id=7200, stack(0x000000892c500000,0x000000892c600000) (1024K)]
  0x0000027916b073d0 JavaThread "Compiler Class File Writer" daemon [_thread_blocked, id=12752, stack(0x000000892c600000,0x000000892c700000) (1024K)]
  0x0000027916b07a60 JavaThread "Compiler Class File Writer" daemon [_thread_blocked, id=10000, stack(0x000000892c700000,0x000000892c800000) (1024K)]
  0x0000027916b080f0 JavaThread "Compiler Class File Writer" daemon [_thread_blocked, id=14744, stack(0x000000892c800000,0x000000892c900000) (1024K)]
  0x0000027916b08780 JavaThread "Compiler Class File Writer" daemon [_thread_blocked, id=5348, stack(0x000000892ca00000,0x000000892cb00000) (1024K)]
  0x0000027916b06020 JavaThread "Compiler Class File Writer" daemon [_thread_blocked, id=17068, stack(0x000000892cb00000,0x000000892cc00000) (1024K)]
  0x0000027915195170 JavaThread "SCR Component Registry"     daemon [_thread_blocked, id=16580, stack(0x0000008928c00000,0x0000008928d00000) (1024K)]
=>0x0000027916f7a8a0 JavaThread "C2 CompilerThread1"         daemon [_thread_in_native, id=2552, stack(0x000000892c900000,0x000000892ca00000) (1024K)]
  0x00000279181793c0 JavaThread "C2 CompilerThread2"         daemon [_thread_blocked, id=1160, stack(0x000000892cc00000,0x000000892cd00000) (1024K)]
Total: 80

Other Threads:
  0x00000278b66a4be0 VMThread "VM Thread"                           [id=17400, stack(0x0000008927200000,0x0000008927300000) (1024K)]
  0x00000278cb3cca00 WatcherThread "VM Periodic Task Thread"        [id=7212, stack(0x0000008927100000,0x0000008927200000) (1024K)]
  0x00000278b6643250 WorkerThread "GC Thread#0"                     [id=17388, stack(0x0000008927000000,0x0000008927100000) (1024K)]
  0x00000279131cacf0 WorkerThread "GC Thread#1"                     [id=2528, stack(0x0000008927f00000,0x0000008928000000) (1024K)]
  0x00000279131cb090 WorkerThread "GC Thread#2"                     [id=5024, stack(0x0000008928000000,0x0000008928100000) (1024K)]
  0x00000279131cb430 WorkerThread "GC Thread#3"                     [id=3368, stack(0x0000008928100000,0x0000008928200000) (1024K)]
  0x00000279131cb7d0 WorkerThread "GC Thread#4"                     [id=16268, stack(0x0000008928200000,0x0000008928300000) (1024K)]
  0x000002791356e230 WorkerThread "GC Thread#5"                     [id=1352, stack(0x0000008928300000,0x0000008928400000) (1024K)]
  0x000002791356e5d0 WorkerThread "GC Thread#6"                     [id=7688, stack(0x0000008928400000,0x0000008928500000) (1024K)]
  0x0000027913971870 WorkerThread "GC Thread#7"                     [id=11104, stack(0x0000008928700000,0x0000008928800000) (1024K)]
  0x000002790d96e130 WorkerThread "GC Thread#8"                     [id=7876, stack(0x0000008927e00000,0x0000008927f00000) (1024K)]
  0x0000027913b3d210 WorkerThread "GC Thread#9"                     [id=6776, stack(0x0000008928a00000,0x0000008928b00000) (1024K)]
Total: 12

Threads with active compile tasks:
C2 CompilerThread0  38580 13429 %     4       org.eclipse.jdt.internal.core.search.indexing.BinaryIndexer::extractReferenceFromConstantPool @ 155 (358 bytes)
C2 CompilerThread1  38581 13447   !   4       org.eclipse.jdt.internal.core.search.indexing.BinaryIndexer::indexDocument (1168 bytes)
C2 CompilerThread2  38581 13453       4       org.eclipse.jdt.internal.core.index.DiskIndex::writeAllDocumentNames (512 bytes)
Total: 3

VM state: at safepoint (normal execution)

VM Mutex/Monitor currently owned by a thread:  ([mutex/lock_event])
[0x00007ffb4a64e308] Threads_lock - owner thread: 0x00000278b66a4be0
[0x00007ffb4a64e408] Heap_lock - owner thread: 0x00000279132d01e0
[0x00007ffb4a64e888] PSOldGenExpand_lock - owner thread: 0x000002791356e230

Heap address: 0x00000000c0000000, size: 1024 MB, Compressed Oops mode: 32-bit

CDS archive(s) mapped at: [0x00000278cc000000-0x00000278ccba0000-0x00000278ccba0000), size 12189696, SharedBaseAddress: 0x00000278cc000000, ArchiveRelocationMode: 1.
Compressed class space mapped at: 0x00000278cd000000-0x000002790d000000, reserved size: 1073741824
Narrow klass base: 0x00000278cc000000, Narrow klass shift: 0, Narrow klass range: 0x100000000

GC Precious Log:
 CardTable entry size: 512
 CPUs: 12 total, 12 available
 Memory: 15775M
 Large Page Support: Disabled
 NUMA Support: Disabled
 Compressed Oops: Enabled (32-bit)
 Alignments: Space 512K, Generation 512K, Heap 2M
 Heap Min Capacity: 100M
 Heap Initial Capacity: 100M
 Heap Max Capacity: 1G
 Pre-touch: Disabled
 Parallel Workers: 10

Heap:
 PSYoungGen      total 2048K, used 1910K [0x00000000eab00000, 0x00000000eae00000, 0x0000000100000000)
  eden space 1536K, 100% used [0x00000000eab00000,0x00000000eac80000,0x00000000eac80000)
  from space 512K, 73% used [0x00000000ead80000,0x00000000eaddd808,0x00000000eae00000)
  to   space 512K, 56% used [0x00000000ead00000,0x00000000ead48000,0x00000000ead80000)
 ParOldGen       total 417280K, used 417274K [0x00000000c0000000, 0x00000000d9780000, 0x00000000eab00000)
  object space 417280K, 99% used [0x00000000c0000000,0x00000000d977e8e8,0x00000000d9780000)
 Metaspace       used 65655K, committed 67200K, reserved 1114112K
  class space    used 6627K, committed 7360K, reserved 1048576K

Card table byte_map: [0x00000278c8d80000,0x00000278c8f90000] _byte_map_base: 0x00000278c8780000

Marking Bits: (ParMarkBitMap*) 0x00007ffb4a6531f0
 Begin Bits: [0x00000278c90f0000, 0x00000278ca0f0000)
 End Bits:   [0x00000278ca0f0000, 0x00000278cb0f0000)

Polling page: 0x00000278b4cf0000

Metaspace:

Usage:
  Non-class:     57.64 MB used.
      Class:      6.47 MB used.
       Both:     64.12 MB used.

Virtual space:
  Non-class space:       64.00 MB reserved,      58.44 MB ( 91%) committed,  1 nodes.
      Class space:        1.00 GB reserved,       7.19 MB ( <1%) committed,  1 nodes.
             Both:        1.06 GB reserved,      65.62 MB (  6%) committed. 

Chunk freelists:
   Non-Class:  5.08 MB
       Class:  8.76 MB
        Both:  13.83 MB

MaxMetaspaceSize: unlimited
CompressedClassSpaceSize: 1.00 GB
Initial GC threshold: 21.00 MB
Current GC threshold: 97.31 MB
CDS: on
 - commit_granule_bytes: 65536.
 - commit_granule_words: 8192.
 - virtual_space_node_default_size: 8388608.
 - enlarge_chunks_in_place: 1.
 - use_allocation_guard: 0.


Internal statistics:

num_allocs_failed_limit: 11.
num_arena_births: 1280.
num_arena_deaths: 14.
num_vsnodes_births: 2.
num_vsnodes_deaths: 0.
num_space_committed: 1050.
num_space_uncommitted: 0.
num_chunks_returned_to_freelist: 25.
num_chunks_taken_from_freelist: 4497.
num_chunk_merges: 12.
num_chunk_splits: 2725.
num_chunks_enlarged: 1451.
num_inconsistent_stats: 0.

CodeHeap 'non-profiled nmethods': size=120000Kb used=10506Kb max_used=10506Kb free=109493Kb
 bounds [0x00000278c1670000, 0x00000278c20c0000, 0x00000278c8ba0000]
CodeHeap 'profiled nmethods': size=120000Kb used=30187Kb max_used=30187Kb free=89812Kb
 bounds [0x00000278b9ba0000, 0x00000278bb920000, 0x00000278c10d0000]
CodeHeap 'non-nmethods': size=5760Kb used=1437Kb max_used=1565Kb free=4322Kb
 bounds [0x00000278c10d0000, 0x00000278c1340000, 0x00000278c1670000]
 total_blobs=13345 nmethods=12594 adapters=656
 compilation: enabled
              stopped_count=0, restarted_count=0
 full_count=0

Compilation events (20 events):
Event: 36.381 Thread 0x00000279181793c0 nmethod 13435 0x00000278c20aaa90 code [0x00000278c20aae60, 0x00000278c20ad5b8]
Event: 36.381 Thread 0x000002790d7e7990 13451       2       org.eclipse.jdt.internal.core.search.indexing.AbstractIndexer::addConstructorDeclaration (97 bytes)
Event: 36.381 Thread 0x00000279181793c0 13448       4       org.eclipse.jdt.internal.core.search.indexing.BinaryIndexer::addTypeReference (92 bytes)
Event: 36.382 Thread 0x000002790d7e7990 nmethod 13451 0x00000278bb913490 code [0x00000278bb9136a0, 0x00000278bb913b18]
Event: 36.398 Thread 0x00000279181793c0 nmethod 13448 0x00000278c20aee10 code [0x00000278c20af040, 0x00000278c20afb80]
Event: 36.398 Thread 0x00000279181793c0 13438       4       org.eclipse.jdt.core.compiler.CharOperation::contains (24 bytes)
Event: 36.400 Thread 0x00000279181793c0 nmethod 13438 0x00000278c20b0310 code [0x00000278c20b04a0, 0x00000278c20b05e8]
Event: 36.401 Thread 0x00000279181793c0 13452 %     4       org.eclipse.jdt.internal.core.index.DiskIndex::computeDocumentNames @ 40 (607 bytes)
Event: 36.418 Thread 0x000002790d7e7990 13454   !   3       java.nio.charset.CharsetEncoder::encode (273 bytes)
Event: 36.420 Thread 0x000002790d7e7990 nmethod 13454 0x00000278bb913f10 code [0x00000278bb914220, 0x00000278bb915420]
Event: 36.429 Thread 0x00000279181793c0 nmethod 13452% 0x00000278c20b0690 code [0x00000278c20b0960, 0x00000278c20b1b58]
Event: 36.429 Thread 0x00000279181793c0 13453       4       org.eclipse.jdt.internal.core.index.DiskIndex::writeAllDocumentNames (512 bytes)
Event: 36.432 Thread 0x000002790d7e7990 13455       3       java.util.regex.Matcher::end (20 bytes)
Event: 36.433 Thread 0x000002790d7e7990 nmethod 13455 0x00000278bb915a10 code [0x00000278bb915c00, 0x00000278bb915fb0]
Event: 36.456 Thread 0x000002790d7e7990 13456       3       org.eclipse.jdt.internal.compiler.classfmt.ClassFileReader::getMemberTypes (151 bytes)
Event: 36.456 Thread 0x000002790d7e7990 nmethod 13456 0x00000278bb916190 code [0x00000278bb9163a0, 0x00000278bb916c30]
Event: 36.456 Thread 0x000002790d7e7990 13457       3       org.eclipse.jdt.internal.core.search.JavaSearchDocument::<init> (21 bytes)
Event: 36.459 Thread 0x000002790d7e7990 nmethod 13457 0x00000278bb916e90 code [0x00000278bb9172a0, 0x00000278bb919448]
Event: 36.459 Thread 0x000002790d7e7990 13458   !   3       org.eclipse.jdt.internal.compiler.util.Util::getZipEntryByteContent (84 bytes)
Event: 36.459 Thread 0x000002790d7e7990 nmethod 13458 0x00000278bb91a010 code [0x00000278bb91a260, 0x00000278bb91aa10]

GC Heap History (20 events):
Event: 36.439 GC heap before
{Heap before GC invocations=534 (full 3):
 PSYoungGen      total 1536K, used 1370K [0x00000000eab00000, 0x00000000eae00000, 0x0000000100000000)
  eden space 1024K, 98% used [0x00000000eab00000,0x00000000eabfcee8,0x00000000eac00000)
  from space 512K, 70% used [0x00000000ead80000,0x00000000eadd9ce0,0x00000000eae00000)
  to   space 512K, 0% used [0x00000000ead00000,0x00000000ead00000,0x00000000ead80000)
 ParOldGen       total 415744K, used 415636K [0x00000000c0000000, 0x00000000d9600000, 0x00000000eab00000)
  object space 415744K, 99% used [0x00000000c0000000,0x00000000d95e51f0,0x00000000d9600000)
 Metaspace       used 65654K, committed 67200K, reserved 1114112K
  class space    used 6627K, committed 7360K, reserved 1048576K
}
Event: 36.440 GC heap after
{Heap after GC invocations=534 (full 3):
 PSYoungGen      total 1536K, used 256K [0x00000000eab00000, 0x00000000eae00000, 0x0000000100000000)
  eden space 1024K, 0% used [0x00000000eab00000,0x00000000eab00000,0x00000000eac00000)
  from space 512K, 50% used [0x00000000ead00000,0x00000000ead40000,0x00000000ead80000)
  to   space 512K, 0% used [0x00000000ead80000,0x00000000ead80000,0x00000000eae00000)
 ParOldGen       total 416256K, used 415779K [0x00000000c0000000, 0x00000000d9680000, 0x00000000eab00000)
  object space 416256K, 99% used [0x00000000c0000000,0x00000000d9608ed0,0x00000000d9680000)
 Metaspace       used 65654K, committed 67200K, reserved 1114112K
  class space    used 6627K, committed 7360K, reserved 1048576K
}
Event: 36.446 GC heap before
{Heap before GC invocations=535 (full 3):
 PSYoungGen      total 1536K, used 1280K [0x00000000eab00000, 0x00000000eae00000, 0x0000000100000000)
  eden space 1024K, 100% used [0x00000000eab00000,0x00000000eac00000,0x00000000eac00000)
  from space 512K, 50% used [0x00000000ead00000,0x00000000ead40000,0x00000000ead80000)
  to   space 512K, 0% used [0x00000000ead80000,0x00000000ead80000,0x00000000eae00000)
 ParOldGen       total 416256K, used 415779K [0x00000000c0000000, 0x00000000d9680000, 0x00000000eab00000)
  object space 416256K, 99% used [0x00000000c0000000,0x00000000d9608ed0,0x00000000d9680000)
 Metaspace       used 65654K, committed 67200K, reserved 1114112K
  class space    used 6627K, committed 7360K, reserved 1048576K
}
Event: 36.448 GC heap after
{Heap after GC invocations=535 (full 3):
 PSYoungGen      total 1536K, used 256K [0x00000000eab00000, 0x00000000eae00000, 0x0000000100000000)
  eden space 1024K, 0% used [0x00000000eab00000,0x00000000eab00000,0x00000000eac00000)
  from space 512K, 50% used [0x00000000ead80000,0x00000000eadc0000,0x00000000eae00000)
  to   space 512K, 0% used [0x00000000ead00000,0x00000000ead00000,0x00000000ead80000)
 ParOldGen       total 416256K, used 415947K [0x00000000c0000000, 0x00000000d9680000, 0x00000000eab00000)
  object space 416256K, 99% used [0x00000000c0000000,0x00000000d9632ed0,0x00000000d9680000)
 Metaspace       used 65654K, committed 67200K, reserved 1114112K
  class space    used 6627K, committed 7360K, reserved 1048576K
}
Event: 36.453 GC heap before
{Heap before GC invocations=536 (full 3):
 PSYoungGen      total 1536K, used 1280K [0x00000000eab00000, 0x00000000eae00000, 0x0000000100000000)
  eden space 1024K, 100% used [0x00000000eab00000,0x00000000eac00000,0x00000000eac00000)
  from space 512K, 50% used [0x00000000ead80000,0x00000000eadc0000,0x00000000eae00000)
  to   space 512K, 0% used [0x00000000ead00000,0x00000000ead00000,0x00000000ead80000)
 ParOldGen       total 416256K, used 415947K [0x00000000c0000000, 0x00000000d9680000, 0x00000000eab00000)
  object space 416256K, 99% used [0x00000000c0000000,0x00000000d9632ed0,0x00000000d9680000)
 Metaspace       used 65654K, committed 67200K, reserved 1114112K
  class space    used 6627K, committed 7360K, reserved 1048576K
}
Event: 36.455 GC heap after
{Heap after GC invocations=536 (full 3):
 PSYoungGen      total 1536K, used 256K [0x00000000eab00000, 0x00000000eae00000, 0x0000000100000000)
  eden space 1024K, 0% used [0x00000000eab00000,0x00000000eab00000,0x00000000eac00000)
  from space 512K, 50% used [0x00000000ead00000,0x00000000ead40000,0x00000000ead80000)
  to   space 512K, 0% used [0x00000000ead80000,0x00000000ead80000,0x00000000eae00000)
 ParOldGen       total 416256K, used 416097K [0x00000000c0000000, 0x00000000d9680000, 0x00000000eab00000)
  object space 416256K, 99% used [0x00000000c0000000,0x00000000d96584d8,0x00000000d9680000)
 Metaspace       used 65654K, committed 67200K, reserved 1114112K
  class space    used 6627K, committed 7360K, reserved 1048576K
}
Event: 36.462 GC heap before
{Heap before GC invocations=537 (full 3):
 PSYoungGen      total 1536K, used 1279K [0x00000000eab00000, 0x00000000eae00000, 0x0000000100000000)
  eden space 1024K, 99% used [0x00000000eab00000,0x00000000eabfffe8,0x00000000eac00000)
  from space 512K, 50% used [0x00000000ead00000,0x00000000ead40000,0x00000000ead80000)
  to   space 512K, 0% used [0x00000000ead80000,0x00000000ead80000,0x00000000eae00000)
 ParOldGen       total 416256K, used 416097K [0x00000000c0000000, 0x00000000d9680000, 0x00000000eab00000)
  object space 416256K, 99% used [0x00000000c0000000,0x00000000d96584d8,0x00000000d9680000)
 Metaspace       used 65655K, committed 67200K, reserved 1114112K
  class space    used 6627K, committed 7360K, reserved 1048576K
}
Event: 36.463 GC heap after
{Heap after GC invocations=537 (full 3):
 PSYoungGen      total 1536K, used 288K [0x00000000eab00000, 0x00000000eae00000, 0x0000000100000000)
  eden space 1024K, 0% used [0x00000000eab00000,0x00000000eab00000,0x00000000eac00000)
  from space 512K, 56% used [0x00000000ead80000,0x00000000eadc8000,0x00000000eae00000)
  to   space 512K, 0% used [0x00000000ead00000,0x00000000ead00000,0x00000000ead80000)
 ParOldGen       total 416256K, used 416241K [0x00000000c0000000, 0x00000000d9680000, 0x00000000eab00000)
  object space 416256K, 99% used [0x00000000c0000000,0x00000000d967c4d8,0x00000000d9680000)
 Metaspace       used 65655K, committed 67200K, reserved 1114112K
  class space    used 6627K, committed 7360K, reserved 1048576K
}
Event: 36.472 GC heap before
{Heap before GC invocations=538 (full 3):
 PSYoungGen      total 1536K, used 1312K [0x00000000eab00000, 0x00000000eae00000, 0x0000000100000000)
  eden space 1024K, 100% used [0x00000000eab00000,0x00000000eac00000,0x00000000eac00000)
  from space 512K, 56% used [0x00000000ead80000,0x00000000eadc8000,0x00000000eae00000)
  to   space 512K, 0% used [0x00000000ead00000,0x00000000ead00000,0x00000000ead80000)
 ParOldGen       total 416256K, used 416241K [0x00000000c0000000, 0x00000000d9680000, 0x00000000eab00000)
  object space 416256K, 99% used [0x00000000c0000000,0x00000000d967c4d8,0x00000000d9680000)
 Metaspace       used 65655K, committed 67200K, reserved 1114112K
  class space    used 6627K, committed 7360K, reserved 1048576K
}
Event: 36.473 GC heap after
{Heap after GC invocations=538 (full 3):
 PSYoungGen      total 1536K, used 352K [0x00000000eab00000, 0x00000000eae00000, 0x0000000100000000)
  eden space 1024K, 0% used [0x00000000eab00000,0x00000000eab00000,0x00000000eac00000)
  from space 512K, 68% used [0x00000000ead00000,0x00000000ead58000,0x00000000ead80000)
  to   space 512K, 0% used [0x00000000ead80000,0x00000000ead80000,0x00000000eae00000)
 ParOldGen       total 416768K, used 416385K [0x00000000c0000000, 0x00000000d9700000, 0x00000000eab00000)
  object space 416768K, 99% used [0x00000000c0000000,0x00000000d96a04d8,0x00000000d9700000)
 Metaspace       used 65655K, committed 67200K, reserved 1114112K
  class space    used 6627K, committed 7360K, reserved 1048576K
}
Event: 36.481 GC heap before
{Heap before GC invocations=539 (full 3):
 PSYoungGen      total 1536K, used 1362K [0x00000000eab00000, 0x00000000eae00000, 0x0000000100000000)
  eden space 1024K, 98% used [0x00000000eab00000,0x00000000eabfc920,0x00000000eac00000)
  from space 512K, 68% used [0x00000000ead00000,0x00000000ead58000,0x00000000ead80000)
  to   space 512K, 0% used [0x00000000ead80000,0x00000000ead80000,0x00000000eae00000)
 ParOldGen       total 416768K, used 416385K [0x00000000c0000000, 0x00000000d9700000, 0x00000000eab00000)
  object space 416768K, 99% used [0x00000000c0000000,0x00000000d96a04d8,0x00000000d9700000)
 Metaspace       used 65655K, committed 67200K, reserved 1114112K
  class space    used 6627K, committed 7360K, reserved 1048576K
}
Event: 36.482 GC heap after
{Heap after GC invocations=539 (full 3):
 PSYoungGen      total 1536K, used 288K [0x00000000eab00000, 0x00000000eae00000, 0x0000000100000000)
  eden space 1024K, 0% used [0x00000000eab00000,0x00000000eab00000,0x00000000eac00000)
  from space 512K, 56% used [0x00000000ead80000,0x00000000eadc8000,0x00000000eae00000)
  to   space 512K, 0% used [0x00000000ead00000,0x00000000ead00000,0x00000000ead80000)
 ParOldGen       total 416768K, used 416548K [0x00000000c0000000, 0x00000000d9700000, 0x00000000eab00000)
  object space 416768K, 99% used [0x00000000c0000000,0x00000000d96c90e0,0x00000000d9700000)
 Metaspace       used 65655K, committed 67200K, reserved 1114112K
  class space    used 6627K, committed 7360K, reserved 1048576K
}
Event: 36.489 GC heap before
{Heap before GC invocations=540 (full 3):
 PSYoungGen      total 1536K, used 1312K [0x00000000eab00000, 0x00000000eae00000, 0x0000000100000000)
  eden space 1024K, 100% used [0x00000000eab00000,0x00000000eac00000,0x00000000eac00000)
  from space 512K, 56% used [0x00000000ead80000,0x00000000eadc8000,0x00000000eae00000)
  to   space 512K, 0% used [0x00000000ead00000,0x00000000ead00000,0x00000000ead80000)
 ParOldGen       total 416768K, used 416548K [0x00000000c0000000, 0x00000000d9700000, 0x00000000eab00000)
  object space 416768K, 99% used [0x00000000c0000000,0x00000000d96c90e0,0x00000000d9700000)
 Metaspace       used 65655K, committed 67200K, reserved 1114112K
  class space    used 6627K, committed 7360K, reserved 1048576K
}
Event: 36.491 GC heap after
{Heap after GC invocations=540 (full 3):
 PSYoungGen      total 1536K, used 288K [0x00000000eab00000, 0x00000000eae00000, 0x0000000100000000)
  eden space 1024K, 0% used [0x00000000eab00000,0x00000000eab00000,0x00000000eac00000)
  from space 512K, 56% used [0x00000000ead00000,0x00000000ead48000,0x00000000ead80000)
  to   space 512K, 0% used [0x00000000ead80000,0x00000000ead80000,0x00000000eae00000)
 ParOldGen       total 416768K, used 416692K [0x00000000c0000000, 0x00000000d9700000, 0x00000000eab00000)
  object space 416768K, 99% used [0x00000000c0000000,0x00000000d96ed0e0,0x00000000d9700000)
 Metaspace       used 65655K, committed 67200K, reserved 1114112K
  class space    used 6627K, committed 7360K, reserved 1048576K
}
Event: 36.502 GC heap before
{Heap before GC invocations=541 (full 3):
 PSYoungGen      total 1536K, used 1312K [0x00000000eab00000, 0x00000000eae00000, 0x0000000100000000)
  eden space 1024K, 100% used [0x00000000eab00000,0x00000000eac00000,0x00000000eac00000)
  from space 512K, 56% used [0x00000000ead00000,0x00000000ead48000,0x00000000ead80000)
  to   space 512K, 0% used [0x00000000ead80000,0x00000000ead80000,0x00000000eae00000)
 ParOldGen       total 416768K, used 416692K [0x00000000c0000000, 0x00000000d9700000, 0x00000000eab00000)
  object space 416768K, 99% used [0x00000000c0000000,0x00000000d96ed0e0,0x00000000d9700000)
 Metaspace       used 65655K, committed 67200K, reserved 1114112K
  class space    used 6627K, committed 7360K, reserved 1048576K
}
Event: 36.503 GC heap after
{Heap after GC invocations=541 (full 3):
 PSYoungGen      total 1536K, used 288K [0x00000000eab00000, 0x00000000eae00000, 0x0000000100000000)
  eden space 1024K, 0% used [0x00000000eab00000,0x00000000eab00000,0x00000000eac00000)
  from space 512K, 56% used [0x00000000ead80000,0x00000000eadc8000,0x00000000eae00000)
  to   space 512K, 0% used [0x00000000ead00000,0x00000000ead00000,0x00000000ead80000)
 ParOldGen       total 417280K, used 416828K [0x00000000c0000000, 0x00000000d9780000, 0x00000000eab00000)
  object space 417280K, 99% used [0x00000000c0000000,0x00000000d970f0e0,0x00000000d9780000)
 Metaspace       used 65655K, committed 67200K, reserved 1114112K
  class space    used 6627K, committed 7360K, reserved 1048576K
}
Event: 36.513 GC heap before
{Heap before GC invocations=542 (full 3):
 PSYoungGen      total 1536K, used 1304K [0x00000000eab00000, 0x00000000eae00000, 0x0000000100000000)
  eden space 1024K, 99% used [0x00000000eab00000,0x00000000eabfe1d8,0x00000000eac00000)
  from space 512K, 56% used [0x00000000ead80000,0x00000000eadc8000,0x00000000eae00000)
  to   space 512K, 0% used [0x00000000ead00000,0x00000000ead00000,0x00000000ead80000)
 ParOldGen       total 417280K, used 416828K [0x00000000c0000000, 0x00000000d9780000, 0x00000000eab00000)
  object space 417280K, 99% used [0x00000000c0000000,0x00000000d970f0e0,0x00000000d9780000)
 Metaspace       used 65655K, committed 67200K, reserved 1114112K
  class space    used 6627K, committed 7360K, reserved 1048576K
}
Event: 36.514 GC heap after
{Heap after GC invocations=542 (full 3):
 PSYoungGen      total 1536K, used 288K [0x00000000eab00000, 0x00000000eae00000, 0x0000000100000000)
  eden space 1024K, 0% used [0x00000000eab00000,0x00000000eab00000,0x00000000eac00000)
  from space 512K, 56% used [0x00000000ead00000,0x00000000ead48000,0x00000000ead80000)
  to   space 512K, 0% used [0x00000000ead80000,0x00000000ead80000,0x00000000eae00000)
 ParOldGen       total 417280K, used 416988K [0x00000000c0000000, 0x00000000d9780000, 0x00000000eab00000)
  object space 417280K, 99% used [0x00000000c0000000,0x00000000d97370e0,0x00000000d9780000)
 Metaspace       used 65655K, committed 67200K, reserved 1114112K
  class space    used 6627K, committed 7360K, reserved 1048576K
}
Event: 36.526 GC heap before
{Heap before GC invocations=543 (full 3):
 PSYoungGen      total 1536K, used 1312K [0x00000000eab00000, 0x00000000eae00000, 0x0000000100000000)
  eden space 1024K, 100% used [0x00000000eab00000,0x00000000eac00000,0x00000000eac00000)
  from space 512K, 56% used [0x00000000ead00000,0x00000000ead48000,0x00000000ead80000)
  to   space 512K, 0% used [0x00000000ead80000,0x00000000ead80000,0x00000000eae00000)
 ParOldGen       total 417280K, used 416988K [0x00000000c0000000, 0x00000000d9780000, 0x00000000eab00000)
  object space 417280K, 99% used [0x00000000c0000000,0x00000000d97370e0,0x00000000d9780000)
 Metaspace       used 65655K, committed 67200K, reserved 1114112K
  class space    used 6627K, committed 7360K, reserved 1048576K
}
Event: 37.521 GC heap after
{Heap after GC invocations=543 (full 3):
 PSYoungGen      total 2048K, used 374K [0x00000000eab00000, 0x00000000eae00000, 0x0000000100000000)
  eden space 1536K, 0% used [0x00000000eab00000,0x00000000eab00000,0x00000000eac80000)
  from space 512K, 73% used [0x00000000ead80000,0x00000000eaddd808,0x00000000eae00000)
  to   space 512K, 0% used [0x00000000ead00000,0x00000000ead00000,0x00000000ead80000)
 ParOldGen       total 417280K, used 417116K [0x00000000c0000000, 0x00000000d9780000, 0x00000000eab00000)
  object space 417280K, 99% used [0x00000000c0000000,0x00000000d97570e0,0x00000000d9780000)
 Metaspace       used 65655K, committed 67200K, reserved 1114112K
  class space    used 6627K, committed 7360K, reserved 1048576K
}

Dll operation events (10 events):
Event: 0.025 Loaded shared library c:\Users\qiqi\.cursor\extensions\redhat.java-1.42.0-win32-x64\jre\21.0.7-win32-x86_64\bin\java.dll
Event: 0.062 Loaded shared library c:\Users\qiqi\.cursor\extensions\redhat.java-1.42.0-win32-x64\jre\21.0.7-win32-x86_64\bin\zip.dll
Event: 0.139 Loaded shared library C:\Users\qiqi\.cursor\extensions\redhat.java-1.42.0-win32-x64\jre\21.0.7-win32-x86_64\bin\instrument.dll
Event: 0.145 Loaded shared library C:\Users\qiqi\.cursor\extensions\redhat.java-1.42.0-win32-x64\jre\21.0.7-win32-x86_64\bin\net.dll
Event: 0.150 Loaded shared library C:\Users\qiqi\.cursor\extensions\redhat.java-1.42.0-win32-x64\jre\21.0.7-win32-x86_64\bin\nio.dll
Event: 0.154 Loaded shared library C:\Users\qiqi\.cursor\extensions\redhat.java-1.42.0-win32-x64\jre\21.0.7-win32-x86_64\bin\zip.dll
Event: 0.177 Loaded shared library C:\Users\qiqi\.cursor\extensions\redhat.java-1.42.0-win32-x64\jre\21.0.7-win32-x86_64\bin\jimage.dll
Event: 0.275 Loaded shared library c:\Users\qiqi\.cursor\extensions\redhat.java-1.42.0-win32-x64\jre\21.0.7-win32-x86_64\bin\verify.dll
Event: 1.823 Loaded shared library C:\Users\qiqi\AppData\Roaming\Cursor\User\globalStorage\redhat.java\1.42.0\config_win\org.eclipse.equinox.launcher\org.eclipse.equinox.launcher.win32.win32.x86_64_1.2.1300.v20250331-1702\eclipse_11911.dll
Event: 6.003 Loaded shared library C:\Users\qiqi\AppData\Local\Temp\jna-3470896\jna5068166460737653987.dll

Deoptimization events (20 events):
Event: 36.293 Thread 0x00000279132d01e0 Uncommon trap: trap_request=0xffffff45 fr.pc=0x00000278c1fab884 relative=0x0000000000001104
Event: 36.293 Thread 0x00000279132d01e0 Uncommon trap: reason=unstable_if action=reinterpret pc=0x00000278c1fab884 method=org.eclipse.jdt.internal.compiler.parser.Scanner.internalScanIdentifierOrKeyword(II[C)Lorg/eclipse/jdt/internal/compiler/parser/TerminalToken; @ 859 c2
Event: 36.293 Thread 0x00000279132d01e0 DEOPT PACKING pc=0x00000278c1fab884 sp=0x00000089294ff170
Event: 36.293 Thread 0x00000279132d01e0 DEOPT UNPACKING pc=0x00000278c1123aa2 sp=0x00000089294ff108 mode 2
Event: 36.310 Thread 0x00000279132d01e0 DEOPT PACKING pc=0x00000278ba714fdd sp=0x00000089294fed80
Event: 36.310 Thread 0x00000279132d01e0 DEOPT UNPACKING pc=0x00000278c1124242 sp=0x00000089294fe208 mode 0
Event: 36.324 Thread 0x00000279132d01e0 DEOPT PACKING pc=0x00000278ba714fdd sp=0x00000089294fed80
Event: 36.324 Thread 0x00000279132d01e0 DEOPT UNPACKING pc=0x00000278c1124242 sp=0x00000089294fe208 mode 0
Event: 36.331 Thread 0x00000279132d01e0 DEOPT PACKING pc=0x00000278ba714fdd sp=0x00000089294fecc0
Event: 36.331 Thread 0x00000279132d01e0 DEOPT UNPACKING pc=0x00000278c1124242 sp=0x00000089294fe148 mode 0
Event: 36.343 Thread 0x00000279132d01e0 Uncommon trap: trap_request=0xffffff6e fr.pc=0x00000278c2063614 relative=0x0000000000000734
Event: 36.343 Thread 0x00000279132d01e0 Uncommon trap: reason=loop_limit_check action=maybe_recompile pc=0x00000278c2063614 method=org.eclipse.jdt.internal.compiler.util.SimpleLookupTable.rehash()V @ 50 c2
Event: 36.343 Thread 0x00000279132d01e0 DEOPT PACKING pc=0x00000278c2063614 sp=0x00000089294ff040
Event: 36.343 Thread 0x00000279132d01e0 DEOPT UNPACKING pc=0x00000278c1123aa2 sp=0x00000089294fefe0 mode 2
Event: 36.403 Thread 0x00000279132d01e0 DEOPT PACKING pc=0x00000278bb860afe sp=0x00000089294fee50
Event: 36.403 Thread 0x00000279132d01e0 DEOPT UNPACKING pc=0x00000278c1124242 sp=0x00000089294fe330 mode 0
Event: 36.440 Thread 0x00000279132d01e0 Uncommon trap: trap_request=0xffffff45 fr.pc=0x00000278c1e56b1c relative=0x0000000000000b3c
Event: 36.440 Thread 0x00000279132d01e0 Uncommon trap: reason=unstable_if action=reinterpret pc=0x00000278c1e56b1c method=org.eclipse.jdt.internal.compiler.classfmt.ClassFileReader.getMemberTypes()[Lorg/eclipse/jdt/internal/compiler/env/IBinaryNestedType; @ 83 c2
Event: 36.440 Thread 0x00000279132d01e0 DEOPT PACKING pc=0x00000278c1e56b1c sp=0x00000089294feec0
Event: 36.440 Thread 0x00000279132d01e0 DEOPT UNPACKING pc=0x00000278c1123aa2 sp=0x00000089294feeb0 mode 2

Classes loaded (20 events):
Event: 31.631 Loading class sun/util/resources/cldr/TimeZoneNames_en
Event: 31.634 Loading class sun/util/resources/cldr/TimeZoneNames_en done
Event: 31.634 Loading class sun/util/resources/cldr/TimeZoneNames_en_US
Event: 31.634 Loading class sun/util/resources/cldr/TimeZoneNames_en_US done
Event: 31.635 Loading class sun/util/cldr/CLDRBaseLocaleDataMetaInfo$TZCanonicalIDMapHolder
Event: 31.637 Loading class sun/util/cldr/CLDRBaseLocaleDataMetaInfo$TZCanonicalIDMapHolder done
Event: 31.638 Loading class sun/util/resources/TimeZoneNames
Event: 31.640 Loading class sun/util/resources/TimeZoneNames done
Event: 31.640 Loading class sun/util/resources/TimeZoneNames_en
Event: 31.640 Loading class sun/util/resources/TimeZoneNames_en done
Event: 32.584 Loading class java/util/Collections$SynchronizedRandomAccessList
Event: 32.584 Loading class java/util/Collections$SynchronizedList
Event: 32.584 Loading class java/util/Collections$SynchronizedList done
Event: 32.584 Loading class java/util/Collections$SynchronizedRandomAccessList done
Event: 32.625 Loading class java/util/concurrent/CompletableFuture$Signaller
Event: 32.626 Loading class java/util/concurrent/CompletableFuture$Signaller done
Event: 32.648 Loading class java/util/Hashtable$KeySet
Event: 32.649 Loading class java/util/Hashtable$KeySet done
Event: 33.024 Loading class java/lang/invoke/MethodHandleImpl$CountingWrapper$1
Event: 33.024 Loading class java/lang/invoke/MethodHandleImpl$CountingWrapper$1 done

Classes unloaded (7 events):
Event: 9.723 Thread 0x00000278b66a4be0 Unloading class 0x00000278cd1a3800 'java/lang/invoke/LambdaForm$MH+0x00000278cd1a3800'
Event: 9.723 Thread 0x00000278b66a4be0 Unloading class 0x00000278cd1a3400 'java/lang/invoke/LambdaForm$MH+0x00000278cd1a3400'
Event: 9.723 Thread 0x00000278b66a4be0 Unloading class 0x00000278cd1a3000 'java/lang/invoke/LambdaForm$MH+0x00000278cd1a3000'
Event: 9.723 Thread 0x00000278b66a4be0 Unloading class 0x00000278cd1a2c00 'java/lang/invoke/LambdaForm$MH+0x00000278cd1a2c00'
Event: 9.723 Thread 0x00000278b66a4be0 Unloading class 0x00000278cd1a2800 'java/lang/invoke/LambdaForm$BMH+0x00000278cd1a2800'
Event: 9.723 Thread 0x00000278b66a4be0 Unloading class 0x00000278cd1a2400 'java/lang/invoke/LambdaForm$DMH+0x00000278cd1a2400'
Event: 9.723 Thread 0x00000278b66a4be0 Unloading class 0x00000278cd1a1400 'java/lang/invoke/LambdaForm$DMH+0x00000278cd1a1400'

Classes redefined (0 events):
No events

Internal exceptions (20 events):
Event: 33.323 Thread 0x00000279132d0870 Exception <a 'sun/nio/fs/WindowsException'{0x00000000eabf85f0}> (0x00000000eabf85f0) 
thrown [s\src\hotspot\share\prims\jni.cpp, line 520]
Event: 33.331 Thread 0x00000279132d0870 Exception <a 'sun/nio/fs/WindowsException'{0x00000000eab43068}> (0x00000000eab43068) 
thrown [s\src\hotspot\share\prims\jni.cpp, line 520]
Event: 33.331 Thread 0x00000279132d0870 Exception <a 'sun/nio/fs/WindowsException'{0x00000000eab603a8}> (0x00000000eab603a8) 
thrown [s\src\hotspot\share\prims\jni.cpp, line 520]
Event: 33.746 Thread 0x00000279132d0870 Exception <a 'sun/nio/fs/WindowsException'{0x00000000eab3b7a0}> (0x00000000eab3b7a0) 
thrown [s\src\hotspot\share\prims\jni.cpp, line 520]
Event: 33.746 Thread 0x00000279132d0870 Exception <a 'sun/nio/fs/WindowsException'{0x00000000eab3bdf0}> (0x00000000eab3bdf0) 
thrown [s\src\hotspot\share\prims\jni.cpp, line 520]
Event: 33.747 Thread 0x00000279132d0870 Exception <a 'sun/nio/fs/WindowsException'{0x00000000eab4a008}> (0x00000000eab4a008) 
thrown [s\src\hotspot\share\prims\jni.cpp, line 520]
Event: 33.747 Thread 0x00000279132d0870 Exception <a 'sun/nio/fs/WindowsException'{0x00000000eab69a90}> (0x00000000eab69a90) 
thrown [s\src\hotspot\share\prims\jni.cpp, line 520]
Event: 33.747 Thread 0x00000279132d0870 Exception <a 'sun/nio/fs/WindowsException'{0x00000000eab73e58}> (0x00000000eab73e58) 
thrown [s\src\hotspot\share\prims\jni.cpp, line 520]
Event: 33.747 Thread 0x00000279132d0870 Exception <a 'sun/nio/fs/WindowsException'{0x00000000eab744a8}> (0x00000000eab744a8) 
thrown [s\src\hotspot\share\prims\jni.cpp, line 520]
Event: 33.751 Thread 0x00000279132d0870 Exception <a 'sun/nio/fs/WindowsException'{0x00000000eac653b8}> (0x00000000eac653b8) 
thrown [s\src\hotspot\share\prims\jni.cpp, line 520]
Event: 33.751 Thread 0x00000279132d0870 Exception <a 'sun/nio/fs/WindowsException'{0x00000000eac65f28}> (0x00000000eac65f28) 
thrown [s\src\hotspot\share\prims\jni.cpp, line 520]
Event: 34.247 Thread 0x00000279132d0870 Implicit null exception at 0x00000278c1c0bda2 to 0x00000278c1c0d7b0
Event: 34.351 Thread 0x00000279132d0870 Exception <a 'java/lang/NoSuchMethodError'{0x00000000eacaae88}: 'java.lang.Object java.lang.invoke.DirectMethodHandle$Holder.invokeStatic(java.lang.Object, java.lang.Object, int, java.lang.Object)'> (0x00000000eacaae88) 
thrown [s\src\hotspot\share\interpreter\linkResolver.cpp, line 773]
Event: 34.365 Thread 0x00000279132d0870 Implicit null exception at 0x00000278c1bde60d to 0x00000278c1bde95c
Event: 36.223 Thread 0x00000279132d01e0 Exception <a 'sun/nio/fs/WindowsException'{0x00000000eabb8a38}> (0x00000000eabb8a38) 
thrown [s\src\hotspot\share\prims\jni.cpp, line 520]
Event: 36.247 Thread 0x00000279132d01e0 Exception <a 'sun/nio/fs/WindowsException'{0x00000000eabe3470}> (0x00000000eabe3470) 
thrown [s\src\hotspot\share\prims\jni.cpp, line 520]
Event: 36.263 Thread 0x00000279132d01e0 Exception <a 'sun/nio/fs/WindowsException'{0x00000000eabf9de8}> (0x00000000eabf9de8) 
thrown [s\src\hotspot\share\prims\jni.cpp, line 520]
Event: 36.280 Thread 0x00000279132d01e0 Exception <a 'sun/nio/fs/WindowsException'{0x00000000eab14738}> (0x00000000eab14738) 
thrown [s\src\hotspot\share\prims\jni.cpp, line 520]
Event: 36.290 Thread 0x00000279132d01e0 Implicit null exception at 0x00000278c1742ca8 to 0x00000278c174349c
Event: 36.413 Thread 0x00000279132d01e0 Exception <a 'sun/nio/fs/WindowsException'{0x00000000eabe4d28}> (0x00000000eabe4d28) 
thrown [s\src\hotspot\share\prims\jni.cpp, line 520]

ZGC Phase Switch (0 events):
No events

VM Operations (20 events):
Event: 36.438 Executing VM operation: ParallelGCFailedAllocation (Allocation Failure)
Event: 36.440 Executing VM operation: ParallelGCFailedAllocation (Allocation Failure) done
Event: 36.446 Executing VM operation: ParallelGCFailedAllocation (Allocation Failure)
Event: 36.448 Executing VM operation: ParallelGCFailedAllocation (Allocation Failure) done
Event: 36.453 Executing VM operation: ParallelGCFailedAllocation (Allocation Failure)
Event: 36.455 Executing VM operation: ParallelGCFailedAllocation (Allocation Failure) done
Event: 36.462 Executing VM operation: ParallelGCFailedAllocation (Allocation Failure)
Event: 36.463 Executing VM operation: ParallelGCFailedAllocation (Allocation Failure) done
Event: 36.472 Executing VM operation: ParallelGCFailedAllocation (Allocation Failure)
Event: 36.473 Executing VM operation: ParallelGCFailedAllocation (Allocation Failure) done
Event: 36.481 Executing VM operation: ParallelGCFailedAllocation (Allocation Failure)
Event: 36.482 Executing VM operation: ParallelGCFailedAllocation (Allocation Failure) done
Event: 36.489 Executing VM operation: ParallelGCFailedAllocation (Allocation Failure)
Event: 36.491 Executing VM operation: ParallelGCFailedAllocation (Allocation Failure) done
Event: 36.502 Executing VM operation: ParallelGCFailedAllocation (Allocation Failure)
Event: 36.503 Executing VM operation: ParallelGCFailedAllocation (Allocation Failure) done
Event: 36.513 Executing VM operation: ParallelGCFailedAllocation (Allocation Failure)
Event: 36.514 Executing VM operation: ParallelGCFailedAllocation (Allocation Failure) done
Event: 36.526 Executing VM operation: ParallelGCFailedAllocation (Allocation Failure)
Event: 37.521 Executing VM operation: ParallelGCFailedAllocation (Allocation Failure) done

Memory protections (0 events):
No events

Nmethod flushes (20 events):
Event: 25.965 Thread 0x00000278b66a4be0 flushing  nmethod 0x00000278ba612590
Event: 25.965 Thread 0x00000278b66a4be0 flushing  nmethod 0x00000278ba613110
Event: 25.965 Thread 0x00000278b66a4be0 flushing  nmethod 0x00000278ba614010
Event: 25.965 Thread 0x00000278b66a4be0 flushing  nmethod 0x00000278ba614410
Event: 25.965 Thread 0x00000278b66a4be0 flushing  nmethod 0x00000278ba61a290
Event: 25.965 Thread 0x00000278b66a4be0 flushing  nmethod 0x00000278ba61ae10
Event: 25.965 Thread 0x00000278b66a4be0 flushing  nmethod 0x00000278ba61b190
Event: 25.965 Thread 0x00000278b66a4be0 flushing  nmethod 0x00000278ba629810
Event: 25.965 Thread 0x00000278b66a4be0 flushing  nmethod 0x00000278ba629b90
Event: 25.965 Thread 0x00000278b66a4be0 flushing  nmethod 0x00000278ba62a390
Event: 25.965 Thread 0x00000278b66a4be0 flushing  nmethod 0x00000278ba62a790
Event: 25.965 Thread 0x00000278b66a4be0 flushing  nmethod 0x00000278ba62ab10
Event: 25.965 Thread 0x00000278b66a4be0 flushing  nmethod 0x00000278ba62b090
Event: 25.965 Thread 0x00000278b66a4be0 flushing  nmethod 0x00000278ba62b490
Event: 25.965 Thread 0x00000278b66a4be0 flushing  nmethod 0x00000278ba62ba10
Event: 25.965 Thread 0x00000278b66a4be0 flushing  nmethod 0x00000278ba62c510
Event: 25.965 Thread 0x00000278b66a4be0 flushing  nmethod 0x00000278ba62eb90
Event: 25.965 Thread 0x00000278b66a4be0 flushing  nmethod 0x00000278ba62f190
Event: 25.965 Thread 0x00000278b66a4be0 flushing  nmethod 0x00000278ba638890
Event: 25.965 Thread 0x00000278b66a4be0 flushing osr nmethod 0x00000278ba659190

Events (20 events):
Event: 29.626 Thread 0x00000279132d0f00 Thread added: 0x0000027915194ae0
Event: 29.626 Thread 0x00000279132d0f00 Thread added: 0x0000027915195170
Event: 29.677 Thread 0x0000027915194ae0 Thread exited: 0x0000027915194ae0
Event: 29.677 Thread 0x0000027915196bb0 Thread exited: 0x0000027915196bb0
Event: 29.677 Thread 0x0000027915193dc0 Thread exited: 0x0000027915193dc0
Event: 29.677 Thread 0x0000027915195e90 Thread exited: 0x0000027915195e90
Event: 29.677 Thread 0x0000027915195170 Thread exited: 0x0000027915195170
Event: 29.970 Thread 0x0000027916f40e10 Thread exited: 0x0000027916f40e10
Event: 30.008 Thread 0x0000027917f1e7d0 Thread exited: 0x0000027917f1e7d0
Event: 30.253 Thread 0x000002790d7e7990 Thread added: 0x0000027917f1e7d0
Event: 30.843 Thread 0x0000027917f1e7d0 Thread exited: 0x0000027917f1e7d0
Event: 31.558 Thread 0x000002790d7e7990 Thread added: 0x0000027921666c70
Event: 31.876 Thread 0x0000027921666c70 Thread exited: 0x0000027921666c70
Event: 32.710 Thread 0x00000279132d0870 Thread added: 0x0000027915195170
Event: 34.224 Thread 0x000002790d7e7990 Thread added: 0x00000279181793c0
Event: 34.264 Thread 0x00000279181793c0 Thread added: 0x0000027916f7a8a0
Event: 34.837 Thread 0x0000027916f7a8a0 Thread exited: 0x0000027916f7a8a0
Event: 35.540 Thread 0x00000279181793c0 Thread exited: 0x00000279181793c0
Event: 36.293 Thread 0x000002790d7c6ef0 Thread added: 0x0000027916f7a8a0
Event: 36.293 Thread 0x000002790d7c6ef0 Thread added: 0x00000279181793c0


Dynamic libraries:
0x00007ff7cc2d0000 - 0x00007ff7cc2de000 	c:\Users\qiqi\.cursor\extensions\redhat.java-1.42.0-win32-x64\jre\21.0.7-win32-x86_64\bin\java.exe
0x00007ffbaf1a0000 - 0x00007ffbaf405000 	C:\WINDOWS\SYSTEM32\ntdll.dll
0x00007ffbae540000 - 0x00007ffbae609000 	C:\WINDOWS\System32\KERNEL32.DLL
0x00007ffbac500000 - 0x00007ffbac8e8000 	C:\WINDOWS\System32\KERNELBASE.dll
0x00007ffbac320000 - 0x00007ffbac46b000 	C:\WINDOWS\System32\ucrtbase.dll
0x00007ffb4a7c0000 - 0x00007ffb4a7d8000 	c:\Users\qiqi\.cursor\extensions\redhat.java-1.42.0-win32-x64\jre\21.0.7-win32-x86_64\bin\jli.dll
0x00007ffbaeaa0000 - 0x00007ffbaec6a000 	C:\WINDOWS\System32\USER32.dll
0x00007ffbac2f0000 - 0x00007ffbac317000 	C:\WINDOWS\System32\win32u.dll
0x00007ffbacf40000 - 0x00007ffbacf6b000 	C:\WINDOWS\System32\GDI32.dll
0x00007ffbaca70000 - 0x00007ffbacba7000 	C:\WINDOWS\System32\gdi32full.dll
0x00007ffbacdf0000 - 0x00007ffbace93000 	C:\WINDOWS\System32\msvcp_win.dll
0x00007ffb4a7e0000 - 0x00007ffb4a7fe000 	c:\Users\qiqi\.cursor\extensions\redhat.java-1.42.0-win32-x64\jre\21.0.7-win32-x86_64\bin\VCRUNTIME140.dll
0x00007ffb9d680000 - 0x00007ffb9d91a000 	C:\WINDOWS\WinSxS\amd64_microsoft.windows.common-controls_6595b64144ccf1df_6.0.26100.4202_none_3e0698d4e335f517\COMCTL32.dll
0x00007ffbad1e0000 - 0x00007ffbad289000 	C:\WINDOWS\System32\msvcrt.dll
0x00007ffbacff0000 - 0x00007ffbad020000 	C:\WINDOWS\System32\IMM32.DLL
0x000000006d920000 - 0x000000006d92d000 	C:\Program Files (x86)\360\360Safe\safemon\SafeWrapper.dll
0x00007ffbadb30000 - 0x00007ffbadbe3000 	C:\WINDOWS\System32\ADVAPI32.dll
0x00007ffbad030000 - 0x00007ffbad0d6000 	C:\WINDOWS\System32\sechost.dll
0x00007ffbaedd0000 - 0x00007ffbaeee5000 	C:\WINDOWS\System32\RPCRT4.dll
0x00007ffba0130000 - 0x00007ffba0235000 	C:\Program Files (x86)\360\360Safe\safemon\libzdtp64.dll
0x00007ffbadd70000 - 0x00007ffbae4b2000 	C:\WINDOWS\System32\SHELL32.dll
0x00007ffbac8f0000 - 0x00007ffbaca64000 	C:\WINDOWS\System32\wintypes.dll
0x00007ffbad7a0000 - 0x00007ffbadb25000 	C:\WINDOWS\System32\combase.dll
0x00007ffbae4c0000 - 0x00007ffbae52a000 	C:\WINDOWS\System32\SHLWAPI.dll
0x00007ffbabb80000 - 0x00007ffbabb8b000 	C:\WINDOWS\SYSTEM32\VERSION.dll
0x00007ffb84600000 - 0x00007ffb8460c000 	c:\Users\qiqi\.cursor\extensions\redhat.java-1.42.0-win32-x64\jre\21.0.7-win32-x86_64\bin\vcruntime140_1.dll
0x00007ffb4a730000 - 0x00007ffb4a7bd000 	c:\Users\qiqi\.cursor\extensions\redhat.java-1.42.0-win32-x64\jre\21.0.7-win32-x86_64\bin\msvcp140.dll
0x00007ffb499a0000 - 0x00007ffb4a730000 	c:\Users\qiqi\.cursor\extensions\redhat.java-1.42.0-win32-x64\jre\21.0.7-win32-x86_64\bin\server\jvm.dll
0x00007ffbad160000 - 0x00007ffbad1d4000 	C:\WINDOWS\System32\WS2_32.dll
0x00007ffbac140000 - 0x00007ffbac19e000 	C:\WINDOWS\SYSTEM32\POWRPROF.dll
0x00007ffb9e5d0000 - 0x00007ffb9e605000 	C:\WINDOWS\SYSTEM32\WINMM.dll
0x00007ffbac120000 - 0x00007ffbac134000 	C:\WINDOWS\SYSTEM32\UMPDC.dll
0x00007ffbaaff0000 - 0x00007ffbab00b000 	C:\WINDOWS\SYSTEM32\kernel.appcore.dll
0x00007ffb83e20000 - 0x00007ffb83e2a000 	c:\Users\qiqi\.cursor\extensions\redhat.java-1.42.0-win32-x64\jre\21.0.7-win32-x86_64\bin\jimage.dll
0x00007ffba2890000 - 0x00007ffba2ad1000 	C:\WINDOWS\SYSTEM32\DBGHELP.DLL
0x00007ffbaec70000 - 0x00007ffbaed51000 	C:\WINDOWS\System32\OLEAUT32.dll
0x00007ffb91760000 - 0x00007ffb91799000 	C:\WINDOWS\SYSTEM32\dbgcore.DLL
0x00007ffbacea0000 - 0x00007ffbacf39000 	C:\WINDOWS\System32\bcryptPrimitives.dll
0x00007ffb80730000 - 0x00007ffb8073f000 	c:\Users\qiqi\.cursor\extensions\redhat.java-1.42.0-win32-x64\jre\21.0.7-win32-x86_64\bin\instrument.dll
0x00007ffb49940000 - 0x00007ffb4995f000 	c:\Users\qiqi\.cursor\extensions\redhat.java-1.42.0-win32-x64\jre\21.0.7-win32-x86_64\bin\java.dll
0x00007ffba9ef0000 - 0x00007ffbaa748000 	C:\WINDOWS\SYSTEM32\windows.storage.dll
0x00007ffbaf060000 - 0x00007ffbaf151000 	C:\WINDOWS\System32\SHCORE.dll
0x00007ffbac200000 - 0x00007ffbac22f000 	C:\WINDOWS\SYSTEM32\profapi.dll
0x00007ffb4bee0000 - 0x00007ffb4bef8000 	c:\Users\qiqi\.cursor\extensions\redhat.java-1.42.0-win32-x64\jre\21.0.7-win32-x86_64\bin\zip.dll
0x00007ffb7ffa0000 - 0x00007ffb7ffb0000 	C:\Users\qiqi\.cursor\extensions\redhat.java-1.42.0-win32-x64\jre\21.0.7-win32-x86_64\bin\net.dll
0x00007ffba5fb0000 - 0x00007ffba60ce000 	C:\WINDOWS\SYSTEM32\WINHTTP.dll
0x00007ffbab560000 - 0x00007ffbab5ca000 	C:\WINDOWS\system32\mswsock.dll
0x00007ffb49980000 - 0x00007ffb49996000 	C:\Users\qiqi\.cursor\extensions\redhat.java-1.42.0-win32-x64\jre\21.0.7-win32-x86_64\bin\nio.dll
0x00007ffb775c0000 - 0x00007ffb775d0000 	c:\Users\qiqi\.cursor\extensions\redhat.java-1.42.0-win32-x64\jre\21.0.7-win32-x86_64\bin\verify.dll
0x00007ffb49460000 - 0x00007ffb494a5000 	C:\Users\qiqi\AppData\Roaming\Cursor\User\globalStorage\redhat.java\1.42.0\config_win\org.eclipse.equinox.launcher\org.eclipse.equinox.launcher.win32.win32.x86_64_1.2.1300.v20250331-1702\eclipse_11911.dll
0x00007ffbad5e0000 - 0x00007ffbad77e000 	C:\WINDOWS\System32\ole32.dll
0x00007ffbab820000 - 0x00007ffbab83b000 	C:\WINDOWS\SYSTEM32\CRYPTSP.dll
0x00007ffbaaf50000 - 0x00007ffbaaf8a000 	C:\WINDOWS\system32\rsaenh.dll
0x00007ffbab600000 - 0x00007ffbab62b000 	C:\WINDOWS\SYSTEM32\USERENV.dll
0x00007ffbac1d0000 - 0x00007ffbac1f6000 	C:\WINDOWS\SYSTEM32\bcrypt.dll
0x00007ffbab810000 - 0x00007ffbab81c000 	C:\WINDOWS\SYSTEM32\CRYPTBASE.dll
0x00007ffbabb90000 - 0x00007ffbabbc3000 	C:\WINDOWS\SYSTEM32\IPHLPAPI.DLL
0x00007ffbad790000 - 0x00007ffbad79a000 	C:\WINDOWS\System32\NSI.dll
0x00007ffb493c0000 - 0x00007ffb49409000 	C:\Users\qiqi\AppData\Local\Temp\jna-3470896\jna5068166460737653987.dll
0x00007ffbad150000 - 0x00007ffbad158000 	C:\WINDOWS\System32\PSAPI.DLL
0x00007ffba67d0000 - 0x00007ffba67ef000 	C:\WINDOWS\SYSTEM32\dhcpcsvc6.DLL
0x00007ffba6390000 - 0x00007ffba63b5000 	C:\WINDOWS\SYSTEM32\dhcpcsvc.DLL
0x00007ffbab110000 - 0x00007ffbab146000 	C:\WINDOWS\SYSTEM32\ntmarta.dll

dbghelp: loaded successfully - version: 4.0.5 - missing functions: none
symbol engine: initialized successfully - sym options: 0x614 - pdb path: .;c:\Users\qiqi\.cursor\extensions\redhat.java-1.42.0-win32-x64\jre\21.0.7-win32-x86_64\bin;C:\WINDOWS\SYSTEM32;C:\WINDOWS\WinSxS\amd64_microsoft.windows.common-controls_6595b64144ccf1df_6.0.26100.4202_none_3e0698d4e335f517;C:\Program Files (x86)\360\360Safe\safemon;c:\Users\qiqi\.cursor\extensions\redhat.java-1.42.0-win32-x64\jre\21.0.7-win32-x86_64\bin\server;C:\Users\qiqi\AppData\Roaming\Cursor\User\globalStorage\redhat.java\1.42.0\config_win\org.eclipse.equinox.launcher\org.eclipse.equinox.launcher.win32.win32.x86_64_1.2.1300.v20250331-1702;C:\Users\qiqi\AppData\Local\Temp\jna-3470896

VM Arguments:
jvm_args: --add-modules=ALL-SYSTEM --add-opens=java.base/java.util=ALL-UNNAMED --add-opens=java.base/java.lang=ALL-UNNAMED --add-opens=java.base/sun.nio.fs=ALL-UNNAMED -Declipse.application=org.eclipse.jdt.ls.core.id1 -Dosgi.bundles.defaultStartLevel=4 -Declipse.product=org.eclipse.jdt.ls.core.product -Djava.import.generatesMetadataFilesAtProjectRoot=false -DDetectVMInstallationsJob.disabled=true -Dfile.encoding=utf8 -XX:+UseParallelGC -XX:GCTimeRatio=4 -XX:AdaptiveSizePolicyWeight=90 -Dsun.zip.disableMemoryMapping=true -Xmx1G -Xms100m -Xlog:disable -javaagent:c:\Users\qiqi\.cursor\extensions\redhat.java-1.42.0-win32-x64\lombok\lombok-1.18.36.jar -XX:+HeapDumpOnOutOfMemoryError -XX:HeapDumpPath=c:\Users\qiqi\AppData\Roaming\Cursor\User\workspaceStorage\4669f277ec0b1c85ae80434b4662838d\redhat.java -Daether.dependencyCollector.impl=bf 
java_command: c:\Users\qiqi\.cursor\extensions\redhat.java-1.42.0-win32-x64\server\plugins\org.eclipse.equinox.launcher_1.7.0.v20250424-1814.jar -configuration c:\Users\qiqi\AppData\Roaming\Cursor\User\globalStorage\redhat.java\1.42.0\config_win -data c:\Users\qiqi\AppData\Roaming\Cursor\User\workspaceStorage\4669f277ec0b1c85ae80434b4662838d\redhat.java\jdt_ws --pipe=\\.\pipe\lsp-6b4ee55ca285ce353dbc7393e1203acf-sock
java_class_path (initial): c:\Users\qiqi\.cursor\extensions\redhat.java-1.42.0-win32-x64\server\plugins\org.eclipse.equinox.launcher_1.7.0.v20250424-1814.jar
Launcher Type: SUN_STANDARD

[Global flags]
    uintx AdaptiveSizePolicyWeight                 = 90                                        {product} {command line}
     intx CICompilerCount                          = 4                                         {product} {ergonomic}
    uintx GCTimeRatio                              = 4                                         {product} {command line}
     bool HeapDumpOnOutOfMemoryError               = true                                   {manageable} {command line}
    ccstr HeapDumpPath                             = c:\Users\qiqi\AppData\Roaming\Cursor\User\workspaceStorage\4669f277ec0b1c85ae80434b4662838d\redhat.java         {manageable} {command line}
   size_t InitialHeapSize                          = 104857600                                 {product} {command line}
   size_t MaxHeapSize                              = 1073741824                                {product} {command line}
   size_t MaxNewSize                               = 357564416                                 {product} {ergonomic}
   size_t MinHeapDeltaBytes                        = 524288                                    {product} {ergonomic}
   size_t MinHeapSize                              = 104857600                                 {product} {command line}
   size_t NewSize                                  = 34603008                                  {product} {ergonomic}
    uintx NonNMethodCodeHeapSize                   = 5839372                                {pd product} {ergonomic}
    uintx NonProfiledCodeHeapSize                  = 122909434                              {pd product} {ergonomic}
   size_t OldSize                                  = 70254592                                  {product} {ergonomic}
    uintx ProfiledCodeHeapSize                     = 122909434                              {pd product} {ergonomic}
    uintx ReservedCodeCacheSize                    = 251658240                              {pd product} {ergonomic}
     bool SegmentedCodeCache                       = true                                      {product} {ergonomic}
   size_t SoftMaxHeapSize                          = 1073741824                             {manageable} {ergonomic}
     bool UseCompressedOops                        = true                           {product lp64_product} {ergonomic}
     bool UseLargePagesIndividualAllocation        = false                                  {pd product} {ergonomic}
     bool UseParallelGC                            = true                                      {product} {command line}

Logging:
Log output configuration:
 #0: stdout all=off uptime,level,tags foldmultilines=false
 #1: stderr all=off uptime,level,tags foldmultilines=false

Environment Variables:
JAVA_HOME=D:\devenvironment\jdk\jdk-17.0.14
PATH=D:\devtools\VM\bin\;C:\WINDOWS\system32;C:\WINDOWS;C:\WINDOWS\System32\Wbem;C:\WINDOWS\System32\WindowsPowerShell\v1.0\;C:\WINDOWS\System32\OpenSSH\;D:\devenvironment\jdk\jdk-17.0.14\bin;D:\devenvironment\jdk\jdk-17.0.14\jre\bin;D:\devenvironment\nvm\nvm;D:\devenvironment\nvm\nodejs;D:\devenvironment\maven\apache-maven-3.9.9\bin;D:\softwareData\Git\cmd;D:\devenvironment\Anaconda\anaconda3;D:\devenvironment\Anaconda\anaconda3\Scripts;D:\devenvironment\Anaconda\anaconda3\condabin;D:\devenvironment\MongoDB\bin;D:\devenvironment\Erlang OTP\bin;D:\devtools\android-sdk-windows\tools;D:\devtools\android-sdk-windows\tools\bin;D:\devtools\android-sdk-windows\platform-tools;;d:\softwareData\cursor\resources\app\bin;d:\softwareData\cursor\resources\app\bin;D:\devenvironment\python\Scripts\;D:\devenvironment\python\;C:\Users\qiqi\AppData\Local\Microsoft\WindowsApps;D:\devtools\idea\IntelliJ IDEA 2024.3.5\bin;;D:\devenvironment\nvm\nvm;D:\devenvironment\nvm\nodejs;D:\softwareData\bindzip\;D:\softwareData\cursor\resources\app\bin
USERNAME=qiqi
OS=Windows_NT
PROCESSOR_IDENTIFIER=AMD64 Family 25 Model 80 Stepping 0, AuthenticAMD
TMP=C:\Users\qiqi\AppData\Local\Temp
TEMP=C:\Users\qiqi\AppData\Local\Temp




Periodic native trim disabled

---------------  S Y S T E M  ---------------

OS:
 Windows 11 , 64 bit Build 26100 (10.0.26100.4202)
OS uptime: 0 days 0:16 hours

CPU: total 12 (initial active 12) (12 cores per cpu, 2 threads per core) family 25 model 80 stepping 0 microcode 0xa50000c, cx8, cmov, fxsr, ht, mmx, 3dnowpref, sse, sse2, sse3, ssse3, sse4a, sse4.1, sse4.2, popcnt, lzcnt, tsc, tscinvbit, avx, avx2, aes, erms, clmul, bmi1, bmi2, adx, sha, fma, vzeroupper, clflush, clflushopt, rdtscp, rdpid, fsrm, f16c, pku, cet_ss
Processor Information for the first 12 processors :
  Max Mhz: 3301, Current Mhz: 3301, Mhz Limit: 3301

Memory: 4k page, system-wide physical 15775M (959M free)
TotalPageFile size 15775M (AvailPageFile size 3M)
current process WorkingSet (physical memory assigned to process): 781M, peak: 781M
current process commit charge ("private bytes"): 710M, peak: 711M

vm_info: OpenJDK 64-Bit Server VM (21.0.7+6-LTS) for windows-amd64 JRE (21.0.7+6-LTS), built on 2025-04-15T00:00:00Z by "admin" with MS VC++ 17.7 (VS2022)

END.
