2025-05-29 16:15:38.866 [restartedMain] INFO  com.project.travel.TravelApplication - Starting TravelApplication using Java 17.0.6 on lu2061143969 with PID 10268 (D:\AppDevelopment\Day\day9\t\travel-server\target\classes started by xiaolu in D:\AppDevelopment\Day\day9\t\travel-server)
2025-05-29 16:15:38.875 [restartedMain] INFO  com.project.travel.TravelApplication - The following profiles are active: dev
2025-05-29 16:15:38.935 [restartedMain] INFO  o.s.b.d.env.DevToolsPropertyDefaultsPostProcessor - Devtools property defaults active! Set 'spring.devtools.add-properties' to 'false' to disable
2025-05-29 16:15:38.935 [restartedMain] INFO  o.s.b.d.env.DevToolsPropertyDefaultsPostProcessor - For additional web related logging consider setting the 'logging.level.web' property to 'DEBUG'
2025-05-29 16:15:39.867 [restartedMain] INFO  o.s.d.r.config.RepositoryConfigurationDelegate - Multiple Spring Data modules found, entering strict repository configuration mode!
2025-05-29 16:15:39.870 [restartedMain] INFO  o.s.d.r.config.RepositoryConfigurationDelegate - Bootstrapping Spring Data Redis repositories in DEFAULT mode.
2025-05-29 16:15:39.941 [restartedMain] INFO  o.s.d.r.config.RepositoryConfigurationDelegate - Finished Spring Data repository scanning in 54 ms. Found 0 Redis repository interfaces.
2025-05-29 16:15:40.766 [restartedMain] INFO  o.s.boot.web.embedded.tomcat.TomcatWebServer - Tomcat initialized with port(s): 8080 (http)
2025-05-29 16:15:40.781 [restartedMain] INFO  org.apache.coyote.http11.Http11NioProtocol - Initializing ProtocolHandler ["http-nio-8080"]
2025-05-29 16:15:40.784 [restartedMain] INFO  org.apache.catalina.core.StandardService - Starting service [Tomcat]
2025-05-29 16:15:40.785 [restartedMain] INFO  org.apache.catalina.core.StandardEngine - Starting Servlet engine: [Apache Tomcat/9.0.41]
2025-05-29 16:15:40.914 [restartedMain] INFO  o.a.c.core.ContainerBase.[Tomcat].[localhost].[/] - Initializing Spring embedded WebApplicationContext
2025-05-29 16:15:40.914 [restartedMain] INFO  o.s.b.w.s.c.ServletWebServerApplicationContext - Root WebApplicationContext: initialization completed in 1978 ms
2025-05-29 16:15:41.404 [restartedMain] INFO  c.a.d.s.b.a.DruidDataSourceAutoConfigure - Init DruidDataSource
2025-05-29 16:15:42.294 [restartedMain] INFO  com.alibaba.druid.pool.DruidDataSource - {dataSource-1} inited
2025-05-29 16:15:43.342 [restartedMain] INFO  o.s.scheduling.concurrent.ThreadPoolTaskExecutor - Initializing ExecutorService 'applicationTaskExecutor'
2025-05-29 16:15:43.706 [restartedMain] INFO  o.s.b.d.autoconfigure.OptionalLiveReloadServer - LiveReload server is running on port 35729
2025-05-29 16:15:43.747 [restartedMain] INFO  org.apache.coyote.http11.Http11NioProtocol - Starting ProtocolHandler ["http-nio-8080"]
2025-05-29 16:15:43.786 [restartedMain] INFO  o.s.boot.web.embedded.tomcat.TomcatWebServer - Tomcat started on port(s): 8080 (http) with context path ''
2025-05-29 16:15:43.796 [restartedMain] INFO  com.project.travel.TravelApplication - Started TravelApplication in 5.566 seconds (JVM running for 6.772)
2025-05-29 16:17:13.655 [http-nio-8080-exec-1] INFO  o.a.c.core.ContainerBase.[Tomcat].[localhost].[/] - Initializing Spring DispatcherServlet 'dispatcherServlet'
2025-05-29 16:17:13.655 [http-nio-8080-exec-1] INFO  org.springframework.web.servlet.DispatcherServlet - Initializing Servlet 'dispatcherServlet'
2025-05-29 16:17:13.655 [http-nio-8080-exec-1] INFO  org.springframework.web.servlet.DispatcherServlet - Completed initialization in 0 ms
2025-05-29 16:53:16.388 [http-nio-8080-exec-28] INFO  com.project.travel.handle.insertFill - 公共字段自动填充[insert]...
2025-05-29 23:32:05.886 [http-nio-8080-exec-32] INFO  com.project.travel.handle.insertFill - 公共字段自动填充[insert]...
